 Efors v0.0.1

2025-12-23 00:16:23 [debug]: Initializing Middlewares...
2025-12-23 00:16:53 [debug]: Initializing MySQL pool...
2025-12-23 00:16:53 [debug]: MySQL pool is Initialized!
2025-12-23 00:16:54 [debug]: MySQL pool is connected! ThreadId:1083
2025-12-23 00:16:54 [debug]: [401]Authorization token is expired.
2025-12-23 00:16:54 [debug]: MySQL pool is released! ThreadId: 1083
2025-12-23 00:16:54 [debug]: MySQL pool is connected! ThreadId:1084
2025-12-23 00:16:54 [debug]: [401]Authorization token is expired.
2025-12-23 00:16:54 [debug]: MySQL pool is released! ThreadId: 1084
2025-12-23 00:16:54 [debug]: MySQL pool is connected! ThreadId:1084
2025-12-23 00:16:54 [debug]: MySQL pool is connected! ThreadId:1083
2025-12-23 00:16:54 [debug]: MySQL pool is begin transaction! ThreadId: 1083
2025-12-23 00:16:54 [debug]: MySQL pool is committed! ThreadId: 1083
2025-12-23 00:16:54 [debug]: MySQL pool is released! ThreadId: 1083
2025-12-23 00:16:54 [debug]: MySQL pool is connected! ThreadId:1083
2025-12-23 00:16:54 [debug]: MySQL pool is connected! ThreadId:1085
2025-12-23 00:16:54 [debug]: MySQL pool is connected! ThreadId:1086
2025-12-23 00:16:54 [debug]: MySQL pool is begin transaction! ThreadId: 1086
2025-12-23 00:16:54 [debug]: MySQL pool is committed! ThreadId: 1086
2025-12-23 00:16:54 [debug]: MySQL pool is released! ThreadId: 1086
2025-12-23 00:16:54 [debug]: MySQL pool is connected! ThreadId:1086
2025-12-23 00:16:54 [debug]: MySQL pool is connected! ThreadId:1087
2025-12-23 00:16:54 [debug]: MySQL pool is begin transaction! ThreadId: 1087
2025-12-23 00:16:54 [debug]: MySQL pool is committed! ThreadId: 1087
2025-12-23 00:16:54 [debug]: MySQL pool is released! ThreadId: 1087
2025-12-23 00:16:59 [debug]: MySQL pool is connected! ThreadId:1087
2025-12-23 00:16:59 [debug]: MySQL pool is connected! ThreadId:1088
2025-12-23 00:16:59 [debug]: MySQL pool is connected! ThreadId:1089
2025-12-23 00:16:59 [debug]: MySQL pool is begin transaction! ThreadId: 1089
2025-12-23 00:16:59 [debug]: MySQL pool is committed! ThreadId: 1089
2025-12-23 00:16:59 [debug]: MySQL pool is released! ThreadId: 1089
2025-12-23 00:16:59 [debug]: MySQL pool is connected! ThreadId:1089
2025-12-23 00:16:59 [debug]: MySQL pool is connected! ThreadId:1090
2025-12-23 00:16:59 [debug]: MySQL pool is begin transaction! ThreadId: 1090
2025-12-23 00:16:59 [debug]: MySQL pool is committed! ThreadId: 1090
2025-12-23 00:16:59 [debug]: MySQL pool is released! ThreadId: 1090
2025-12-23 00:17:01 [debug]: MySQL pool is connected! ThreadId:1090
2025-12-23 00:17:03 [debug]: MySQL pool is connected! ThreadId:1091
2025-12-23 00:17:05 [debug]: MySQL pool is connected! ThreadId:1092
2025-12-23 00:17:05 [debug]: MySQL pool is connected! ThreadId:1093
2025-12-23 00:17:05 [debug]: MySQL pool is begin transaction! ThreadId: 1093
2025-12-23 00:17:05 [debug]: MySQL pool is committed! ThreadId: 1093
2025-12-23 00:17:05 [debug]: MySQL pool is released! ThreadId: 1093
2025-12-23 00:17:05 [debug]: MySQL pool is connected! ThreadId:1093
2025-12-23 00:17:05 [debug]: MySQL pool is connected! ThreadId:1094
2025-12-23 00:17:05 [debug]: MySQL pool is begin transaction! ThreadId: 1094
2025-12-23 00:17:05 [debug]: MySQL pool is committed! ThreadId: 1094
2025-12-23 00:17:05 [debug]: MySQL pool is released! ThreadId: 1094
2025-12-23 00:17:27 [debug]: MySQL pool is connected! ThreadId:1094
2025-12-23 00:17:27 [debug]: MySQL pool is connected! ThreadId:1095
2025-12-23 00:17:27 [debug]: MySQL pool is begin transaction! ThreadId: 1095
2025-12-23 00:17:27 [debug]: MySQL pool is committed! ThreadId: 1095
2025-12-23 00:17:27 [debug]: MySQL pool is released! ThreadId: 1095
2025-12-23 00:17:27 [debug]: MySQL pool is connected! ThreadId:1095
2025-12-23 00:17:27 [debug]: MySQL pool is connected! ThreadId:1096
2025-12-23 00:17:27 [debug]: MySQL pool is begin transaction! ThreadId: 1096
2025-12-23 00:17:27 [debug]: MySQL pool is committed! ThreadId: 1096
2025-12-23 00:17:27 [debug]: MySQL pool is released! ThreadId: 1096
 Efors v0.0.1

2025-12-23 00:30:09 [debug]: Initializing Middlewares...
2025-12-23 00:30:24 [debug]: Initializing MySQL pool...
2025-12-23 00:30:24 [debug]: MySQL pool is Initialized!
2025-12-23 00:30:24 [debug]: MySQL pool is connected! ThreadId:1097
2025-12-23 00:30:24 [debug]: MySQL pool is connected! ThreadId:1098
2025-12-23 00:30:24 [debug]: MySQL pool is begin transaction! ThreadId: 1098
2025-12-23 00:30:24 [debug]: MySQL pool is committed! ThreadId: 1098
2025-12-23 00:30:24 [debug]: MySQL pool is released! ThreadId: 1098
2025-12-23 00:30:24 [debug]: MySQL pool is connected! ThreadId:1098
2025-12-23 00:30:24 [debug]: MySQL pool is connected! ThreadId:1099
2025-12-23 00:30:24 [debug]: MySQL pool is begin transaction! ThreadId: 1099
2025-12-23 00:30:24 [debug]: MySQL pool is committed! ThreadId: 1099
2025-12-23 00:30:24 [debug]: MySQL pool is released! ThreadId: 1099
2025-12-23 00:30:26 [debug]: MySQL pool is connected! ThreadId:1099
2025-12-23 00:30:26 [debug]: MySQL pool is connected! ThreadId:1100
2025-12-23 00:30:26 [debug]: MySQL pool is begin transaction! ThreadId: 1100
2025-12-23 00:30:26 [debug]: MySQL pool is committed! ThreadId: 1100
2025-12-23 00:30:26 [debug]: MySQL pool is released! ThreadId: 1100
2025-12-23 00:30:26 [debug]: MySQL pool is connected! ThreadId:1100
2025-12-23 00:30:26 [debug]: MySQL pool is connected! ThreadId:1101
2025-12-23 00:30:26 [debug]: MySQL pool is begin transaction! ThreadId: 1101
2025-12-23 00:30:26 [debug]: MySQL pool is committed! ThreadId: 1101
2025-12-23 00:30:26 [debug]: MySQL pool is released! ThreadId: 1101
2025-12-23 00:30:38 [debug]: MySQL pool is connected! ThreadId:1101
2025-12-23 00:30:38 [debug]: MySQL pool is connected! ThreadId:1102
2025-12-23 00:30:38 [debug]: MySQL pool is connected! ThreadId:1103
2025-12-23 00:30:38 [debug]: MySQL pool is begin transaction! ThreadId: 1103
2025-12-23 00:30:38 [debug]: MySQL pool is committed! ThreadId: 1103
2025-12-23 00:30:38 [debug]: MySQL pool is released! ThreadId: 1103
2025-12-23 00:30:38 [debug]: MySQL pool is connected! ThreadId:1103
2025-12-23 00:30:38 [debug]: MySQL pool is connected! ThreadId:1104
2025-12-23 00:30:38 [debug]: MySQL pool is begin transaction! ThreadId: 1104
2025-12-23 00:30:38 [debug]: MySQL pool is committed! ThreadId: 1104
2025-12-23 00:30:38 [debug]: MySQL pool is released! ThreadId: 1104
 Efors v0.0.1

2025-12-23 00:30:59 [debug]: Initializing Middlewares...
2025-12-23 00:31:08 [debug]: Initializing MySQL pool...
2025-12-23 00:31:08 [debug]: MySQL pool is Initialized!
2025-12-23 00:31:08 [debug]: MySQL pool is connected! ThreadId:1105
2025-12-23 00:31:08 [debug]: MySQL pool is connected! ThreadId:1106
2025-12-23 00:31:09 [debug]: MySQL pool is connected! ThreadId:1107
2025-12-23 00:31:09 [debug]: MySQL pool is begin transaction! ThreadId: 1107
2025-12-23 00:31:09 [debug]: MySQL pool is committed! ThreadId: 1107
2025-12-23 00:31:09 [debug]: MySQL pool is released! ThreadId: 1107
2025-12-23 00:31:09 [debug]: MySQL pool is connected! ThreadId:1107
2025-12-23 00:31:09 [debug]: MySQL pool is connected! ThreadId:1108
2025-12-23 00:31:09 [debug]: MySQL pool is begin transaction! ThreadId: 1108
2025-12-23 00:31:09 [debug]: MySQL pool is committed! ThreadId: 1108
2025-12-23 00:31:09 [debug]: MySQL pool is released! ThreadId: 1108
 Efors v0.0.1

2025-12-23 00:31:25 [debug]: Initializing Middlewares...
2025-12-23 00:31:30 [debug]: Initializing MySQL pool...
2025-12-23 00:31:30 [debug]: MySQL pool is Initialized!
2025-12-23 00:31:30 [debug]: MySQL pool is connected! ThreadId:1109
2025-12-23 00:31:30 [debug]: MySQL pool is connected! ThreadId:1110
2025-12-23 00:31:30 [debug]: MySQL pool is connected! ThreadId:1111
2025-12-23 00:31:30 [debug]: MySQL pool is begin transaction! ThreadId: 1111
2025-12-23 00:31:31 [debug]: MySQL pool is committed! ThreadId: 1111
2025-12-23 00:31:31 [debug]: MySQL pool is released! ThreadId: 1111
2025-12-23 00:31:31 [debug]: MySQL pool is connected! ThreadId:1111
2025-12-23 00:31:31 [debug]: MySQL pool is connected! ThreadId:1112
2025-12-23 00:31:31 [debug]: MySQL pool is begin transaction! ThreadId: 1112
2025-12-23 00:31:31 [debug]: MySQL pool is committed! ThreadId: 1112
2025-12-23 00:31:31 [debug]: MySQL pool is released! ThreadId: 1112
2025-12-23 00:31:50 [debug]: MySQL pool is connected! ThreadId:1112
2025-12-23 00:31:50 [debug]: MySQL pool is connected! ThreadId:1113
2025-12-23 00:31:50 [debug]: MySQL pool is begin transaction! ThreadId: 1113
2025-12-23 00:31:50 [debug]: MySQL pool is committed! ThreadId: 1113
2025-12-23 00:31:50 [debug]: MySQL pool is released! ThreadId: 1113
2025-12-23 00:31:50 [debug]: MySQL pool is connected! ThreadId:1113
2025-12-23 00:31:50 [debug]: MySQL pool is connected! ThreadId:1114
2025-12-23 00:31:50 [debug]: MySQL pool is begin transaction! ThreadId: 1114
2025-12-23 00:31:50 [debug]: MySQL pool is committed! ThreadId: 1114
2025-12-23 00:31:50 [debug]: MySQL pool is released! ThreadId: 1114
2025-12-23 00:31:54 [debug]: MySQL pool is connected! ThreadId:1114
2025-12-23 00:31:54 [debug]: MySQL pool is connected! ThreadId:1115
2025-12-23 00:31:54 [debug]: MySQL pool is begin transaction! ThreadId: 1115
2025-12-23 00:31:54 [debug]: MySQL pool is committed! ThreadId: 1115
2025-12-23 00:31:54 [debug]: MySQL pool is released! ThreadId: 1115
2025-12-23 00:31:54 [debug]: MySQL pool is connected! ThreadId:1115
2025-12-23 00:31:54 [debug]: MySQL pool is connected! ThreadId:1116
2025-12-23 00:31:54 [debug]: MySQL pool is begin transaction! ThreadId: 1116
2025-12-23 00:31:54 [debug]: MySQL pool is committed! ThreadId: 1116
2025-12-23 00:31:54 [debug]: MySQL pool is released! ThreadId: 1116
 Efors v0.0.1

2025-12-23 00:32:40 [debug]: Initializing Middlewares...
2025-12-23 00:33:44 [debug]: Initializing MySQL pool...
2025-12-23 00:33:44 [debug]: MySQL pool is Initialized!
2025-12-23 00:33:44 [debug]: MySQL pool is connected! ThreadId:1117
2025-12-23 00:33:44 [debug]: MySQL pool is connected! ThreadId:1118
2025-12-23 00:33:44 [debug]: MySQL pool is connected! ThreadId:1119
2025-12-23 00:33:44 [debug]: MySQL pool is begin transaction! ThreadId: 1119
2025-12-23 00:33:44 [debug]: MySQL pool is committed! ThreadId: 1119
2025-12-23 00:33:44 [debug]: MySQL pool is released! ThreadId: 1119
2025-12-23 00:33:44 [debug]: MySQL pool is connected! ThreadId:1119
2025-12-23 00:33:44 [debug]: MySQL pool is connected! ThreadId:1120
2025-12-23 00:33:44 [debug]: MySQL pool is begin transaction! ThreadId: 1120
2025-12-23 00:33:44 [debug]: MySQL pool is committed! ThreadId: 1120
2025-12-23 00:33:44 [debug]: MySQL pool is released! ThreadId: 1120
 Efors v0.0.1

2025-12-23 00:34:00 [debug]: Initializing Middlewares...
2025-12-23 00:34:17 [debug]: Initializing MySQL pool...
2025-12-23 00:34:17 [debug]: MySQL pool is Initialized!
2025-12-23 00:34:17 [debug]: MySQL pool is connected! ThreadId:1121
2025-12-23 00:34:17 [debug]: MySQL pool is connected! ThreadId:1122
2025-12-23 00:34:17 [debug]: MySQL pool is connected! ThreadId:1123
2025-12-23 00:34:17 [debug]: MySQL pool is begin transaction! ThreadId: 1123
2025-12-23 00:34:17 [debug]: MySQL pool is committed! ThreadId: 1123
2025-12-23 00:34:17 [debug]: MySQL pool is released! ThreadId: 1123
2025-12-23 00:34:18 [debug]: MySQL pool is connected! ThreadId:1123
2025-12-23 00:34:18 [debug]: MySQL pool is connected! ThreadId:1124
2025-12-23 00:34:18 [debug]: MySQL pool is begin transaction! ThreadId: 1124
2025-12-23 00:34:18 [debug]: MySQL pool is committed! ThreadId: 1124
2025-12-23 00:34:18 [debug]: MySQL pool is released! ThreadId: 1124
2025-12-23 00:34:26 [debug]: MySQL pool is connected! ThreadId:1124
2025-12-23 00:34:26 [debug]: MySQL pool is connected! ThreadId:1125
2025-12-23 00:34:26 [debug]: MySQL pool is begin transaction! ThreadId: 1125
2025-12-23 00:34:26 [debug]: MySQL pool is committed! ThreadId: 1125
2025-12-23 00:34:26 [debug]: MySQL pool is released! ThreadId: 1125
2025-12-23 00:34:26 [debug]: MySQL pool is connected! ThreadId:1125
2025-12-23 00:34:26 [debug]: MySQL pool is connected! ThreadId:1126
2025-12-23 00:34:26 [debug]: MySQL pool is begin transaction! ThreadId: 1126
2025-12-23 00:34:26 [debug]: MySQL pool is committed! ThreadId: 1126
2025-12-23 00:34:26 [debug]: MySQL pool is released! ThreadId: 1126
2025-12-23 00:34:30 [debug]: MySQL pool is connected! ThreadId:1126
2025-12-23 00:34:30 [debug]: MySQL pool is connected! ThreadId:1127
2025-12-23 00:34:30 [debug]: MySQL pool is begin transaction! ThreadId: 1127
2025-12-23 00:34:30 [debug]: MySQL pool is committed! ThreadId: 1127
2025-12-23 00:34:30 [debug]: MySQL pool is released! ThreadId: 1127
2025-12-23 00:34:30 [debug]: MySQL pool is connected! ThreadId:1127
2025-12-23 00:34:30 [debug]: MySQL pool is connected! ThreadId:1128
2025-12-23 00:34:30 [debug]: MySQL pool is begin transaction! ThreadId: 1128
2025-12-23 00:34:30 [debug]: MySQL pool is committed! ThreadId: 1128
2025-12-23 00:34:30 [debug]: MySQL pool is released! ThreadId: 1128
2025-12-23 00:34:31 [debug]: MySQL pool is connected! ThreadId:1128
2025-12-23 00:34:31 [debug]: MySQL pool is connected! ThreadId:1129
2025-12-23 00:34:31 [debug]: MySQL pool is begin transaction! ThreadId: 1129
2025-12-23 00:34:31 [debug]: MySQL pool is committed! ThreadId: 1129
2025-12-23 00:34:31 [debug]: MySQL pool is released! ThreadId: 1129
2025-12-23 00:34:31 [debug]: MySQL pool is connected! ThreadId:1129
2025-12-23 00:34:31 [debug]: MySQL pool is connected! ThreadId:1130
2025-12-23 00:34:31 [debug]: MySQL pool is begin transaction! ThreadId: 1130
2025-12-23 00:34:31 [debug]: MySQL pool is committed! ThreadId: 1130
2025-12-23 00:34:31 [debug]: MySQL pool is released! ThreadId: 1130
 Efors v0.0.1

2025-12-23 00:36:13 [debug]: Initializing Middlewares...
2025-12-23 00:36:17 [debug]: Initializing MySQL pool...
2025-12-23 00:36:17 [debug]: MySQL pool is Initialized!
2025-12-23 00:36:17 [debug]: MySQL pool is connected! ThreadId:1131
2025-12-23 00:36:17 [debug]: MySQL pool is connected! ThreadId:1132
2025-12-23 00:36:17 [debug]: MySQL pool is connected! ThreadId:1133
2025-12-23 00:36:17 [debug]: MySQL pool is begin transaction! ThreadId: 1133
2025-12-23 00:36:17 [debug]: MySQL pool is committed! ThreadId: 1133
2025-12-23 00:36:17 [debug]: MySQL pool is released! ThreadId: 1133
2025-12-23 00:36:17 [debug]: MySQL pool is connected! ThreadId:1133
2025-12-23 00:36:17 [debug]: MySQL pool is connected! ThreadId:1134
2025-12-23 00:36:17 [debug]: MySQL pool is begin transaction! ThreadId: 1134
2025-12-23 00:36:17 [debug]: MySQL pool is committed! ThreadId: 1134
2025-12-23 00:36:17 [debug]: MySQL pool is released! ThreadId: 1134
2025-12-23 00:36:24 [debug]: MySQL pool is connected! ThreadId:1134
2025-12-23 00:36:26 [debug]: MySQL pool is connected! ThreadId:1135
2025-12-23 00:36:26 [debug]: MySQL pool is connected! ThreadId:1136
2025-12-23 00:36:26 [debug]: MySQL pool is begin transaction! ThreadId: 1136
2025-12-23 00:36:26 [debug]: MySQL pool is committed! ThreadId: 1136
2025-12-23 00:36:26 [debug]: MySQL pool is released! ThreadId: 1136
2025-12-23 00:36:26 [debug]: MySQL pool is connected! ThreadId:1136
2025-12-23 00:36:26 [debug]: MySQL pool is connected! ThreadId:1137
2025-12-23 00:36:26 [debug]: MySQL pool is begin transaction! ThreadId: 1137
2025-12-23 00:36:26 [debug]: MySQL pool is committed! ThreadId: 1137
2025-12-23 00:36:26 [debug]: MySQL pool is released! ThreadId: 1137
2025-12-23 00:36:31 [debug]: MySQL pool is connected! ThreadId:1137
2025-12-23 00:36:31 [debug]: MySQL pool is connected! ThreadId:1138
2025-12-23 00:36:31 [debug]: MySQL pool is begin transaction! ThreadId: 1138
2025-12-23 00:36:31 [debug]: MySQL pool is committed! ThreadId: 1138
2025-12-23 00:36:31 [debug]: MySQL pool is released! ThreadId: 1138
2025-12-23 00:36:31 [debug]: MySQL pool is connected! ThreadId:1138
2025-12-23 00:36:31 [debug]: MySQL pool is connected! ThreadId:1139
2025-12-23 00:36:31 [debug]: MySQL pool is begin transaction! ThreadId: 1139
2025-12-23 00:36:31 [debug]: MySQL pool is committed! ThreadId: 1139
2025-12-23 00:36:31 [debug]: MySQL pool is released! ThreadId: 1139
 Efors v0.0.1

2025-12-23 00:44:51 [debug]: Initializing Middlewares...
 Efors v0.0.1

2025-12-23 00:49:29 [debug]: Initializing Middlewares...
2025-12-23 00:49:52 [debug]: Initializing MySQL pool...
2025-12-23 00:49:52 [debug]: MySQL pool is Initialized!
2025-12-23 00:49:52 [debug]: MySQL pool is connected! ThreadId:1140
2025-12-23 00:49:52 [debug]: MySQL pool is connected! ThreadId:1141
2025-12-23 00:49:52 [debug]: MySQL pool is connected! ThreadId:1142
2025-12-23 00:49:52 [debug]: MySQL pool is begin transaction! ThreadId: 1142
2025-12-23 00:49:52 [debug]: MySQL pool is committed! ThreadId: 1142
2025-12-23 00:49:52 [debug]: MySQL pool is released! ThreadId: 1142
2025-12-23 00:49:52 [debug]: MySQL pool is connected! ThreadId:1142
2025-12-23 00:49:52 [debug]: MySQL pool is connected! ThreadId:1143
2025-12-23 00:49:52 [debug]: MySQL pool is begin transaction! ThreadId: 1143
2025-12-23 00:49:52 [debug]: MySQL pool is committed! ThreadId: 1143
2025-12-23 00:49:52 [debug]: MySQL pool is released! ThreadId: 1143
2025-12-23 00:50:01 [debug]: MySQL pool is connected! ThreadId:1143
2025-12-23 00:50:01 [debug]: MySQL pool is connected! ThreadId:1144
2025-12-23 00:50:01 [debug]: MySQL pool is begin transaction! ThreadId: 1144
2025-12-23 00:50:01 [debug]: MySQL pool is committed! ThreadId: 1144
2025-12-23 00:50:01 [debug]: MySQL pool is released! ThreadId: 1144
 Efors v0.0.1

2025-12-23 00:52:33 [debug]: Initializing Middlewares...
2025-12-23 00:52:36 [debug]: Initializing MySQL pool...
2025-12-23 00:52:36 [debug]: MySQL pool is Initialized!
2025-12-23 00:52:36 [debug]: MySQL pool is connected! ThreadId:1145
2025-12-23 00:52:37 [debug]: MySQL pool is connected! ThreadId:1146
2025-12-23 00:52:37 [debug]: MySQL pool is connected! ThreadId:1147
2025-12-23 00:52:37 [debug]: MySQL pool is begin transaction! ThreadId: 1147
2025-12-23 00:52:37 [debug]: MySQL pool is committed! ThreadId: 1147
2025-12-23 00:52:37 [debug]: MySQL pool is released! ThreadId: 1147
2025-12-23 00:52:37 [debug]: MySQL pool is connected! ThreadId:1147
2025-12-23 00:52:37 [debug]: MySQL pool is connected! ThreadId:1148
2025-12-23 00:52:37 [debug]: MySQL pool is begin transaction! ThreadId: 1148
2025-12-23 00:52:37 [debug]: MySQL pool is committed! ThreadId: 1148
2025-12-23 00:52:37 [debug]: MySQL pool is released! ThreadId: 1148
2025-12-23 00:52:48 [debug]: MySQL pool is connected! ThreadId:1148
2025-12-23 00:52:48 [debug]: MySQL pool is connected! ThreadId:1149
2025-12-23 00:52:48 [debug]: MySQL pool is begin transaction! ThreadId: 1149
2025-12-23 00:52:48 [debug]: MySQL pool is committed! ThreadId: 1149
2025-12-23 00:52:48 [debug]: MySQL pool is released! ThreadId: 1149
2025-12-23 00:52:52 [debug]: MySQL pool is connected! ThreadId:1149
2025-12-23 00:52:52 [debug]: MySQL pool is connected! ThreadId:1150
2025-12-23 00:52:52 [debug]: MySQL pool is begin transaction! ThreadId: 1150
2025-12-23 00:52:52 [debug]: MySQL pool is committed! ThreadId: 1150
2025-12-23 00:52:52 [debug]: MySQL pool is released! ThreadId: 1150
 Efors v0.0.1

2025-12-23 00:55:26 [debug]: Initializing Middlewares...
 Efors v0.0.1

2025-12-23 01:08:33 [debug]: Initializing Middlewares...
2025-12-23 01:08:42 [debug]: Initializing MySQL pool...
2025-12-23 01:08:42 [debug]: MySQL pool is Initialized!
2025-12-23 01:08:42 [debug]: MySQL pool is connected! ThreadId:1151
2025-12-23 01:08:42 [debug]: MySQL pool is connected! ThreadId:1152
2025-12-23 01:08:42 [debug]: MySQL pool is connected! ThreadId:1153
2025-12-23 01:08:42 [debug]: MySQL pool is begin transaction! ThreadId: 1153
2025-12-23 01:08:42 [debug]: MySQL pool is committed! ThreadId: 1153
2025-12-23 01:08:42 [debug]: MySQL pool is released! ThreadId: 1153
2025-12-23 01:08:42 [debug]: MySQL pool is connected! ThreadId:1153
2025-12-23 01:08:42 [debug]: MySQL pool is connected! ThreadId:1154
2025-12-23 01:08:42 [debug]: MySQL pool is begin transaction! ThreadId: 1154
2025-12-23 01:08:42 [debug]: MySQL pool is committed! ThreadId: 1154
2025-12-23 01:08:42 [debug]: MySQL pool is released! ThreadId: 1154
 Efors v0.0.1

2025-12-23 01:09:53 [debug]: Initializing Middlewares...
2025-12-23 01:10:05 [debug]: Initializing MySQL pool...
2025-12-23 01:10:05 [debug]: MySQL pool is Initialized!
2025-12-23 01:10:05 [debug]: MySQL pool is connected! ThreadId:1155
2025-12-23 01:10:05 [debug]: MySQL pool is connected! ThreadId:1156
2025-12-23 01:10:05 [debug]: MySQL pool is connected! ThreadId:1157
2025-12-23 01:10:05 [debug]: MySQL pool is begin transaction! ThreadId: 1157
2025-12-23 01:10:06 [debug]: MySQL pool is committed! ThreadId: 1157
2025-12-23 01:10:06 [debug]: MySQL pool is released! ThreadId: 1157
2025-12-23 01:10:06 [debug]: MySQL pool is connected! ThreadId:1157
2025-12-23 01:10:06 [debug]: MySQL pool is connected! ThreadId:1158
2025-12-23 01:10:06 [debug]: MySQL pool is begin transaction! ThreadId: 1158
2025-12-23 01:10:06 [debug]: MySQL pool is committed! ThreadId: 1158
2025-12-23 01:10:06 [debug]: MySQL pool is released! ThreadId: 1158
2025-12-23 01:12:33 [debug]: MySQL pool is connected! ThreadId:1158
2025-12-23 01:12:33 [debug]: MySQL pool is connected! ThreadId:1159
2025-12-23 01:12:33 [debug]: MySQL pool is begin transaction! ThreadId: 1159
2025-12-23 01:12:33 [debug]: MySQL pool is committed! ThreadId: 1159
2025-12-23 01:12:33 [debug]: MySQL pool is released! ThreadId: 1159
2025-12-23 01:12:42 [debug]: MySQL pool is connected! ThreadId:1159
2025-12-23 01:12:42 [debug]: MySQL pool is connected! ThreadId:1160
2025-12-23 01:12:42 [debug]: MySQL pool is begin transaction! ThreadId: 1160
2025-12-23 01:12:42 [debug]: MySQL pool is committed! ThreadId: 1160
2025-12-23 01:12:42 [debug]: MySQL pool is released! ThreadId: 1160
2025-12-23 01:12:45 [debug]: MySQL pool is connected! ThreadId:1160
2025-12-23 01:12:45 [debug]: MySQL pool is connected! ThreadId:1161
2025-12-23 01:12:45 [debug]: MySQL pool is begin transaction! ThreadId: 1161
2025-12-23 01:12:45 [debug]: MySQL pool is committed! ThreadId: 1161
2025-12-23 01:12:45 [debug]: MySQL pool is released! ThreadId: 1161
2025-12-23 01:12:45 [debug]: MySQL pool is connected! ThreadId:1161
2025-12-23 01:12:45 [debug]: MySQL pool is connected! ThreadId:1162
2025-12-23 01:12:45 [debug]: MySQL pool is begin transaction! ThreadId: 1162
2025-12-23 01:12:45 [debug]: MySQL pool is committed! ThreadId: 1162
2025-12-23 01:12:45 [debug]: MySQL pool is released! ThreadId: 1162
2025-12-23 01:12:50 [debug]: MySQL pool is connected! ThreadId:1162
2025-12-23 01:12:50 [debug]: MySQL pool is connected! ThreadId:1163
2025-12-23 01:12:50 [debug]: MySQL pool is begin transaction! ThreadId: 1163
2025-12-23 01:12:50 [debug]: MySQL pool is committed! ThreadId: 1163
2025-12-23 01:12:50 [debug]: MySQL pool is released! ThreadId: 1163
2025-12-23 01:12:50 [debug]: MySQL pool is connected! ThreadId:1163
2025-12-23 01:12:50 [debug]: MySQL pool is connected! ThreadId:1164
2025-12-23 01:12:50 [debug]: MySQL pool is begin transaction! ThreadId: 1164
2025-12-23 01:12:50 [debug]: MySQL pool is committed! ThreadId: 1164
2025-12-23 01:12:50 [debug]: MySQL pool is released! ThreadId: 1164
2025-12-23 01:14:06 [debug]: MySQL pool is connected! ThreadId:1164
2025-12-23 01:14:08 [debug]: MySQL pool is connected! ThreadId:1165
2025-12-23 01:14:08 [debug]: MySQL pool is connected! ThreadId:1166
2025-12-23 01:14:08 [debug]: MySQL pool is begin transaction! ThreadId: 1166
2025-12-23 01:14:08 [debug]: MySQL pool is committed! ThreadId: 1166
2025-12-23 01:14:08 [debug]: MySQL pool is released! ThreadId: 1166
2025-12-23 01:14:08 [debug]: MySQL pool is connected! ThreadId:1166
2025-12-23 01:14:08 [debug]: MySQL pool is connected! ThreadId:1167
2025-12-23 01:14:08 [debug]: MySQL pool is begin transaction! ThreadId: 1167
2025-12-23 01:14:08 [debug]: MySQL pool is committed! ThreadId: 1167
2025-12-23 01:14:08 [debug]: MySQL pool is released! ThreadId: 1167
2025-12-23 01:14:09 [debug]: MySQL pool is connected! ThreadId:1167
2025-12-23 01:14:09 [debug]: MySQL pool is connected! ThreadId:1168
2025-12-23 01:14:09 [debug]: MySQL pool is begin transaction! ThreadId: 1168
2025-12-23 01:14:09 [debug]: MySQL pool is committed! ThreadId: 1168
2025-12-23 01:14:09 [debug]: MySQL pool is released! ThreadId: 1168
2025-12-23 01:14:09 [debug]: MySQL pool is connected! ThreadId:1168
2025-12-23 01:14:09 [debug]: MySQL pool is connected! ThreadId:1169
2025-12-23 01:14:09 [debug]: MySQL pool is begin transaction! ThreadId: 1169
2025-12-23 01:14:09 [debug]: MySQL pool is committed! ThreadId: 1169
2025-12-23 01:14:09 [debug]: MySQL pool is released! ThreadId: 1169
2025-12-23 01:14:15 [debug]: MySQL pool is connected! ThreadId:1169
2025-12-23 01:14:15 [debug]: MySQL pool is connected! ThreadId:1170
2025-12-23 01:14:15 [debug]: MySQL pool is begin transaction! ThreadId: 1170
2025-12-23 01:14:15 [debug]: MySQL pool is committed! ThreadId: 1170
2025-12-23 01:14:15 [debug]: MySQL pool is released! ThreadId: 1170
2025-12-23 01:14:15 [debug]: MySQL pool is connected! ThreadId:1170
2025-12-23 01:14:15 [debug]: MySQL pool is connected! ThreadId:1171
2025-12-23 01:14:15 [debug]: MySQL pool is begin transaction! ThreadId: 1171
2025-12-23 01:14:15 [debug]: MySQL pool is committed! ThreadId: 1171
2025-12-23 01:14:15 [debug]: MySQL pool is released! ThreadId: 1171
2025-12-23 01:14:16 [debug]: MySQL pool is connected! ThreadId:1171
2025-12-23 01:14:16 [debug]: MySQL pool is connected! ThreadId:1172
2025-12-23 01:14:16 [debug]: MySQL pool is begin transaction! ThreadId: 1172
2025-12-23 01:14:16 [debug]: MySQL pool is committed! ThreadId: 1172
2025-12-23 01:14:16 [debug]: MySQL pool is released! ThreadId: 1172
2025-12-23 01:14:16 [debug]: MySQL pool is connected! ThreadId:1172
2025-12-23 01:14:16 [debug]: MySQL pool is connected! ThreadId:1173
2025-12-23 01:14:16 [debug]: MySQL pool is begin transaction! ThreadId: 1173
2025-12-23 01:14:16 [debug]: MySQL pool is committed! ThreadId: 1173
2025-12-23 01:14:16 [debug]: MySQL pool is released! ThreadId: 1173
2025-12-23 01:14:21 [debug]: MySQL pool is connected! ThreadId:1173
2025-12-23 01:14:21 [debug]: MySQL pool is connected! ThreadId:1174
2025-12-23 01:14:21 [debug]: MySQL pool is begin transaction! ThreadId: 1174
2025-12-23 01:14:21 [debug]: MySQL pool is committed! ThreadId: 1174
2025-12-23 01:14:21 [debug]: MySQL pool is released! ThreadId: 1174
2025-12-23 01:14:21 [debug]: MySQL pool is connected! ThreadId:1174
2025-12-23 01:14:21 [debug]: MySQL pool is connected! ThreadId:1175
2025-12-23 01:14:21 [debug]: MySQL pool is begin transaction! ThreadId: 1175
2025-12-23 01:14:21 [debug]: MySQL pool is committed! ThreadId: 1175
2025-12-23 01:14:21 [debug]: MySQL pool is released! ThreadId: 1175
2025-12-23 01:14:24 [debug]: MySQL pool is connected! ThreadId:1175
2025-12-23 01:14:25 [debug]: MySQL pool is connected! ThreadId:1176
2025-12-23 01:14:27 [debug]: MySQL pool is connected! ThreadId:1177
2025-12-23 01:14:27 [debug]: MySQL pool is connected! ThreadId:1178
2025-12-23 01:14:27 [debug]: MySQL pool is begin transaction! ThreadId: 1178
2025-12-23 01:14:27 [debug]: MySQL pool is committed! ThreadId: 1178
2025-12-23 01:14:27 [debug]: MySQL pool is released! ThreadId: 1178
2025-12-23 01:14:27 [debug]: MySQL pool is connected! ThreadId:1178
2025-12-23 01:14:27 [debug]: MySQL pool is connected! ThreadId:1179
2025-12-23 01:14:27 [debug]: MySQL pool is begin transaction! ThreadId: 1179
2025-12-23 01:14:27 [debug]: MySQL pool is committed! ThreadId: 1179
2025-12-23 01:14:27 [debug]: MySQL pool is released! ThreadId: 1179
2025-12-23 01:14:36 [debug]: MySQL pool is connected! ThreadId:1179
2025-12-23 01:14:36 [debug]: MySQL pool is connected! ThreadId:1180
2025-12-23 01:14:36 [debug]: MySQL pool is begin transaction! ThreadId: 1180
2025-12-23 01:14:36 [debug]: MySQL pool is committed! ThreadId: 1180
2025-12-23 01:14:36 [debug]: MySQL pool is released! ThreadId: 1180
2025-12-23 01:14:36 [debug]: MySQL pool is connected! ThreadId:1180
2025-12-23 01:14:36 [debug]: MySQL pool is connected! ThreadId:1181
2025-12-23 01:14:36 [debug]: MySQL pool is begin transaction! ThreadId: 1181
2025-12-23 01:14:36 [debug]: MySQL pool is committed! ThreadId: 1181
2025-12-23 01:14:36 [debug]: MySQL pool is released! ThreadId: 1181
2025-12-23 01:15:47 [debug]: MySQL pool is connected! ThreadId:1181
2025-12-23 01:15:47 [debug]: MySQL pool is connected! ThreadId:1182
2025-12-23 01:15:47 [debug]: MySQL pool is begin transaction! ThreadId: 1182
2025-12-23 01:15:47 [debug]: MySQL pool is committed! ThreadId: 1182
2025-12-23 01:15:47 [debug]: MySQL pool is released! ThreadId: 1182
2025-12-23 01:15:47 [debug]: MySQL pool is connected! ThreadId:1182
2025-12-23 01:15:47 [debug]: MySQL pool is connected! ThreadId:1183
2025-12-23 01:15:47 [debug]: MySQL pool is begin transaction! ThreadId: 1183
2025-12-23 01:15:47 [debug]: MySQL pool is committed! ThreadId: 1183
2025-12-23 01:15:47 [debug]: MySQL pool is released! ThreadId: 1183
2025-12-23 01:15:54 [debug]: MySQL pool is connected! ThreadId:1183
2025-12-23 01:15:54 [debug]: MySQL pool is connected! ThreadId:1184
2025-12-23 01:15:54 [debug]: MySQL pool is begin transaction! ThreadId: 1184
2025-12-23 01:15:54 [debug]: MySQL pool is committed! ThreadId: 1184
2025-12-23 01:15:54 [debug]: MySQL pool is released! ThreadId: 1184
2025-12-23 01:15:54 [debug]: MySQL pool is connected! ThreadId:1184
2025-12-23 01:15:54 [debug]: MySQL pool is connected! ThreadId:1185
2025-12-23 01:15:54 [debug]: MySQL pool is begin transaction! ThreadId: 1185
2025-12-23 01:15:54 [debug]: MySQL pool is committed! ThreadId: 1185
2025-12-23 01:15:54 [debug]: MySQL pool is released! ThreadId: 1185
2025-12-23 01:16:27 [debug]: MySQL pool is connected! ThreadId:1185
2025-12-23 01:16:28 [debug]: MySQL pool is connected! ThreadId:1186
2025-12-23 01:16:28 [debug]: MySQL pool is connected! ThreadId:1187
2025-12-23 01:16:28 [debug]: MySQL pool is begin transaction! ThreadId: 1187
2025-12-23 01:16:29 [debug]: MySQL pool is committed! ThreadId: 1187
2025-12-23 01:16:29 [debug]: MySQL pool is released! ThreadId: 1187
2025-12-23 01:16:29 [debug]: MySQL pool is connected! ThreadId:1187
2025-12-23 01:16:29 [debug]: MySQL pool is connected! ThreadId:1188
2025-12-23 01:16:29 [debug]: MySQL pool is begin transaction! ThreadId: 1188
2025-12-23 01:16:29 [debug]: MySQL pool is committed! ThreadId: 1188
2025-12-23 01:16:29 [debug]: MySQL pool is released! ThreadId: 1188
2025-12-23 01:16:30 [debug]: MySQL pool is connected! ThreadId:1188
2025-12-23 01:16:30 [debug]: MySQL pool is connected! ThreadId:1189
2025-12-23 01:16:30 [debug]: MySQL pool is begin transaction! ThreadId: 1189
2025-12-23 01:16:30 [debug]: MySQL pool is committed! ThreadId: 1189
2025-12-23 01:16:30 [debug]: MySQL pool is released! ThreadId: 1189
2025-12-23 01:16:30 [debug]: MySQL pool is connected! ThreadId:1189
2025-12-23 01:16:30 [debug]: MySQL pool is connected! ThreadId:1190
2025-12-23 01:16:30 [debug]: MySQL pool is begin transaction! ThreadId: 1190
2025-12-23 01:16:30 [debug]: MySQL pool is committed! ThreadId: 1190
2025-12-23 01:16:30 [debug]: MySQL pool is released! ThreadId: 1190
2025-12-23 01:17:31 [debug]: MySQL pool is connected! ThreadId:1190
2025-12-23 01:17:31 [debug]: [401]Authorization token is expired.
2025-12-23 01:17:31 [debug]: MySQL pool is released! ThreadId: 1190
2025-12-23 01:17:31 [debug]: MySQL pool is connected! ThreadId:1190
2025-12-23 01:17:31 [debug]: [401]Authorization token is expired.
2025-12-23 01:17:31 [debug]: MySQL pool is released! ThreadId: 1190
2025-12-23 01:17:31 [debug]: MySQL pool is connected! ThreadId:1190
2025-12-23 01:17:31 [debug]: MySQL pool is connected! ThreadId:1191
2025-12-23 01:17:31 [debug]: MySQL pool is begin transaction! ThreadId: 1191
2025-12-23 01:17:31 [debug]: MySQL pool is committed! ThreadId: 1191
2025-12-23 01:17:31 [debug]: MySQL pool is released! ThreadId: 1191
2025-12-23 01:17:31 [debug]: MySQL pool is connected! ThreadId:1191
2025-12-23 01:17:31 [debug]: MySQL pool is connected! ThreadId:1192
2025-12-23 01:17:31 [debug]: MySQL pool is begin transaction! ThreadId: 1192
2025-12-23 01:17:31 [debug]: MySQL pool is connected! ThreadId:1193
2025-12-23 01:17:31 [debug]: MySQL pool is committed! ThreadId: 1192
2025-12-23 01:17:31 [debug]: MySQL pool is released! ThreadId: 1192
2025-12-23 01:17:31 [debug]: MySQL pool is connected! ThreadId:1192
2025-12-23 01:17:31 [debug]: MySQL pool is connected! ThreadId:1194
2025-12-23 01:17:31 [debug]: MySQL pool is begin transaction! ThreadId: 1194
2025-12-23 01:17:31 [debug]: MySQL pool is committed! ThreadId: 1194
2025-12-23 01:17:31 [debug]: MySQL pool is released! ThreadId: 1194
2025-12-23 01:18:53 [debug]: MySQL pool is connected! ThreadId:1194
2025-12-23 01:18:53 [debug]: MySQL pool is connected! ThreadId:1195
2025-12-23 01:18:53 [debug]: MySQL pool is connected! ThreadId:1196
2025-12-23 01:18:53 [debug]: MySQL pool is begin transaction! ThreadId: 1196
2025-12-23 01:18:53 [debug]: MySQL pool is committed! ThreadId: 1196
2025-12-23 01:18:53 [debug]: MySQL pool is released! ThreadId: 1196
2025-12-23 01:18:53 [debug]: MySQL pool is connected! ThreadId:1196
2025-12-23 01:18:53 [debug]: MySQL pool is connected! ThreadId:1197
2025-12-23 01:18:53 [debug]: MySQL pool is begin transaction! ThreadId: 1197
2025-12-23 01:18:53 [debug]: MySQL pool is committed! ThreadId: 1197
2025-12-23 01:18:53 [debug]: MySQL pool is released! ThreadId: 1197
 Efors v0.0.1

2025-12-23 01:21:56 [debug]: Initializing Middlewares...
2025-12-23 01:22:09 [debug]: Initializing MySQL pool...
2025-12-23 01:22:09 [debug]: MySQL pool is Initialized!
2025-12-23 01:22:09 [debug]: MySQL pool is connected! ThreadId:1198
2025-12-23 01:22:09 [debug]: MySQL pool is connected! ThreadId:1199
2025-12-23 01:22:10 [debug]: MySQL pool is connected! ThreadId:1200
2025-12-23 01:22:10 [debug]: MySQL pool is begin transaction! ThreadId: 1200
2025-12-23 01:22:10 [debug]: MySQL pool is committed! ThreadId: 1200
2025-12-23 01:22:10 [debug]: MySQL pool is released! ThreadId: 1200
2025-12-23 01:22:10 [debug]: MySQL pool is connected! ThreadId:1200
2025-12-23 01:22:10 [debug]: MySQL pool is connected! ThreadId:1201
2025-12-23 01:22:10 [debug]: MySQL pool is begin transaction! ThreadId: 1201
2025-12-23 01:22:10 [debug]: MySQL pool is committed! ThreadId: 1201
2025-12-23 01:22:10 [debug]: MySQL pool is released! ThreadId: 1201
2025-12-23 01:23:34 [debug]: MySQL pool is connected! ThreadId:1201
2025-12-23 01:23:34 [debug]: MySQL pool is connected! ThreadId:1202
2025-12-23 01:23:34 [debug]: MySQL pool is begin transaction! ThreadId: 1202
2025-12-23 01:23:34 [debug]: MySQL pool is committed! ThreadId: 1202
2025-12-23 01:23:34 [debug]: MySQL pool is released! ThreadId: 1202
2025-12-23 01:23:34 [debug]: MySQL pool is connected! ThreadId:1202
2025-12-23 01:23:34 [debug]: MySQL pool is connected! ThreadId:1203
2025-12-23 01:23:34 [debug]: MySQL pool is begin transaction! ThreadId: 1203
2025-12-23 01:23:34 [debug]: MySQL pool is committed! ThreadId: 1203
2025-12-23 01:23:34 [debug]: MySQL pool is released! ThreadId: 1203
2025-12-23 01:23:36 [debug]: MySQL pool is connected! ThreadId:1203
2025-12-23 01:23:36 [debug]: MySQL pool is connected! ThreadId:1204
2025-12-23 01:23:36 [debug]: MySQL pool is begin transaction! ThreadId: 1204
2025-12-23 01:23:36 [debug]: MySQL pool is committed! ThreadId: 1204
2025-12-23 01:23:36 [debug]: MySQL pool is released! ThreadId: 1204
2025-12-23 01:23:41 [debug]: MySQL pool is connected! ThreadId:1204
2025-12-23 01:23:41 [debug]: MySQL pool is connected! ThreadId:1205
2025-12-23 01:23:41 [debug]: MySQL pool is begin transaction! ThreadId: 1205
2025-12-23 01:23:41 [debug]:
Error loading event script:
{}
2025-12-23 01:23:41 [debug]: MySQL pool is roll back! ThreadId: 1205
2025-12-23 01:23:41 [debug]: MySQL pool is released! ThreadId: 1205
2025-12-23 01:24:36 [debug]: MySQL pool is connected! ThreadId:1205
2025-12-23 01:24:36 [debug]: MySQL pool is connected! ThreadId:1206
2025-12-23 01:24:36 [debug]: MySQL pool is begin transaction! ThreadId: 1206
2025-12-23 01:24:36 [debug]: MySQL pool is committed! ThreadId: 1206
2025-12-23 01:24:36 [debug]: MySQL pool is released! ThreadId: 1206
 Efors v0.0.1

2025-12-23 01:25:41 [debug]: Initializing Middlewares...
2025-12-23 01:25:49 [debug]: Initializing MySQL pool...
2025-12-23 01:25:49 [debug]: MySQL pool is Initialized!
2025-12-23 01:25:49 [debug]: MySQL pool is connected! ThreadId:1207
2025-12-23 01:25:49 [debug]: MySQL pool is connected! ThreadId:1208
2025-12-23 01:25:49 [debug]: MySQL pool is connected! ThreadId:1209
2025-12-23 01:25:49 [debug]: MySQL pool is begin transaction! ThreadId: 1209
2025-12-23 01:25:49 [debug]: MySQL pool is committed! ThreadId: 1209
2025-12-23 01:25:49 [debug]: MySQL pool is released! ThreadId: 1209
 Efors v0.0.1

2025-12-23 01:29:15 [debug]: Initializing Middlewares...
2025-12-23 01:29:20 [debug]: Initializing MySQL pool...
2025-12-23 01:29:20 [debug]: MySQL pool is Initialized!
2025-12-23 01:29:20 [debug]: MySQL pool is connected! ThreadId:1210
2025-12-23 01:29:20 [debug]: MySQL pool is connected! ThreadId:1211
2025-12-23 01:29:20 [debug]: MySQL pool is connected! ThreadId:1212
2025-12-23 01:29:20 [debug]: MySQL pool is begin transaction! ThreadId: 1212
2025-12-23 01:29:20 [debug]: MySQL pool is committed! ThreadId: 1212
2025-12-23 01:29:20 [debug]: MySQL pool is released! ThreadId: 1212
2025-12-23 01:29:51 [debug]: MySQL pool is connected! ThreadId:1212
2025-12-23 01:29:51 [debug]: MySQL pool is connected! ThreadId:1213
2025-12-23 01:29:51 [debug]: MySQL pool is begin transaction! ThreadId: 1213
2025-12-23 01:29:51 [debug]: MySQL pool is committed! ThreadId: 1213
2025-12-23 01:29:51 [debug]: MySQL pool is released! ThreadId: 1213
 Efors v0.0.1

2025-12-23 01:36:13 [debug]: Initializing Middlewares...
2025-12-23 01:36:21 [debug]: Initializing MySQL pool...
2025-12-23 01:36:21 [debug]: MySQL pool is Initialized!
2025-12-23 01:36:21 [debug]: MySQL pool is connected! ThreadId:1214
2025-12-23 01:36:21 [debug]: MySQL pool is connected! ThreadId:1215
2025-12-23 01:36:21 [debug]: MySQL pool is connected! ThreadId:1216
2025-12-23 01:36:21 [debug]: MySQL pool is begin transaction! ThreadId: 1216
2025-12-23 01:36:21 [debug]: MySQL pool is committed! ThreadId: 1216
2025-12-23 01:36:21 [debug]: MySQL pool is released! ThreadId: 1216
 Efors v0.0.1

2025-12-23 01:38:39 [debug]: Initializing Middlewares...
2025-12-23 01:38:46 [debug]: Initializing MySQL pool...
2025-12-23 01:38:46 [debug]: MySQL pool is Initialized!
2025-12-23 01:38:46 [debug]: MySQL pool is connected! ThreadId:1217
2025-12-23 01:38:46 [debug]: MySQL pool is connected! ThreadId:1218
2025-12-23 01:38:46 [debug]: MySQL pool is connected! ThreadId:1219
2025-12-23 01:38:46 [debug]: MySQL pool is begin transaction! ThreadId: 1219
2025-12-23 01:38:46 [debug]: MySQL pool is committed! ThreadId: 1219
2025-12-23 01:38:46 [debug]: MySQL pool is released! ThreadId: 1219
 Efors v0.0.1

2025-12-23 01:40:39 [debug]: Initializing Middlewares...
2025-12-23 01:42:43 [debug]: Initializing MySQL pool...
2025-12-23 01:42:43 [debug]: MySQL pool is Initialized!
2025-12-23 01:42:43 [debug]: MySQL pool is connected! ThreadId:1220
2025-12-23 01:42:43 [debug]: MySQL pool is connected! ThreadId:1221
2025-12-23 01:42:43 [debug]: MySQL pool is connected! ThreadId:1222
2025-12-23 01:42:43 [debug]: MySQL pool is begin transaction! ThreadId: 1222
2025-12-23 01:42:43 [debug]: MySQL pool is committed! ThreadId: 1222
2025-12-23 01:42:43 [debug]: MySQL pool is released! ThreadId: 1222
 Efors v0.0.1

2025-12-23 01:49:03 [debug]: Initializing Middlewares...
 Efors v0.0.1

2025-12-23 01:49:53 [debug]: Initializing Middlewares...
2025-12-23 01:55:21 [debug]: Initializing MySQL pool...
2025-12-23 01:55:21 [debug]: MySQL pool is Initialized!
2025-12-23 01:55:21 [debug]: MySQL pool is connected! ThreadId:1223
2025-12-23 01:55:21 [debug]: MySQL pool is connected! ThreadId:1224
2025-12-23 01:55:21 [debug]: MySQL pool is connected! ThreadId:1225
2025-12-23 01:55:21 [debug]: MySQL pool is begin transaction! ThreadId: 1225
2025-12-23 01:55:21 [debug]: MySQL pool is committed! ThreadId: 1225
2025-12-23 01:55:21 [debug]: MySQL pool is released! ThreadId: 1225
 Efors v0.0.1

2025-12-23 02:07:10 [debug]: Initializing Middlewares...
2025-12-23 02:07:22 [debug]: Initializing MySQL pool...
2025-12-23 02:07:22 [debug]: MySQL pool is Initialized!
2025-12-23 02:07:22 [debug]: MySQL pool is connected! ThreadId:1226
2025-12-23 02:07:22 [debug]: MySQL pool is connected! ThreadId:1227
2025-12-23 02:07:22 [debug]: MySQL pool is connected! ThreadId:1228
2025-12-23 02:07:22 [debug]: MySQL pool is begin transaction! ThreadId: 1228
2025-12-23 02:07:22 [debug]: MySQL pool is committed! ThreadId: 1228
2025-12-23 02:07:22 [debug]: MySQL pool is released! ThreadId: 1228
2025-12-23 02:13:56 [debug]: MySQL pool is connected! ThreadId:1228
2025-12-23 02:13:56 [debug]: MySQL pool is connected! ThreadId:1229
2025-12-23 02:13:56 [debug]: MySQL pool is connected! ThreadId:1230
2025-12-23 02:13:56 [debug]: MySQL pool is begin transaction! ThreadId: 1230
2025-12-23 02:13:57 [debug]: MySQL pool is committed! ThreadId: 1230
2025-12-23 02:13:57 [debug]: MySQL pool is released! ThreadId: 1230
2025-12-23 02:14:00 [debug]: MySQL pool is connected! ThreadId:1230
2025-12-23 02:14:00 [debug]: MySQL pool is connected! ThreadId:1231
2025-12-23 02:14:00 [debug]: MySQL pool is begin transaction! ThreadId: 1231
2025-12-23 02:14:01 [debug]:
Error loading event script:
{}
2025-12-23 02:14:01 [debug]: MySQL pool is roll back! ThreadId: 1231
2025-12-23 02:14:01 [debug]: MySQL pool is released! ThreadId: 1231
 Efors v0.0.1

2025-12-23 02:18:06 [debug]: Initializing Middlewares...
2025-12-23 02:18:23 [debug]: Initializing MySQL pool...
2025-12-23 02:18:23 [debug]: MySQL pool is Initialized!
2025-12-23 02:18:23 [debug]: MySQL pool is connected! ThreadId:1232
2025-12-23 02:18:23 [debug]: [401]Authorization token is expired.
2025-12-23 02:18:23 [debug]: MySQL pool is released! ThreadId: 1232
2025-12-23 02:18:23 [debug]: MySQL pool is connected! ThreadId:1232
2025-12-23 02:18:23 [debug]: [401]Authorization token is expired.
2025-12-23 02:18:23 [debug]: MySQL pool is released! ThreadId: 1232
2025-12-23 02:18:23 [debug]: MySQL pool is connected! ThreadId:1232
2025-12-23 02:18:23 [debug]: MySQL pool is connected! ThreadId:1233
2025-12-23 02:18:23 [debug]: MySQL pool is begin transaction! ThreadId: 1233
2025-12-23 02:18:23 [debug]: MySQL pool is committed! ThreadId: 1233
2025-12-23 02:18:23 [debug]: MySQL pool is released! ThreadId: 1233
2025-12-23 02:18:24 [debug]: MySQL pool is connected! ThreadId:1233
2025-12-23 02:18:24 [debug]: MySQL pool is connected! ThreadId:1234
2025-12-23 02:18:24 [debug]: MySQL pool is connected! ThreadId:1235
2025-12-23 02:18:24 [debug]: MySQL pool is begin transaction! ThreadId: 1235
2025-12-23 02:18:24 [debug]: MySQL pool is committed! ThreadId: 1235
2025-12-23 02:18:24 [debug]: MySQL pool is released! ThreadId: 1235
 Efors v0.0.1

2025-12-23 02:20:54 [debug]: Initializing Middlewares...
2025-12-23 02:20:59 [debug]: Initializing MySQL pool...
2025-12-23 02:20:59 [debug]: MySQL pool is Initialized!
2025-12-23 02:20:59 [debug]: MySQL pool is connected! ThreadId:1236
2025-12-23 02:20:59 [debug]: MySQL pool is connected! ThreadId:1237
2025-12-23 02:20:59 [debug]: MySQL pool is connected! ThreadId:1238
2025-12-23 02:20:59 [debug]: MySQL pool is begin transaction! ThreadId: 1238
2025-12-23 02:20:59 [debug]: MySQL pool is committed! ThreadId: 1238
2025-12-23 02:20:59 [debug]: MySQL pool is released! ThreadId: 1238
 Efors v0.0.1

2025-12-23 02:21:42 [debug]: Initializing Middlewares...
2025-12-23 02:22:54 [debug]: Initializing MySQL pool...
2025-12-23 02:22:54 [debug]: MySQL pool is Initialized!
2025-12-23 02:22:54 [debug]: MySQL pool is connected! ThreadId:1239
2025-12-23 02:22:54 [debug]: MySQL pool is connected! ThreadId:1240
2025-12-23 02:22:54 [debug]: MySQL pool is connected! ThreadId:1241
2025-12-23 02:22:54 [debug]: MySQL pool is begin transaction! ThreadId: 1241
2025-12-23 02:22:55 [debug]: MySQL pool is committed! ThreadId: 1241
2025-12-23 02:22:55 [debug]: MySQL pool is released! ThreadId: 1241
 Efors v0.0.1

2025-12-23 02:28:23 [debug]: Initializing Middlewares...
2025-12-23 02:28:29 [debug]: Initializing MySQL pool...
2025-12-23 02:28:29 [debug]: MySQL pool is Initialized!
2025-12-23 02:28:29 [debug]: MySQL pool is connected! ThreadId:1242
2025-12-23 02:28:29 [debug]: MySQL pool is connected! ThreadId:1243
2025-12-23 02:28:29 [debug]: MySQL pool is connected! ThreadId:1244
2025-12-23 02:28:29 [debug]: MySQL pool is begin transaction! ThreadId: 1244
2025-12-23 02:28:29 [debug]: MySQL pool is committed! ThreadId: 1244
2025-12-23 02:28:29 [debug]: MySQL pool is released! ThreadId: 1244
2025-12-23 02:29:25 [debug]: MySQL pool is connected! ThreadId:1244
2025-12-23 02:29:25 [debug]: MySQL pool is connected! ThreadId:1245
2025-12-23 02:29:25 [debug]: MySQL pool is connected! ThreadId:1246
2025-12-23 02:29:25 [debug]: MySQL pool is begin transaction! ThreadId: 1246
2025-12-23 02:29:25 [debug]: MySQL pool is committed! ThreadId: 1246
2025-12-23 02:29:25 [debug]: MySQL pool is released! ThreadId: 1246
 Efors v0.0.1

2025-12-23 02:30:40 [debug]: Initializing Middlewares...
2025-12-23 02:30:48 [debug]: Initializing MySQL pool...
2025-12-23 02:30:48 [debug]: MySQL pool is Initialized!
2025-12-23 02:30:48 [debug]: MySQL pool is connected! ThreadId:1247
2025-12-23 02:30:48 [debug]: MySQL pool is connected! ThreadId:1248
2025-12-23 02:30:48 [debug]: MySQL pool is connected! ThreadId:1249
2025-12-23 02:30:48 [debug]: MySQL pool is begin transaction! ThreadId: 1249
2025-12-23 02:30:49 [debug]: MySQL pool is committed! ThreadId: 1249
2025-12-23 02:30:49 [debug]: MySQL pool is released! ThreadId: 1249
 Efors v0.0.1

2025-12-23 02:34:36 [debug]: Initializing Middlewares...
2025-12-23 02:37:29 [debug]: Initializing MySQL pool...
2025-12-23 02:37:29 [debug]: MySQL pool is Initialized!
2025-12-23 02:37:29 [debug]: MySQL pool is connected! ThreadId:1250
2025-12-23 02:37:29 [debug]: MySQL pool is connected! ThreadId:1251
2025-12-23 02:37:29 [debug]: MySQL pool is connected! ThreadId:1252
2025-12-23 02:37:29 [debug]: MySQL pool is begin transaction! ThreadId: 1252
2025-12-23 02:37:29 [debug]: MySQL pool is committed! ThreadId: 1252
2025-12-23 02:37:29 [debug]: MySQL pool is released! ThreadId: 1252
 Efors v0.0.1

2025-12-23 02:56:11 [debug]: Initializing Middlewares...
2025-12-23 02:59:14 [debug]: Initializing MySQL pool...
2025-12-23 02:59:14 [debug]: MySQL pool is Initialized!
2025-12-23 02:59:14 [debug]: MySQL pool is connected! ThreadId:1253
2025-12-23 02:59:14 [debug]: MySQL pool is connected! ThreadId:1254
2025-12-23 02:59:14 [debug]: MySQL pool is connected! ThreadId:1255
2025-12-23 02:59:14 [debug]: MySQL pool is begin transaction! ThreadId: 1255
2025-12-23 02:59:15 [debug]: MySQL pool is committed! ThreadId: 1255
2025-12-23 02:59:15 [debug]: MySQL pool is released! ThreadId: 1255
2025-12-23 03:01:02 [debug]: MySQL pool is connected! ThreadId:1255
2025-12-23 03:01:02 [debug]: MySQL pool is connected! ThreadId:1256
2025-12-23 03:01:02 [debug]: MySQL pool is connected! ThreadId:1257
2025-12-23 03:01:02 [debug]: MySQL pool is begin transaction! ThreadId: 1257
2025-12-23 03:01:02 [debug]: MySQL pool is committed! ThreadId: 1257
2025-12-23 03:01:02 [debug]: MySQL pool is released! ThreadId: 1257
 Efors v0.0.1

2025-12-23 03:01:10 [debug]: Initializing Middlewares...
2025-12-23 03:01:13 [debug]: Initializing MySQL pool...
2025-12-23 03:01:13 [debug]: MySQL pool is Initialized!
2025-12-23 03:01:13 [debug]: MySQL pool is connected! ThreadId:1258
2025-12-23 03:01:13 [debug]: MySQL pool is connected! ThreadId:1259
2025-12-23 03:01:13 [debug]: MySQL pool is connected! ThreadId:1260
2025-12-23 03:01:13 [debug]: MySQL pool is begin transaction! ThreadId: 1260
2025-12-23 03:01:13 [debug]: MySQL pool is committed! ThreadId: 1260
2025-12-23 03:01:13 [debug]: MySQL pool is released! ThreadId: 1260
 Efors v0.0.1

2025-12-23 03:03:01 [debug]: Initializing Middlewares...
2025-12-23 03:06:31 [debug]: Initializing MySQL pool...
2025-12-23 03:06:31 [debug]: MySQL pool is Initialized!
2025-12-23 03:06:31 [debug]: MySQL pool is connected! ThreadId:1261
2025-12-23 03:06:31 [debug]: MySQL pool is connected! ThreadId:1262
2025-12-23 03:06:31 [debug]: MySQL pool is connected! ThreadId:1263
2025-12-23 03:06:31 [debug]: MySQL pool is begin transaction! ThreadId: 1263
2025-12-23 03:06:32 [debug]: MySQL pool is committed! ThreadId: 1263
2025-12-23 03:06:32 [debug]: MySQL pool is released! ThreadId: 1263
2025-12-23 03:06:51 [debug]: MySQL pool is connected! ThreadId:1263
2025-12-23 03:06:51 [debug]: MySQL pool is connected! ThreadId:1264
2025-12-23 03:06:51 [debug]: MySQL pool is begin transaction! ThreadId: 1264
2025-12-23 03:06:51 [debug]: MySQL pool is committed! ThreadId: 1264
2025-12-23 03:06:51 [debug]: MySQL pool is released! ThreadId: 1264
2025-12-23 03:06:58 [debug]: MySQL pool is connected! ThreadId:1264
2025-12-23 03:06:58 [debug]: MySQL pool is connected! ThreadId:1265
2025-12-23 03:06:58 [debug]: MySQL pool is begin transaction! ThreadId: 1265
2025-12-23 03:06:58 [debug]: MySQL pool is committed! ThreadId: 1265
2025-12-23 03:06:58 [debug]: MySQL pool is released! ThreadId: 1265
2025-12-23 03:07:04 [debug]: MySQL pool is connected! ThreadId:1265
2025-12-23 03:07:04 [debug]: MySQL pool is connected! ThreadId:1266
2025-12-23 03:07:04 [debug]: MySQL pool is begin transaction! ThreadId: 1266
2025-12-23 03:07:04 [debug]: MySQL pool is committed! ThreadId: 1266
2025-12-23 03:07:04 [debug]: MySQL pool is released! ThreadId: 1266
 Efors v0.0.1

2025-12-23 03:10:05 [debug]: Initializing Middlewares...
2025-12-23 03:10:09 [debug]: Initializing MySQL pool...
2025-12-23 03:10:09 [debug]: MySQL pool is Initialized!
2025-12-23 03:10:09 [debug]: MySQL pool is connected! ThreadId:1267
2025-12-23 03:10:09 [debug]: MySQL pool is connected! ThreadId:1268
2025-12-23 03:10:09 [debug]: MySQL pool is connected! ThreadId:1269
2025-12-23 03:10:09 [debug]: MySQL pool is begin transaction! ThreadId: 1269
2025-12-23 03:10:09 [debug]: MySQL pool is committed! ThreadId: 1269
2025-12-23 03:10:09 [debug]: MySQL pool is released! ThreadId: 1269
 Efors v0.0.1

2025-12-23 03:11:44 [debug]: Initializing Middlewares...
2025-12-23 03:11:48 [debug]: Initializing MySQL pool...
2025-12-23 03:11:48 [debug]: MySQL pool is Initialized!
2025-12-23 03:11:48 [debug]: MySQL pool is connected! ThreadId:1270
2025-12-23 03:11:48 [debug]: MySQL pool is connected! ThreadId:1271
2025-12-23 03:11:48 [debug]: MySQL pool is connected! ThreadId:1272
2025-12-23 03:11:48 [debug]: MySQL pool is begin transaction! ThreadId: 1272
2025-12-23 03:11:48 [debug]: MySQL pool is committed! ThreadId: 1272
2025-12-23 03:11:48 [debug]: MySQL pool is released! ThreadId: 1272
 Efors v0.0.1

2025-12-23 03:13:18 [debug]: Initializing Middlewares...
2025-12-23 03:15:47 [debug]: Initializing MySQL pool...
2025-12-23 03:15:47 [debug]: MySQL pool is Initialized!
2025-12-23 03:15:47 [debug]: MySQL pool is connected! ThreadId:1273
2025-12-23 03:15:47 [debug]: MySQL pool is connected! ThreadId:1274
2025-12-23 03:15:47 [debug]: MySQL pool is connected! ThreadId:1275
2025-12-23 03:15:47 [debug]: MySQL pool is begin transaction! ThreadId: 1275
2025-12-23 03:15:48 [debug]: MySQL pool is committed! ThreadId: 1275
2025-12-23 03:15:48 [debug]: MySQL pool is released! ThreadId: 1275
 Efors v0.0.1

2025-12-23 03:16:16 [debug]: Initializing Middlewares...
2025-12-23 03:17:19 [debug]: Initializing MySQL pool...
2025-12-23 03:17:19 [debug]: MySQL pool is Initialized!
2025-12-23 03:17:19 [debug]: MySQL pool is connected! ThreadId:1276
2025-12-23 03:17:19 [debug]: MySQL pool is connected! ThreadId:1277
2025-12-23 03:17:19 [debug]: MySQL pool is connected! ThreadId:1278
2025-12-23 03:17:19 [debug]: MySQL pool is begin transaction! ThreadId: 1278
2025-12-23 03:17:19 [debug]: MySQL pool is committed! ThreadId: 1278
2025-12-23 03:17:19 [debug]: MySQL pool is released! ThreadId: 1278
 Efors v0.0.1

2025-12-23 03:18:41 [debug]: Initializing Middlewares...
2025-12-23 03:18:45 [debug]: Initializing MySQL pool...
2025-12-23 03:18:45 [debug]: MySQL pool is Initialized!
2025-12-23 03:18:45 [debug]: MySQL pool is connected! ThreadId:1279
2025-12-23 03:18:45 [debug]: [401]Authorization token is expired.
2025-12-23 03:18:45 [debug]: MySQL pool is released! ThreadId: 1279
2025-12-23 03:18:45 [debug]: MySQL pool is connected! ThreadId:1279
2025-12-23 03:18:45 [debug]: [401]Authorization token is expired.
2025-12-23 03:18:45 [debug]: MySQL pool is released! ThreadId: 1279
2025-12-23 03:18:45 [debug]: MySQL pool is connected! ThreadId:1279
2025-12-23 03:18:45 [debug]: MySQL pool is connected! ThreadId:1280
2025-12-23 03:18:45 [debug]: MySQL pool is begin transaction! ThreadId: 1280
2025-12-23 03:18:45 [debug]: MySQL pool is committed! ThreadId: 1280
2025-12-23 03:18:45 [debug]: MySQL pool is released! ThreadId: 1280
2025-12-23 03:18:45 [debug]: MySQL pool is connected! ThreadId:1280
2025-12-23 03:18:45 [debug]: MySQL pool is connected! ThreadId:1281
2025-12-23 03:18:45 [debug]: MySQL pool is connected! ThreadId:1282
2025-12-23 03:18:45 [debug]: MySQL pool is begin transaction! ThreadId: 1282
2025-12-23 03:18:45 [debug]: MySQL pool is committed! ThreadId: 1282
2025-12-23 03:18:45 [debug]: MySQL pool is released! ThreadId: 1282
 Efors v0.0.1

2025-12-23 03:19:06 [debug]: Initializing Middlewares...
2025-12-23 03:19:11 [debug]: Initializing MySQL pool...
2025-12-23 03:19:11 [debug]: MySQL pool is Initialized!
2025-12-23 03:19:11 [debug]: MySQL pool is connected! ThreadId:1283
2025-12-23 03:19:11 [debug]: MySQL pool is connected! ThreadId:1284
2025-12-23 03:19:11 [debug]: MySQL pool is connected! ThreadId:1285
2025-12-23 03:19:11 [debug]: MySQL pool is begin transaction! ThreadId: 1285
2025-12-23 03:19:12 [debug]: MySQL pool is committed! ThreadId: 1285
2025-12-23 03:19:12 [debug]: MySQL pool is released! ThreadId: 1285
 Efors v0.0.1

2025-12-23 03:19:56 [debug]: Initializing Middlewares...
2025-12-23 03:20:04 [debug]: Initializing MySQL pool...
2025-12-23 03:20:04 [debug]: MySQL pool is Initialized!
2025-12-23 03:20:04 [debug]: MySQL pool is connected! ThreadId:1286
2025-12-23 03:20:04 [debug]: MySQL pool is connected! ThreadId:1287
2025-12-23 03:20:04 [debug]: MySQL pool is connected! ThreadId:1288
2025-12-23 03:20:04 [debug]: MySQL pool is begin transaction! ThreadId: 1288
2025-12-23 03:20:04 [debug]: MySQL pool is committed! ThreadId: 1288
2025-12-23 03:20:04 [debug]: MySQL pool is released! ThreadId: 1288
2025-12-23 03:20:25 [debug]: MySQL pool is connected! ThreadId:1288
2025-12-23 03:20:25 [debug]: MySQL pool is connected! ThreadId:1289
2025-12-23 03:20:25 [debug]: MySQL pool is connected! ThreadId:1290
2025-12-23 03:20:25 [debug]: MySQL pool is begin transaction! ThreadId: 1290
2025-12-23 03:20:25 [debug]: MySQL pool is committed! ThreadId: 1290
2025-12-23 03:20:25 [debug]: MySQL pool is released! ThreadId: 1290
 Efors v0.0.1

2025-12-23 03:20:43 [debug]: Initializing Middlewares...
2025-12-23 03:21:02 [debug]: Initializing MySQL pool...
2025-12-23 03:21:02 [debug]: MySQL pool is Initialized!
2025-12-23 03:21:02 [debug]: MySQL pool is connected! ThreadId:1291
2025-12-23 03:21:02 [debug]: MySQL pool is connected! ThreadId:1292
2025-12-23 03:21:02 [debug]: MySQL pool is connected! ThreadId:1293
2025-12-23 03:21:02 [debug]: MySQL pool is begin transaction! ThreadId: 1293
2025-12-23 03:21:02 [debug]: MySQL pool is committed! ThreadId: 1293
2025-12-23 03:21:02 [debug]: MySQL pool is released! ThreadId: 1293
 Efors v0.0.1

2025-12-23 03:22:23 [debug]: Initializing Middlewares...
2025-12-23 03:22:34 [debug]: Initializing MySQL pool...
2025-12-23 03:22:34 [debug]: MySQL pool is Initialized!
2025-12-23 03:22:34 [debug]: MySQL pool is connected! ThreadId:1294
2025-12-23 03:22:34 [debug]: MySQL pool is connected! ThreadId:1295
2025-12-23 03:22:34 [debug]: MySQL pool is connected! ThreadId:1296
2025-12-23 03:22:34 [debug]: MySQL pool is begin transaction! ThreadId: 1296
2025-12-23 03:22:34 [debug]: MySQL pool is committed! ThreadId: 1296
2025-12-23 03:22:34 [debug]: MySQL pool is released! ThreadId: 1296
 Efors v0.0.1

2025-12-23 03:23:06 [debug]: Initializing Middlewares...
2025-12-23 03:23:14 [debug]: Initializing MySQL pool...
2025-12-23 03:23:14 [debug]: MySQL pool is Initialized!
2025-12-23 03:23:14 [debug]: MySQL pool is connected! ThreadId:1297
2025-12-23 03:23:14 [debug]: MySQL pool is connected! ThreadId:1298
2025-12-23 03:23:14 [debug]: MySQL pool is connected! ThreadId:1299
2025-12-23 03:23:14 [debug]: MySQL pool is begin transaction! ThreadId: 1299
2025-12-23 03:23:14 [debug]: MySQL pool is committed! ThreadId: 1299
2025-12-23 03:23:14 [debug]: MySQL pool is released! ThreadId: 1299
 Efors v0.0.1

2025-12-23 03:24:07 [debug]: Initializing Middlewares...
2025-12-23 03:24:20 [debug]: Initializing MySQL pool...
2025-12-23 03:24:20 [debug]: MySQL pool is Initialized!
2025-12-23 03:24:20 [debug]: MySQL pool is connected! ThreadId:1300
2025-12-23 03:24:20 [debug]: MySQL pool is connected! ThreadId:1301
2025-12-23 03:24:20 [debug]: MySQL pool is connected! ThreadId:1302
2025-12-23 03:24:20 [debug]: MySQL pool is begin transaction! ThreadId: 1302
2025-12-23 03:24:20 [debug]: MySQL pool is committed! ThreadId: 1302
2025-12-23 03:24:20 [debug]: MySQL pool is released! ThreadId: 1302
2025-12-23 03:25:38 [debug]: MySQL pool is connected! ThreadId:1302
2025-12-23 03:25:38 [debug]: MySQL pool is connected! ThreadId:1303
2025-12-23 03:25:38 [debug]: MySQL pool is connected! ThreadId:1304
2025-12-23 03:25:38 [debug]: MySQL pool is begin transaction! ThreadId: 1304
2025-12-23 03:25:38 [debug]: MySQL pool is committed! ThreadId: 1304
2025-12-23 03:25:38 [debug]: MySQL pool is released! ThreadId: 1304
 Efors v0.0.1

2025-12-23 03:30:09 [debug]: Initializing Middlewares...
2025-12-23 03:31:23 [debug]: Initializing MySQL pool...
2025-12-23 03:31:23 [debug]: MySQL pool is Initialized!
2025-12-23 03:31:23 [debug]: MySQL pool is connected! ThreadId:1305
2025-12-23 03:31:23 [debug]: MySQL pool is connected! ThreadId:1306
2025-12-23 03:31:23 [debug]: MySQL pool is connected! ThreadId:1307
2025-12-23 03:31:23 [debug]: MySQL pool is begin transaction! ThreadId: 1307
2025-12-23 03:31:23 [debug]: MySQL pool is committed! ThreadId: 1307
2025-12-23 03:31:23 [debug]: MySQL pool is released! ThreadId: 1307
2025-12-23 03:34:43 [debug]: MySQL pool is connected! ThreadId:1307
2025-12-23 03:34:43 [debug]: MySQL pool is connected! ThreadId:1308
2025-12-23 03:34:43 [debug]: MySQL pool is connected! ThreadId:1309
2025-12-23 03:34:43 [debug]: MySQL pool is begin transaction! ThreadId: 1309
2025-12-23 03:34:44 [debug]: MySQL pool is committed! ThreadId: 1309
2025-12-23 03:34:44 [debug]: MySQL pool is released! ThreadId: 1309
 Efors v0.0.1

2025-12-23 03:38:50 [debug]: Initializing Middlewares...
2025-12-23 03:39:06 [debug]: Initializing MySQL pool...
2025-12-23 03:39:06 [debug]: MySQL pool is Initialized!
2025-12-23 03:39:06 [debug]: MySQL pool is connected! ThreadId:1310
2025-12-23 03:39:06 [debug]: MySQL pool is connected! ThreadId:1311
2025-12-23 03:39:06 [debug]: MySQL pool is connected! ThreadId:1312
2025-12-23 03:39:06 [debug]: MySQL pool is begin transaction! ThreadId: 1312
2025-12-23 03:39:06 [debug]: MySQL pool is committed! ThreadId: 1312
2025-12-23 03:39:06 [debug]: MySQL pool is released! ThreadId: 1312
 Efors v0.0.1

2025-12-23 03:40:53 [debug]: Initializing Middlewares...
2025-12-23 03:40:57 [debug]: Initializing MySQL pool...
2025-12-23 03:40:57 [debug]: MySQL pool is Initialized!
2025-12-23 03:40:57 [debug]: MySQL pool is connected! ThreadId:1313
2025-12-23 03:40:57 [debug]: MySQL pool is connected! ThreadId:1314
2025-12-23 03:40:57 [debug]: MySQL pool is connected! ThreadId:1315
2025-12-23 03:40:57 [debug]: MySQL pool is begin transaction! ThreadId: 1315
2025-12-23 03:40:57 [debug]: MySQL pool is committed! ThreadId: 1315
2025-12-23 03:40:57 [debug]: MySQL pool is released! ThreadId: 1315
2025-12-23 03:42:33 [debug]: MySQL pool is connected! ThreadId:1315
2025-12-23 03:42:33 [debug]: MySQL pool is connected! ThreadId:1316
2025-12-23 03:42:33 [debug]: MySQL pool is connected! ThreadId:1317
2025-12-23 03:42:33 [debug]: MySQL pool is begin transaction! ThreadId: 1317
2025-12-23 03:42:33 [debug]: MySQL pool is committed! ThreadId: 1317
2025-12-23 03:42:33 [debug]: MySQL pool is released! ThreadId: 1317
 Efors v0.0.1

2025-12-23 03:44:52 [debug]: Initializing Middlewares...
2025-12-23 03:46:37 [debug]: Initializing MySQL pool...
2025-12-23 03:46:37 [debug]: MySQL pool is Initialized!
2025-12-23 03:46:37 [debug]: MySQL pool is connected! ThreadId:1318
2025-12-23 03:46:37 [debug]: MySQL pool is connected! ThreadId:1319
2025-12-23 03:46:37 [debug]: MySQL pool is connected! ThreadId:1320
2025-12-23 03:46:37 [debug]: MySQL pool is begin transaction! ThreadId: 1320
2025-12-23 03:46:37 [debug]: MySQL pool is committed! ThreadId: 1320
2025-12-23 03:46:37 [debug]: MySQL pool is released! ThreadId: 1320
 Efors v0.0.1

2025-12-23 03:48:14 [debug]: Initializing Middlewares...
2025-12-23 03:49:28 [debug]: Initializing MySQL pool...
2025-12-23 03:49:28 [debug]: MySQL pool is Initialized!
2025-12-23 03:49:28 [debug]: MySQL pool is connected! ThreadId:1321
2025-12-23 03:49:28 [debug]: MySQL pool is connected! ThreadId:1322
2025-12-23 03:49:28 [debug]: MySQL pool is connected! ThreadId:1323
2025-12-23 03:49:28 [debug]: MySQL pool is begin transaction! ThreadId: 1323
2025-12-23 03:49:29 [debug]: MySQL pool is committed! ThreadId: 1323
2025-12-23 03:49:29 [debug]: MySQL pool is released! ThreadId: 1323
 Efors v0.0.1

2025-12-23 03:53:28 [debug]: Initializing Middlewares...
2025-12-23 03:53:57 [debug]: Initializing MySQL pool...
2025-12-23 03:53:57 [debug]: MySQL pool is Initialized!
2025-12-23 03:53:57 [debug]: MySQL pool is connected! ThreadId:1324
2025-12-23 03:53:57 [debug]: MySQL pool is connected! ThreadId:1325
2025-12-23 03:53:57 [debug]: MySQL pool is connected! ThreadId:1326
2025-12-23 03:53:57 [debug]: MySQL pool is begin transaction! ThreadId: 1326
2025-12-23 03:53:57 [debug]: MySQL pool is committed! ThreadId: 1326
2025-12-23 03:53:57 [debug]: MySQL pool is released! ThreadId: 1326
2025-12-23 03:54:17 [debug]: MySQL pool is connected! ThreadId:1326
2025-12-23 03:54:17 [debug]: MySQL pool is connected! ThreadId:1327
2025-12-23 03:54:17 [debug]: MySQL pool is connected! ThreadId:1328
2025-12-23 03:54:17 [debug]: MySQL pool is begin transaction! ThreadId: 1328
2025-12-23 03:54:17 [debug]: MySQL pool is committed! ThreadId: 1328
2025-12-23 03:54:17 [debug]: MySQL pool is released! ThreadId: 1328
 Efors v0.0.1

2025-12-23 03:54:50 [debug]: Initializing Middlewares...
2025-12-23 03:55:00 [debug]: Initializing MySQL pool...
2025-12-23 03:55:00 [debug]: MySQL pool is Initialized!
2025-12-23 03:55:00 [debug]: MySQL pool is connected! ThreadId:1329
2025-12-23 03:55:00 [debug]: MySQL pool is connected! ThreadId:1330
2025-12-23 03:55:00 [debug]: MySQL pool is connected! ThreadId:1331
2025-12-23 03:55:00 [debug]: MySQL pool is begin transaction! ThreadId: 1331
2025-12-23 03:55:01 [debug]: MySQL pool is committed! ThreadId: 1331
2025-12-23 03:55:01 [debug]: MySQL pool is released! ThreadId: 1331
 Efors v0.0.1

2025-12-25 16:46:41 [debug]: Initializing Middlewares...
2025-12-25 16:46:50 [debug]: Initializing MySQL pool...
2025-12-25 16:46:50 [debug]: MySQL pool is Initialized!
2025-12-25 16:46:50 [debug]: MySQL pool is connected! ThreadId:1375
2025-12-25 16:46:50 [debug]: [401]Authorization token is expired.
2025-12-25 16:46:50 [debug]: MySQL pool is released! ThreadId: 1375
2025-12-25 16:46:50 [debug]: MySQL pool is connected! ThreadId:1375
2025-12-25 16:46:50 [debug]: MySQL pool is connected! ThreadId:1376
2025-12-25 16:46:50 [debug]: MySQL pool is begin transaction! ThreadId: 1376
2025-12-25 16:46:51 [debug]: MySQL pool is committed! ThreadId: 1376
2025-12-25 16:46:51 [debug]: MySQL pool is released! ThreadId: 1376
2025-12-25 16:46:51 [debug]: MySQL pool is connected! ThreadId:1376
2025-12-25 16:46:58 [debug]: MySQL pool is connected! ThreadId:1377
2025-12-25 16:46:58 [debug]: MySQL pool is connected! ThreadId:1378
2025-12-25 16:46:58 [debug]: MySQL pool is begin transaction! ThreadId: 1378
2025-12-25 16:46:59 [debug]: MySQL pool is committed! ThreadId: 1378
2025-12-25 16:46:59 [debug]: MySQL pool is released! ThreadId: 1378
2025-12-25 16:46:59 [debug]: MySQL pool is connected! ThreadId:1378
2025-12-25 16:46:59 [debug]: MySQL pool is connected! ThreadId:1379
2025-12-25 16:46:59 [debug]: MySQL pool is begin transaction! ThreadId: 1379
2025-12-25 16:46:59 [debug]: MySQL pool is committed! ThreadId: 1379
2025-12-25 16:46:59 [debug]: MySQL pool is released! ThreadId: 1379
2025-12-25 16:47:01 [debug]: MySQL pool is connected! ThreadId:1379
2025-12-25 16:47:15 [debug]: MySQL pool is connected! ThreadId:1380
2025-12-25 16:47:15 [debug]: MySQL pool is connected! ThreadId:1381
2025-12-25 16:47:15 [debug]: MySQL pool is begin transaction! ThreadId: 1381
2025-12-25 16:47:16 [debug]: MySQL pool is committed! ThreadId: 1381
2025-12-25 16:47:16 [debug]: MySQL pool is released! ThreadId: 1381
2025-12-25 16:47:16 [debug]: MySQL pool is connected! ThreadId:1381
2025-12-25 16:47:16 [debug]: MySQL pool is connected! ThreadId:1382
2025-12-25 16:47:16 [debug]: MySQL pool is begin transaction! ThreadId: 1382
2025-12-25 16:47:22 [debug]: MySQL pool is committed! ThreadId: 1382
2025-12-25 16:47:22 [debug]: MySQL pool is released! ThreadId: 1382
2025-12-25 16:47:24 [debug]: MySQL pool is connected! ThreadId:1382
2025-12-25 16:47:24 [debug]: MySQL pool is connected! ThreadId:1383
2025-12-25 16:47:24 [debug]: MySQL pool is begin transaction! ThreadId: 1383
2025-12-25 16:47:24 [debug]: MySQL pool is committed! ThreadId: 1383
2025-12-25 16:47:24 [debug]: MySQL pool is released! ThreadId: 1383
2025-12-25 16:47:24 [debug]: MySQL pool is connected! ThreadId:1383
2025-12-25 16:47:24 [debug]: MySQL pool is connected! ThreadId:1384
2025-12-25 16:47:24 [debug]: MySQL pool is begin transaction! ThreadId: 1384
2025-12-25 16:47:24 [debug]: MySQL pool is committed! ThreadId: 1384
2025-12-25 16:47:24 [debug]: MySQL pool is released! ThreadId: 1384
2025-12-25 16:47:29 [debug]: MySQL pool is connected! ThreadId:1384
2025-12-25 16:47:29 [debug]: MySQL pool is connected! ThreadId:1385
2025-12-25 16:47:29 [debug]: MySQL pool is begin transaction! ThreadId: 1385
2025-12-25 16:47:29 [debug]: MySQL pool is committed! ThreadId: 1385
2025-12-25 16:47:29 [debug]: MySQL pool is released! ThreadId: 1385
2025-12-25 16:53:46 [debug]: MySQL pool is connected! ThreadId:1385
2025-12-25 16:57:27 [debug]: MySQL pool is connected! ThreadId:1386
2025-12-25 16:57:29 [debug]: MySQL pool is connected! ThreadId:1387
2025-12-25 16:58:24 [debug]: MySQL pool is connected! ThreadId:1388
2025-12-25 16:58:24 [debug]: MySQL pool is connected! ThreadId:1389
2025-12-25 16:58:24 [debug]: MySQL pool is begin transaction! ThreadId: 1389
2025-12-25 16:58:24 [debug]: MySQL pool is committed! ThreadId: 1389
2025-12-25 16:58:24 [debug]: MySQL pool is released! ThreadId: 1389
2025-12-25 16:58:24 [debug]: MySQL pool is connected! ThreadId:1389
2025-12-25 16:58:24 [debug]: MySQL pool is connected! ThreadId:1390
2025-12-25 16:58:24 [debug]: MySQL pool is begin transaction! ThreadId: 1390
2025-12-25 16:58:25 [debug]: MySQL pool is committed! ThreadId: 1390
2025-12-25 16:58:25 [debug]: MySQL pool is released! ThreadId: 1390
2025-12-25 16:58:26 [debug]: MySQL pool is connected! ThreadId:1390
2025-12-25 16:58:26 [debug]: MySQL pool is connected! ThreadId:1391
2025-12-25 16:58:26 [debug]: MySQL pool is begin transaction! ThreadId: 1391
2025-12-25 16:58:26 [debug]: MySQL pool is committed! ThreadId: 1391
2025-12-25 16:58:26 [debug]: MySQL pool is released! ThreadId: 1391
2025-12-25 16:58:26 [debug]: MySQL pool is connected! ThreadId:1391
2025-12-25 16:58:26 [debug]: MySQL pool is connected! ThreadId:1392
2025-12-25 16:58:26 [debug]: MySQL pool is begin transaction! ThreadId: 1392
2025-12-25 16:58:26 [debug]: MySQL pool is committed! ThreadId: 1392
2025-12-25 16:58:26 [debug]: MySQL pool is released! ThreadId: 1392
2025-12-25 16:58:36 [debug]: MySQL pool is connected! ThreadId:1392
2025-12-25 16:58:36 [debug]: MySQL pool is connected! ThreadId:1393
2025-12-25 16:58:36 [debug]: MySQL pool is begin transaction! ThreadId: 1393
2025-12-25 16:58:36 [debug]: MySQL pool is committed! ThreadId: 1393
2025-12-25 16:58:36 [debug]: MySQL pool is released! ThreadId: 1393
2025-12-25 16:58:36 [debug]: MySQL pool is connected! ThreadId:1393
2025-12-25 16:58:36 [debug]: MySQL pool is connected! ThreadId:1394
2025-12-25 16:58:36 [debug]: MySQL pool is begin transaction! ThreadId: 1394
2025-12-25 16:58:36 [debug]: MySQL pool is committed! ThreadId: 1394
2025-12-25 16:58:36 [debug]: MySQL pool is released! ThreadId: 1394
2025-12-25 16:58:38 [debug]: MySQL pool is connected! ThreadId:1394
2025-12-25 16:58:38 [debug]: MySQL pool is connected! ThreadId:1395
2025-12-25 16:58:38 [debug]: MySQL pool is begin transaction! ThreadId: 1395
2025-12-25 16:58:38 [debug]: MySQL pool is committed! ThreadId: 1395
2025-12-25 16:58:38 [debug]: MySQL pool is released! ThreadId: 1395
2025-12-25 16:58:38 [debug]: MySQL pool is connected! ThreadId:1395
2025-12-25 16:58:38 [debug]: MySQL pool is connected! ThreadId:1396
2025-12-25 16:58:38 [debug]: MySQL pool is begin transaction! ThreadId: 1396
2025-12-25 16:58:38 [debug]: MySQL pool is committed! ThreadId: 1396
2025-12-25 16:58:38 [debug]: MySQL pool is released! ThreadId: 1396
2025-12-25 16:58:46 [debug]: MySQL pool is connected! ThreadId:1396
2025-12-25 16:58:46 [debug]: MySQL pool is connected! ThreadId:1397
2025-12-25 16:58:46 [debug]: MySQL pool is begin transaction! ThreadId: 1397
2025-12-25 16:58:46 [debug]: MySQL pool is committed! ThreadId: 1397
2025-12-25 16:58:46 [debug]: MySQL pool is released! ThreadId: 1397
2025-12-25 16:58:46 [debug]: MySQL pool is connected! ThreadId:1397
2025-12-25 16:58:46 [debug]: MySQL pool is connected! ThreadId:1398
2025-12-25 16:58:46 [debug]: MySQL pool is begin transaction! ThreadId: 1398
2025-12-25 16:58:46 [debug]: MySQL pool is committed! ThreadId: 1398
2025-12-25 16:58:46 [debug]: MySQL pool is released! ThreadId: 1398
2025-12-25 16:58:49 [debug]: MySQL pool is connected! ThreadId:1398
2025-12-25 16:58:49 [debug]: MySQL pool is connected! ThreadId:1399
2025-12-25 16:58:49 [debug]: MySQL pool is begin transaction! ThreadId: 1399
2025-12-25 16:58:49 [debug]: MySQL pool is committed! ThreadId: 1399
2025-12-25 16:58:49 [debug]: MySQL pool is released! ThreadId: 1399
2025-12-25 16:58:49 [debug]: MySQL pool is connected! ThreadId:1399
2025-12-25 16:58:49 [debug]: MySQL pool is connected! ThreadId:1400
2025-12-25 16:58:49 [debug]: MySQL pool is begin transaction! ThreadId: 1400
2025-12-25 16:58:49 [debug]: MySQL pool is committed! ThreadId: 1400
2025-12-25 16:58:49 [debug]: MySQL pool is released! ThreadId: 1400
2025-12-25 16:58:51 [debug]: MySQL pool is connected! ThreadId:1400
2025-12-25 16:58:51 [debug]: MySQL pool is connected! ThreadId:1401
2025-12-25 16:58:51 [debug]: MySQL pool is begin transaction! ThreadId: 1401
2025-12-25 16:58:51 [debug]: MySQL pool is committed! ThreadId: 1401
2025-12-25 16:58:51 [debug]: MySQL pool is released! ThreadId: 1401
2025-12-25 16:58:51 [debug]: MySQL pool is connected! ThreadId:1401
2025-12-25 16:58:51 [debug]: MySQL pool is connected! ThreadId:1402
2025-12-25 16:58:51 [debug]: MySQL pool is begin transaction! ThreadId: 1402
2025-12-25 16:58:51 [debug]: MySQL pool is committed! ThreadId: 1402
2025-12-25 16:58:51 [debug]: MySQL pool is released! ThreadId: 1402
2025-12-25 16:58:53 [debug]: MySQL pool is connected! ThreadId:1402
2025-12-25 16:59:10 [debug]: MySQL pool is connected! ThreadId:1403
2025-12-25 16:59:10 [debug]: MySQL pool is connected! ThreadId:1404
2025-12-25 16:59:10 [debug]: MySQL pool is begin transaction! ThreadId: 1404
2025-12-25 16:59:10 [debug]: MySQL pool is committed! ThreadId: 1404
2025-12-25 16:59:10 [debug]: MySQL pool is released! ThreadId: 1404
2025-12-25 16:59:10 [debug]: MySQL pool is connected! ThreadId:1404
2025-12-25 16:59:10 [debug]: MySQL pool is connected! ThreadId:1405
2025-12-25 16:59:10 [debug]: MySQL pool is begin transaction! ThreadId: 1405
2025-12-25 16:59:10 [debug]: MySQL pool is committed! ThreadId: 1405
2025-12-25 16:59:10 [debug]: MySQL pool is released! ThreadId: 1405
2025-12-25 16:59:11 [debug]: MySQL pool is connected! ThreadId:1405
2025-12-25 16:59:11 [debug]: MySQL pool is connected! ThreadId:1406
2025-12-25 16:59:11 [debug]: MySQL pool is begin transaction! ThreadId: 1406
2025-12-25 16:59:11 [debug]: MySQL pool is committed! ThreadId: 1406
2025-12-25 16:59:11 [debug]: MySQL pool is released! ThreadId: 1406
2025-12-25 16:59:11 [debug]: MySQL pool is connected! ThreadId:1406
2025-12-25 16:59:11 [debug]: MySQL pool is connected! ThreadId:1407
2025-12-25 16:59:11 [debug]: MySQL pool is begin transaction! ThreadId: 1407
2025-12-25 16:59:11 [debug]: MySQL pool is committed! ThreadId: 1407
2025-12-25 16:59:11 [debug]: MySQL pool is released! ThreadId: 1407
2025-12-25 16:59:13 [debug]: MySQL pool is connected! ThreadId:1407
2025-12-25 16:59:13 [debug]: MySQL pool is connected! ThreadId:1408
2025-12-25 16:59:13 [debug]: MySQL pool is begin transaction! ThreadId: 1408
2025-12-25 16:59:13 [debug]: MySQL pool is committed! ThreadId: 1408
2025-12-25 16:59:13 [debug]: MySQL pool is released! ThreadId: 1408
2025-12-25 16:59:14 [debug]: MySQL pool is connected! ThreadId:1408
2025-12-25 16:59:14 [debug]: MySQL pool is connected! ThreadId:1409
2025-12-25 16:59:14 [debug]: MySQL pool is begin transaction! ThreadId: 1409
2025-12-25 16:59:14 [debug]: MySQL pool is committed! ThreadId: 1409
2025-12-25 16:59:14 [debug]: MySQL pool is released! ThreadId: 1409
2025-12-25 16:59:15 [debug]: MySQL pool is connected! ThreadId:1409
2025-12-25 16:59:17 [debug]: MySQL pool is connected! ThreadId:1410
2025-12-25 16:59:17 [debug]: MySQL pool is connected! ThreadId:1411
2025-12-25 16:59:17 [debug]: MySQL pool is begin transaction! ThreadId: 1411
2025-12-25 16:59:17 [debug]: MySQL pool is committed! ThreadId: 1411
2025-12-25 16:59:17 [debug]: MySQL pool is released! ThreadId: 1411
2025-12-25 16:59:17 [debug]: MySQL pool is connected! ThreadId:1411
2025-12-25 16:59:17 [debug]: MySQL pool is connected! ThreadId:1412
2025-12-25 16:59:17 [debug]: MySQL pool is begin transaction! ThreadId: 1412
2025-12-25 16:59:17 [debug]: MySQL pool is committed! ThreadId: 1412
2025-12-25 16:59:17 [debug]: MySQL pool is released! ThreadId: 1412
2025-12-25 16:59:18 [debug]: MySQL pool is connected! ThreadId:1412
2025-12-25 16:59:18 [debug]: MySQL pool is connected! ThreadId:1413
2025-12-25 16:59:18 [debug]: MySQL pool is begin transaction! ThreadId: 1413
2025-12-25 16:59:18 [debug]: MySQL pool is committed! ThreadId: 1413
2025-12-25 16:59:18 [debug]: MySQL pool is released! ThreadId: 1413
2025-12-25 16:59:18 [debug]: MySQL pool is connected! ThreadId:1413
2025-12-25 16:59:18 [debug]: MySQL pool is connected! ThreadId:1414
2025-12-25 16:59:18 [debug]: MySQL pool is begin transaction! ThreadId: 1414
2025-12-25 16:59:18 [debug]: MySQL pool is committed! ThreadId: 1414
2025-12-25 16:59:18 [debug]: MySQL pool is released! ThreadId: 1414
2025-12-25 16:59:20 [debug]: MySQL pool is connected! ThreadId:1414
2025-12-25 16:59:20 [debug]: MySQL pool is connected! ThreadId:1415
2025-12-25 16:59:20 [debug]: MySQL pool is begin transaction! ThreadId: 1415
2025-12-25 16:59:20 [debug]: MySQL pool is committed! ThreadId: 1415
2025-12-25 16:59:20 [debug]: MySQL pool is released! ThreadId: 1415
2025-12-25 16:59:20 [debug]: MySQL pool is connected! ThreadId:1415
2025-12-25 16:59:20 [debug]: MySQL pool is connected! ThreadId:1416
2025-12-25 16:59:20 [debug]: MySQL pool is begin transaction! ThreadId: 1416
2025-12-25 16:59:20 [debug]:
Error loading event script:
{}
2025-12-25 16:59:20 [debug]: MySQL pool is roll back! ThreadId: 1416
2025-12-25 16:59:20 [debug]: MySQL pool is released! ThreadId: 1416
2025-12-25 16:59:36 [debug]: MySQL pool is connected! ThreadId:1416
2025-12-25 16:59:36 [debug]: MySQL pool is connected! ThreadId:1417
2025-12-25 16:59:36 [debug]: MySQL pool is begin transaction! ThreadId: 1417
2025-12-25 16:59:36 [debug]: MySQL pool is committed! ThreadId: 1417
2025-12-25 16:59:36 [debug]: MySQL pool is released! ThreadId: 1417
2025-12-25 16:59:36 [debug]: MySQL pool is connected! ThreadId:1417
2025-12-25 16:59:36 [debug]: MySQL pool is connected! ThreadId:1418
2025-12-25 16:59:36 [debug]: MySQL pool is begin transaction! ThreadId: 1418
2025-12-25 16:59:36 [debug]: MySQL pool is committed! ThreadId: 1418
2025-12-25 16:59:36 [debug]: MySQL pool is released! ThreadId: 1418
2025-12-25 16:59:38 [debug]: MySQL pool is connected! ThreadId:1418
2025-12-25 16:59:38 [debug]: MySQL pool is connected! ThreadId:1419
2025-12-25 16:59:38 [debug]: MySQL pool is begin transaction! ThreadId: 1419
2025-12-25 16:59:38 [debug]: MySQL pool is committed! ThreadId: 1419
2025-12-25 16:59:38 [debug]: MySQL pool is released! ThreadId: 1419
2025-12-25 16:59:38 [debug]: MySQL pool is connected! ThreadId:1419
2025-12-25 16:59:38 [debug]: MySQL pool is connected! ThreadId:1420
2025-12-25 16:59:38 [debug]: MySQL pool is begin transaction! ThreadId: 1420
2025-12-25 16:59:38 [debug]: MySQL pool is committed! ThreadId: 1420
2025-12-25 16:59:38 [debug]: MySQL pool is released! ThreadId: 1420
2025-12-25 16:59:39 [debug]: MySQL pool is connected! ThreadId:1420
2025-12-25 16:59:39 [debug]: MySQL pool is connected! ThreadId:1421
2025-12-25 16:59:39 [debug]: MySQL pool is begin transaction! ThreadId: 1421
2025-12-25 16:59:39 [debug]: MySQL pool is committed! ThreadId: 1421
2025-12-25 16:59:39 [debug]: MySQL pool is released! ThreadId: 1421
2025-12-25 16:59:39 [debug]: MySQL pool is connected! ThreadId:1421
2025-12-25 16:59:39 [debug]: MySQL pool is connected! ThreadId:1422
2025-12-25 16:59:39 [debug]: MySQL pool is begin transaction! ThreadId: 1422
2025-12-25 16:59:39 [debug]: MySQL pool is committed! ThreadId: 1422
2025-12-25 16:59:39 [debug]: MySQL pool is released! ThreadId: 1422
2025-12-25 16:59:41 [debug]: MySQL pool is connected! ThreadId:1422
2025-12-25 16:59:41 [debug]: MySQL pool is connected! ThreadId:1423
2025-12-25 16:59:41 [debug]: MySQL pool is begin transaction! ThreadId: 1423
2025-12-25 16:59:41 [debug]: MySQL pool is committed! ThreadId: 1423
2025-12-25 16:59:41 [debug]: MySQL pool is released! ThreadId: 1423
2025-12-25 16:59:41 [debug]: MySQL pool is connected! ThreadId:1423
2025-12-25 16:59:41 [debug]: MySQL pool is connected! ThreadId:1424
2025-12-25 16:59:41 [debug]: MySQL pool is begin transaction! ThreadId: 1424
2025-12-25 16:59:41 [debug]: MySQL pool is committed! ThreadId: 1424
2025-12-25 16:59:41 [debug]: MySQL pool is released! ThreadId: 1424
2025-12-25 16:59:54 [debug]: MySQL pool is connected! ThreadId:1424
2025-12-25 16:59:54 [debug]: MySQL pool is connected! ThreadId:1425
2025-12-25 16:59:54 [debug]: MySQL pool is begin transaction! ThreadId: 1425
2025-12-25 16:59:54 [debug]: MySQL pool is committed! ThreadId: 1425
2025-12-25 16:59:54 [debug]: MySQL pool is released! ThreadId: 1425
2025-12-25 17:03:25 [debug]: MySQL pool is connected! ThreadId:1425
2025-12-25 17:13:37 [debug]: MySQL pool is connected! ThreadId:1426
2025-12-25 17:13:37 [debug]: MySQL pool is connected! ThreadId:1427
2025-12-25 17:13:37 [debug]: MySQL pool is begin transaction! ThreadId: 1427
2025-12-25 17:13:37 [debug]: MySQL pool is committed! ThreadId: 1427
2025-12-25 17:13:37 [debug]: MySQL pool is released! ThreadId: 1427
2025-12-25 17:13:37 [debug]: MySQL pool is connected! ThreadId:1427
2025-12-25 17:13:37 [debug]: MySQL pool is connected! ThreadId:1428
2025-12-25 17:13:37 [debug]: MySQL pool is begin transaction! ThreadId: 1428
2025-12-25 17:13:37 [debug]: MySQL pool is committed! ThreadId: 1428
2025-12-25 17:13:37 [debug]: MySQL pool is released! ThreadId: 1428
2025-12-25 17:13:39 [debug]: MySQL pool is connected! ThreadId:1428
2025-12-25 17:13:39 [debug]: MySQL pool is connected! ThreadId:1429
2025-12-25 17:13:39 [debug]: MySQL pool is begin transaction! ThreadId: 1429
2025-12-25 17:13:39 [debug]: MySQL pool is committed! ThreadId: 1429
2025-12-25 17:13:39 [debug]: MySQL pool is released! ThreadId: 1429
2025-12-25 17:13:39 [debug]: MySQL pool is connected! ThreadId:1429
2025-12-25 17:13:39 [debug]: MySQL pool is connected! ThreadId:1430
2025-12-25 17:13:39 [debug]: MySQL pool is begin transaction! ThreadId: 1430
2025-12-25 17:13:39 [debug]: MySQL pool is committed! ThreadId: 1430
2025-12-25 17:13:39 [debug]: MySQL pool is released! ThreadId: 1430
2025-12-25 17:13:40 [debug]: MySQL pool is connected! ThreadId:1430
2025-12-25 17:13:40 [debug]: MySQL pool is connected! ThreadId:1431
2025-12-25 17:13:40 [debug]: MySQL pool is begin transaction! ThreadId: 1431
2025-12-25 17:13:40 [debug]: MySQL pool is committed! ThreadId: 1431
2025-12-25 17:13:40 [debug]: MySQL pool is released! ThreadId: 1431
2025-12-25 17:13:40 [debug]: MySQL pool is connected! ThreadId:1431
2025-12-25 17:13:40 [debug]: MySQL pool is connected! ThreadId:1432
2025-12-25 17:13:40 [debug]: MySQL pool is begin transaction! ThreadId: 1432
2025-12-25 17:13:40 [debug]:
Error loading event script:
{}
2025-12-25 17:13:40 [debug]: MySQL pool is roll back! ThreadId: 1432
2025-12-25 17:13:40 [debug]: MySQL pool is released! ThreadId: 1432
2025-12-25 17:13:43 [debug]: MySQL pool is connected! ThreadId:1432
2025-12-25 17:13:49 [debug]: MySQL pool is connected! ThreadId:1433
2025-12-25 17:13:49 [debug]: MySQL pool is connected! ThreadId:1434
2025-12-25 17:13:49 [debug]: MySQL pool is begin transaction! ThreadId: 1434
2025-12-25 17:13:49 [debug]: MySQL pool is committed! ThreadId: 1434
2025-12-25 17:13:49 [debug]: MySQL pool is released! ThreadId: 1434
2025-12-25 17:13:49 [debug]: MySQL pool is connected! ThreadId:1434
2025-12-25 17:13:49 [debug]: MySQL pool is connected! ThreadId:1435
2025-12-25 17:13:49 [debug]: MySQL pool is begin transaction! ThreadId: 1435
2025-12-25 17:13:49 [debug]: MySQL pool is committed! ThreadId: 1435
2025-12-25 17:13:49 [debug]: MySQL pool is released! ThreadId: 1435
2025-12-25 17:22:11 [debug]: MySQL pool is connected! ThreadId:1435
2025-12-25 17:22:11 [debug]: MySQL pool is connected! ThreadId:1436
2025-12-25 17:22:11 [debug]: MySQL pool is begin transaction! ThreadId: 1436
2025-12-25 17:22:11 [debug]: MySQL pool is committed! ThreadId: 1436
2025-12-25 17:22:11 [debug]: MySQL pool is released! ThreadId: 1436
2025-12-25 17:22:11 [debug]: MySQL pool is connected! ThreadId:1436
2025-12-25 17:22:11 [debug]: MySQL pool is connected! ThreadId:1437
2025-12-25 17:22:11 [debug]: MySQL pool is begin transaction! ThreadId: 1437
2025-12-25 17:22:11 [debug]: MySQL pool is committed! ThreadId: 1437
2025-12-25 17:22:11 [debug]: MySQL pool is released! ThreadId: 1437
2025-12-25 17:22:12 [debug]: MySQL pool is connected! ThreadId:1437
2025-12-25 17:22:12 [debug]: MySQL pool is connected! ThreadId:1438
2025-12-25 17:22:12 [debug]: MySQL pool is begin transaction! ThreadId: 1438
2025-12-25 17:22:12 [debug]: MySQL pool is committed! ThreadId: 1438
2025-12-25 17:22:12 [debug]: MySQL pool is released! ThreadId: 1438
2025-12-25 17:22:12 [debug]: MySQL pool is connected! ThreadId:1438
2025-12-25 17:22:12 [debug]: MySQL pool is connected! ThreadId:1439
2025-12-25 17:22:12 [debug]: MySQL pool is begin transaction! ThreadId: 1439
2025-12-25 17:22:12 [debug]:
Error loading event script:
{}
2025-12-25 17:22:12 [debug]: MySQL pool is roll back! ThreadId: 1439
2025-12-25 17:22:12 [debug]: MySQL pool is released! ThreadId: 1439
2025-12-25 17:29:15 [debug]: MySQL pool is connected! ThreadId:1439
2025-12-25 18:01:58 [debug]: MySQL pool is connected! ThreadId:1440
2025-12-25 18:01:58 [debug]: [401]Authorization token is expired.
2025-12-25 18:01:58 [debug]: MySQL pool is released! ThreadId: 1440
2025-12-25 18:01:58 [debug]: MySQL pool is connected! ThreadId:1440
2025-12-25 18:01:58 [debug]: MySQL pool is connected! ThreadId:1441
2025-12-25 18:01:58 [debug]: MySQL pool is begin transaction! ThreadId: 1441
2025-12-25 18:01:58 [debug]: MySQL pool is committed! ThreadId: 1441
2025-12-25 18:01:58 [debug]: MySQL pool is released! ThreadId: 1441
2025-12-25 18:01:58 [debug]: MySQL pool is connected! ThreadId:1441
2025-12-25 18:01:58 [debug]: MySQL pool is connected! ThreadId:1442
2025-12-25 18:01:58 [debug]: MySQL pool is begin transaction! ThreadId: 1442
2025-12-25 18:01:58 [debug]: MySQL pool is committed! ThreadId: 1442
2025-12-25 18:01:58 [debug]: MySQL pool is released! ThreadId: 1442
2025-12-25 18:01:58 [debug]: MySQL pool is connected! ThreadId:1442
2025-12-25 18:01:58 [debug]: MySQL pool is connected! ThreadId:1443
2025-12-25 18:01:58 [debug]: MySQL pool is begin transaction! ThreadId: 1443
2025-12-25 18:01:58 [debug]: MySQL pool is committed! ThreadId: 1443
2025-12-25 18:01:58 [debug]: MySQL pool is released! ThreadId: 1443
 Efors v0.0.1

2026-01-05 23:14:31 [debug]: Initializing Middlewares...
2026-01-05 23:15:00 [debug]: Initializing MySQL pool...
2026-01-05 23:15:00 [debug]: MySQL pool is Initialized!
2026-01-05 23:15:00 [debug]: MySQL pool is connected! ThreadId:1452
2026-01-05 23:15:00 [debug]: [401]Authorization token is expired.
2026-01-05 23:15:00 [debug]: MySQL pool is released! ThreadId: 1452
2026-01-05 23:15:00 [debug]: MySQL pool is connected! ThreadId:1452
2026-01-05 23:15:00 [debug]: [401]Authorization token is expired.
2026-01-05 23:15:00 [debug]: MySQL pool is released! ThreadId: 1452
2026-01-05 23:15:16 [debug]: MySQL pool is connected! ThreadId:1452
2026-01-05 23:15:16 [debug]: MySQL pool is connected! ThreadId:1453
2026-01-05 23:15:16 [debug]: MySQL pool is begin transaction! ThreadId: 1453
2026-01-05 23:15:16 [debug]: MySQL pool is committed! ThreadId: 1453
2026-01-05 23:15:16 [debug]: MySQL pool is released! ThreadId: 1453
2026-01-05 23:15:16 [debug]: MySQL pool is connected! ThreadId:1453
2026-01-05 23:15:32 [debug]: MySQL pool is connected! ThreadId:1454
2026-01-05 23:15:38 [debug]: MySQL pool is connected! ThreadId:1455
2026-01-05 23:15:38 [debug]: MySQL pool is connected! ThreadId:1456
2026-01-05 23:15:38 [debug]: MySQL pool is begin transaction! ThreadId: 1456
2026-01-05 23:15:38 [debug]: MySQL pool is committed! ThreadId: 1456
2026-01-05 23:15:38 [debug]: MySQL pool is released! ThreadId: 1456
2026-01-05 23:15:38 [debug]: MySQL pool is connected! ThreadId:1456
2026-01-05 23:15:38 [debug]: MySQL pool is connected! ThreadId:1457
2026-01-05 23:15:38 [debug]: MySQL pool is begin transaction! ThreadId: 1457
2026-01-05 23:15:44 [debug]: MySQL pool is committed! ThreadId: 1457
2026-01-05 23:15:44 [debug]: MySQL pool is released! ThreadId: 1457
2026-01-05 23:17:26 [debug]: MySQL pool is connected! ThreadId:1457
2026-01-05 23:17:26 [debug]: MySQL pool is connected! ThreadId:1458
2026-01-05 23:17:26 [debug]: MySQL pool is begin transaction! ThreadId: 1458
2026-01-05 23:17:26 [debug]: MySQL pool is committed! ThreadId: 1458
2026-01-05 23:17:26 [debug]: MySQL pool is released! ThreadId: 1458
2026-01-05 23:17:26 [debug]: MySQL pool is connected! ThreadId:1458
2026-01-05 23:17:26 [debug]: MySQL pool is connected! ThreadId:1459
2026-01-05 23:17:26 [debug]: MySQL pool is begin transaction! ThreadId: 1459
2026-01-05 23:17:26 [debug]: MySQL pool is committed! ThreadId: 1459
2026-01-05 23:17:26 [debug]: MySQL pool is released! ThreadId: 1459
2026-01-05 23:17:36 [debug]: MySQL pool is connected! ThreadId:1459
2026-01-05 23:17:36 [debug]: MySQL pool is connected! ThreadId:1460
2026-01-05 23:17:36 [debug]: MySQL pool is begin transaction! ThreadId: 1460
2026-01-05 23:17:36 [debug]: MySQL pool is committed! ThreadId: 1460
2026-01-05 23:17:36 [debug]: MySQL pool is released! ThreadId: 1460
2026-01-05 23:20:26 [debug]: MySQL pool is connected! ThreadId:1460
2026-01-05 23:20:26 [debug]: MySQL pool is connected! ThreadId:1461
2026-01-05 23:20:26 [debug]: MySQL pool is begin transaction! ThreadId: 1461
2026-01-05 23:20:26 [debug]: MySQL pool is committed! ThreadId: 1461
2026-01-05 23:20:26 [debug]: MySQL pool is released! ThreadId: 1461
2026-01-05 23:20:29 [debug]: MySQL pool is connected! ThreadId:1461
2026-01-05 23:20:29 [debug]: MySQL pool is connected! ThreadId:1462
2026-01-05 23:20:29 [debug]: MySQL pool is begin transaction! ThreadId: 1462
2026-01-05 23:20:29 [debug]: MySQL pool is committed! ThreadId: 1462
2026-01-05 23:20:29 [debug]: MySQL pool is released! ThreadId: 1462
 Efors v0.0.1

2026-01-05 23:24:38 [debug]: Initializing Middlewares...
2026-01-05 23:25:18 [debug]: Initializing MySQL pool...
2026-01-05 23:25:18 [debug]: MySQL pool is Initialized!
2026-01-05 23:25:18 [debug]: MySQL pool is connected! ThreadId:1463
2026-01-05 23:25:18 [debug]: MySQL pool is connected! ThreadId:1464
2026-01-05 23:25:18 [debug]: MySQL pool is connected! ThreadId:1465
2026-01-05 23:25:18 [debug]: MySQL pool is begin transaction! ThreadId: 1465
2026-01-05 23:25:18 [debug]: MySQL pool is committed! ThreadId: 1465
2026-01-05 23:25:18 [debug]: MySQL pool is released! ThreadId: 1465
2026-01-05 23:25:18 [debug]: MySQL pool is connected! ThreadId:1465
2026-01-05 23:25:18 [debug]: MySQL pool is connected! ThreadId:1466
2026-01-05 23:25:18 [debug]: MySQL pool is begin transaction! ThreadId: 1466
2026-01-05 23:25:18 [debug]: MySQL pool is committed! ThreadId: 1466
2026-01-05 23:25:18 [debug]: MySQL pool is released! ThreadId: 1466
2026-01-05 23:25:23 [debug]: MySQL pool is connected! ThreadId:1466
2026-01-05 23:25:23 [debug]: MySQL pool is connected! ThreadId:1467
2026-01-05 23:25:23 [debug]: MySQL pool is begin transaction! ThreadId: 1467
2026-01-05 23:25:23 [debug]: MySQL pool is committed! ThreadId: 1467
2026-01-05 23:25:23 [debug]: MySQL pool is released! ThreadId: 1467
 Efors v0.0.1

2026-01-05 23:26:12 [debug]: Initializing Middlewares...
2026-01-05 23:28:33 [debug]: Initializing MySQL pool...
2026-01-05 23:28:33 [debug]: MySQL pool is Initialized!
2026-01-05 23:28:33 [debug]: MySQL pool is connected! ThreadId:1468
2026-01-05 23:28:33 [debug]: MySQL pool is connected! ThreadId:1469
2026-01-05 23:28:33 [debug]: MySQL pool is connected! ThreadId:1470
2026-01-05 23:28:33 [debug]: MySQL pool is begin transaction! ThreadId: 1470
2026-01-05 23:28:33 [debug]: MySQL pool is committed! ThreadId: 1470
2026-01-05 23:28:33 [debug]: MySQL pool is released! ThreadId: 1470
2026-01-05 23:28:33 [debug]: MySQL pool is connected! ThreadId:1470
2026-01-05 23:28:33 [debug]: MySQL pool is connected! ThreadId:1471
2026-01-05 23:28:33 [debug]: MySQL pool is begin transaction! ThreadId: 1471
2026-01-05 23:28:33 [debug]: MySQL pool is committed! ThreadId: 1471
2026-01-05 23:28:33 [debug]: MySQL pool is released! ThreadId: 1471
2026-01-05 23:28:41 [debug]: MySQL pool is connected! ThreadId:1471
2026-01-05 23:28:41 [debug]: MySQL pool is connected! ThreadId:1472
2026-01-05 23:28:41 [debug]: MySQL pool is begin transaction! ThreadId: 1472
2026-01-05 23:28:41 [debug]: MySQL pool is committed! ThreadId: 1472
2026-01-05 23:28:41 [debug]: MySQL pool is released! ThreadId: 1472
 Efors v0.0.1

2026-01-05 23:28:54 [debug]: Initializing Middlewares...
2026-01-05 23:28:59 [debug]: Initializing MySQL pool...
2026-01-05 23:28:59 [debug]: MySQL pool is Initialized!
2026-01-05 23:28:59 [debug]: MySQL pool is connected! ThreadId:1473
2026-01-05 23:28:59 [debug]: MySQL pool is connected! ThreadId:1474
2026-01-05 23:28:59 [debug]: MySQL pool is begin transaction! ThreadId: 1474
2026-01-05 23:28:59 [debug]: MySQL pool is committed! ThreadId: 1474
2026-01-05 23:28:59 [debug]: MySQL pool is released! ThreadId: 1474
2026-01-05 23:36:02 [debug]: MySQL pool is connected! ThreadId:1474
2026-01-05 23:36:02 [debug]: MySQL pool is connected! ThreadId:1475
2026-01-05 23:36:02 [debug]: MySQL pool is begin transaction! ThreadId: 1475
2026-01-05 23:36:02 [debug]: MySQL pool is committed! ThreadId: 1475
2026-01-05 23:36:02 [debug]: MySQL pool is released! ThreadId: 1475
2026-01-05 23:36:07 [debug]: MySQL pool is connected! ThreadId:1475
2026-01-05 23:36:07 [debug]: MySQL pool is connected! ThreadId:1476
2026-01-05 23:36:07 [debug]: MySQL pool is begin transaction! ThreadId: 1476
2026-01-05 23:36:07 [debug]: MySQL pool is committed! ThreadId: 1476
2026-01-05 23:36:07 [debug]: MySQL pool is released! ThreadId: 1476
 Efors v0.0.1

2026-01-05 23:37:36 [debug]: Initializing Middlewares...
2026-01-05 23:38:05 [debug]: Initializing MySQL pool...
2026-01-05 23:38:05 [debug]: MySQL pool is Initialized!
2026-01-05 23:38:05 [debug]: MySQL pool is connected! ThreadId:1477
2026-01-05 23:38:05 [debug]: MySQL pool is connected! ThreadId:1478
2026-01-05 23:38:05 [debug]: MySQL pool is begin transaction! ThreadId: 1478
2026-01-05 23:38:06 [debug]: MySQL pool is committed! ThreadId: 1478
2026-01-05 23:38:06 [debug]: MySQL pool is released! ThreadId: 1478
 Efors v0.0.1

2026-01-05 23:44:49 [debug]: Initializing Middlewares...
2026-01-05 23:53:50 [debug]: Initializing MySQL pool...
2026-01-05 23:53:50 [debug]: MySQL pool is Initialized!
2026-01-05 23:53:50 [debug]: MySQL pool is connected! ThreadId:1479
2026-01-05 23:53:53 [debug]: MySQL pool is connected! ThreadId:1480
2026-01-05 23:53:53 [debug]: MySQL pool is connected! ThreadId:1481
2026-01-05 23:53:53 [debug]: MySQL pool is begin transaction! ThreadId: 1481
2026-01-05 23:53:53 [debug]: MySQL pool is committed! ThreadId: 1481
2026-01-05 23:53:53 [debug]: MySQL pool is released! ThreadId: 1481
2026-01-05 23:53:53 [debug]: MySQL pool is connected! ThreadId:1481
2026-01-05 23:53:53 [debug]: MySQL pool is connected! ThreadId:1482
2026-01-05 23:53:53 [debug]: MySQL pool is begin transaction! ThreadId: 1482
2026-01-05 23:53:53 [debug]: MySQL pool is committed! ThreadId: 1482
2026-01-05 23:53:53 [debug]: MySQL pool is released! ThreadId: 1482
2026-01-05 23:53:55 [debug]: MySQL pool is connected! ThreadId:1482
2026-01-05 23:53:59 [debug]: MySQL pool is connected! ThreadId:1483
2026-01-05 23:54:00 [debug]: MySQL pool is connected! ThreadId:1484
2026-01-05 23:54:00 [debug]: MySQL pool is connected! ThreadId:1485
2026-01-05 23:54:00 [debug]: MySQL pool is begin transaction! ThreadId: 1485
2026-01-05 23:54:00 [debug]: MySQL pool is committed! ThreadId: 1485
2026-01-05 23:54:00 [debug]: MySQL pool is released! ThreadId: 1485
2026-01-05 23:54:00 [debug]: MySQL pool is connected! ThreadId:1485
2026-01-05 23:54:00 [debug]: MySQL pool is connected! ThreadId:1486
2026-01-05 23:54:00 [debug]: MySQL pool is begin transaction! ThreadId: 1486
2026-01-05 23:54:00 [debug]: MySQL pool is committed! ThreadId: 1486
2026-01-05 23:54:00 [debug]: MySQL pool is released! ThreadId: 1486
2026-01-05 23:54:02 [debug]: MySQL pool is connected! ThreadId:1486
2026-01-05 23:54:03 [debug]: MySQL pool is connected! ThreadId:1487
2026-01-05 23:54:03 [debug]: MySQL pool is connected! ThreadId:1488
2026-01-05 23:54:03 [debug]: MySQL pool is begin transaction! ThreadId: 1488
2026-01-05 23:54:03 [debug]:
Error loading document type:
{
  name: "ResolveMessage",
  position: null,
  message: "Cannot find module 'D:\\miau\\apps\\efors-admin\\api\\doctype\\tax.ts' from 'D:\\miau\\apps\\efors-admin\\dist\\apps\\server\\server.mjs'",
  level: "error",
  specifier: "D:\\miau\\apps\\efors-admin\\api\\doctype\\tax.ts",
  importKind: "import-statement",
  referrer: "D:\\miau\\apps\\efors-admin\\dist\\apps\\server\\server.mjs"
}
2026-01-05 23:54:03 [debug]: [500]Error loading document type [tax]
2026-01-05 23:54:03 [debug]: MySQL pool is roll back! ThreadId: 1488
2026-01-05 23:54:03 [debug]: MySQL pool is released! ThreadId: 1488
2026-01-05 23:54:05 [debug]: MySQL pool is connected! ThreadId:1488
2026-01-05 23:54:08 [debug]: MySQL pool is connected! ThreadId:1489
2026-01-05 23:54:08 [debug]: MySQL pool is connected! ThreadId:1490
2026-01-05 23:54:08 [debug]: MySQL pool is begin transaction! ThreadId: 1490
2026-01-05 23:54:08 [debug]:
Error loading document type:
{
  name: "ResolveMessage",
  position: null,
  message: "Cannot find module 'D:\\miau\\apps\\efors-admin\\api\\doctype\\tax.ts' from 'D:\\miau\\apps\\efors-admin\\dist\\apps\\server\\server.mjs'",
  level: "error",
  specifier: "D:\\miau\\apps\\efors-admin\\api\\doctype\\tax.ts",
  importKind: "import-statement",
  referrer: "D:\\miau\\apps\\efors-admin\\dist\\apps\\server\\server.mjs"
}
2026-01-05 23:54:08 [debug]: [500]Error loading document type [tax]
2026-01-05 23:54:08 [debug]: MySQL pool is roll back! ThreadId: 1490
2026-01-05 23:54:08 [debug]: MySQL pool is released! ThreadId: 1490
2026-01-05 23:54:10 [debug]: MySQL pool is connected! ThreadId:1490
2026-01-05 23:54:19 [debug]: MySQL pool is connected! ThreadId:1491
2026-01-05 23:54:19 [debug]: MySQL pool is connected! ThreadId:1492
2026-01-05 23:54:19 [debug]: MySQL pool is begin transaction! ThreadId: 1492
2026-01-05 23:54:19 [debug]:
Error loading document type:
{
  name: "ResolveMessage",
  position: null,
  message: "Cannot find module 'D:\\miau\\apps\\efors-admin\\api\\doctype\\tax.ts' from 'D:\\miau\\apps\\efors-admin\\dist\\apps\\server\\server.mjs'",
  level: "error",
  specifier: "D:\\miau\\apps\\efors-admin\\api\\doctype\\tax.ts",
  importKind: "import-statement",
  referrer: "D:\\miau\\apps\\efors-admin\\dist\\apps\\server\\server.mjs"
}
2026-01-05 23:54:19 [debug]: [500]Error loading document type [tax]
2026-01-05 23:54:19 [debug]: MySQL pool is roll back! ThreadId: 1492
2026-01-05 23:54:19 [debug]: MySQL pool is released! ThreadId: 1492
2026-01-05 23:54:42 [debug]: MySQL pool is connected! ThreadId:1492
2026-01-05 23:54:43 [debug]: MySQL pool is connected! ThreadId:1493
2026-01-05 23:54:43 [debug]: MySQL pool is connected! ThreadId:1494
2026-01-05 23:54:43 [debug]: MySQL pool is begin transaction! ThreadId: 1494
2026-01-05 23:54:43 [debug]: MySQL pool is committed! ThreadId: 1494
2026-01-05 23:54:43 [debug]: MySQL pool is released! ThreadId: 1494
2026-01-05 23:54:43 [debug]: MySQL pool is connected! ThreadId:1494
2026-01-05 23:54:43 [debug]: MySQL pool is connected! ThreadId:1495
2026-01-05 23:54:43 [debug]: MySQL pool is begin transaction! ThreadId: 1495
2026-01-05 23:54:43 [debug]: MySQL pool is committed! ThreadId: 1495
2026-01-05 23:54:43 [debug]: MySQL pool is released! ThreadId: 1495
2026-01-05 23:54:44 [debug]: MySQL pool is connected! ThreadId:1495
2026-01-05 23:54:44 [debug]: MySQL pool is connected! ThreadId:1496
2026-01-05 23:54:44 [debug]: MySQL pool is begin transaction! ThreadId: 1496
2026-01-05 23:54:44 [debug]: MySQL pool is committed! ThreadId: 1496
2026-01-05 23:54:44 [debug]: MySQL pool is released! ThreadId: 1496
2026-01-05 23:54:44 [debug]: MySQL pool is connected! ThreadId:1496
2026-01-05 23:54:44 [debug]: MySQL pool is connected! ThreadId:1497
2026-01-05 23:54:44 [debug]: MySQL pool is begin transaction! ThreadId: 1497
2026-01-05 23:54:44 [debug]: MySQL pool is committed! ThreadId: 1497
2026-01-05 23:54:44 [debug]: MySQL pool is released! ThreadId: 1497
2026-01-05 23:58:42 [debug]: MySQL pool is connected! ThreadId:1497
2026-01-05 23:58:42 [debug]: MySQL pool is connected! ThreadId:1498
2026-01-05 23:58:42 [debug]: MySQL pool is begin transaction! ThreadId: 1498
2026-01-05 23:58:42 [debug]: MySQL pool is committed! ThreadId: 1498
2026-01-05 23:58:42 [debug]: MySQL pool is released! ThreadId: 1498
