2025-12-07 03:27:51 [error]: [401]Invalid sys or com.
2025-12-07 03:27:57 [error]: [401]Invalid sys or com.
2025-12-07 03:28:16 [error]: [401]Invalid sys or com.
2025-12-07 03:28:42 [error]: [401]Invalid sys or com.
2025-12-07 03:28:45 [error]: [401]Invalid sys or com.
2025-12-07 03:28:50 [error]: [401]Invalid sys or com.
2025-12-07 03:48:06 [error]:
You have an error in your SQL syntax; check the manual that corresponds to your MySQL server version for the right syntax to use near '""  ORDER BY undefined undefined LIMIT 20 OFFSET 0' at line 1
sql: SELECT t.idx,t.id,t.createdDate,t.createdBy,t.modifiedDate,t.lastModifiedBy,t.docStatus,t.isActive,t.isDeleted,t.code,t.companyName,t.contactNo,t.email,t.tinNo,t.businessRegNo,t.identificationType,t.sstRegistration,t.industryClassification,t.address1,t.address2,t.address3,t.postcode,t.city,t.stateCode,t.countryCode,t.enableSandbox,t.eInvoiceIdSandbox,t.eInvoiceSecretSandbox,t.enableProduction,t.eInvoiceId,t.eInvoiceSecret,t.defaultTaxableType,t.defaultItemClassification,t.defaultItemUOM FROM eforsdb.company AS t WHERE ( undefined = null and undefined = null and undefined = null and undefined = null and undefined = null ) and isDeleted = 0 and isDeleted is null ""  ORDER BY undefined undefined LIMIT 20 OFFSET 0
2025-12-07 03:48:06 [error]:
Error getting documents:
{
  message: "You have an error in your SQL syntax; check the manual that corresponds to your MySQL server version for the right syntax to use near '\"\"  ORDER BY undefined undefined LIMIT 20 OFFSET 0' at line 1",
  code: "ER_PARSE_ERROR",
  errno: 1064,
  sql: "SELECT t.idx,t.id,t.createdDate,t.createdBy,t.modifiedDate,t.lastModifiedBy,t.docStatus,t.isActive,t.isDeleted,t.code,t.companyName,t.contactNo,t.email,t.tinNo,t.businessRegNo,t.identificationType,t.sstRegistration,t.industryClassification,t.address1,t.address2,t.address3,t.postcode,t.city,t.stateCode,t.countryCode,t.enableSandbox,t.eInvoiceIdSandbox,t.eInvoiceSecretSandbox,t.enableProduction,t.eInvoiceId,t.eInvoiceSecret,t.defaultTaxableType,t.defaultItemClassification,t.defaultItemUOM FROM eforsdb.company AS t WHERE ( undefined = null and undefined = null and undefined = null and undefined = null and undefined = null ) and isDeleted = 0 and isDeleted is null \"\"  ORDER BY undefined undefined LIMIT 20 OFFSET 0",
  sqlState: "42000",
  sqlMessage: "You have an error in your SQL syntax; check the manual that corresponds to your MySQL server version for the right syntax to use near '\"\"  ORDER BY undefined undefined LIMIT 20 OFFSET 0' at line 1"
}
2025-12-07 03:53:24 [error]:
You have an error in your SQL syntax; check the manual that corresponds to your MySQL server version for the right syntax to use near '""  ORDER BY undefined undefined LIMIT 20 OFFSET 0' at line 1
sql: SELECT t.idx,t.id,t.createdDate,t.createdBy,t.modifiedDate,t.lastModifiedBy,t.docStatus,t.isActive,t.isDeleted,t.code,t.companyName,t.contactNo,t.email,t.tinNo,t.businessRegNo,t.identificationType,t.sstRegistration,t.industryClassification,t.address1,t.address2,t.address3,t.postcode,t.city,t.stateCode,t.countryCode,t.enableSandbox,t.eInvoiceIdSandbox,t.eInvoiceSecretSandbox,t.enableProduction,t.eInvoiceId,t.eInvoiceSecret,t.defaultTaxableType,t.defaultItemClassification,t.defaultItemUOM FROM eforsdb.company AS t WHERE ( undefined = null and undefined = null and undefined = null and undefined = null and undefined = null ) and isDeleted = 0 and isDeleted is null ""  ORDER BY undefined undefined LIMIT 20 OFFSET 0
2025-12-07 03:53:24 [error]:
Error getting documents:
{
  message: "You have an error in your SQL syntax; check the manual that corresponds to your MySQL server version for the right syntax to use near '\"\"  ORDER BY undefined undefined LIMIT 20 OFFSET 0' at line 1",
  code: "ER_PARSE_ERROR",
  errno: 1064,
  sql: "SELECT t.idx,t.id,t.createdDate,t.createdBy,t.modifiedDate,t.lastModifiedBy,t.docStatus,t.isActive,t.isDeleted,t.code,t.companyName,t.contactNo,t.email,t.tinNo,t.businessRegNo,t.identificationType,t.sstRegistration,t.industryClassification,t.address1,t.address2,t.address3,t.postcode,t.city,t.stateCode,t.countryCode,t.enableSandbox,t.eInvoiceIdSandbox,t.eInvoiceSecretSandbox,t.enableProduction,t.eInvoiceId,t.eInvoiceSecret,t.defaultTaxableType,t.defaultItemClassification,t.defaultItemUOM FROM eforsdb.company AS t WHERE ( undefined = null and undefined = null and undefined = null and undefined = null and undefined = null ) and isDeleted = 0 and isDeleted is null \"\"  ORDER BY undefined undefined LIMIT 20 OFFSET 0",
  sqlState: "42000",
  sqlMessage: "You have an error in your SQL syntax; check the manual that corresponds to your MySQL server version for the right syntax to use near '\"\"  ORDER BY undefined undefined LIMIT 20 OFFSET 0' at line 1"
}
2025-12-07 03:54:23 [error]:
You have an error in your SQL syntax; check the manual that corresponds to your MySQL server version for the right syntax to use near '""  ORDER BY undefined undefined LIMIT 20 OFFSET 0' at line 1
sql: SELECT t.idx,t.id,t.createdDate,t.createdBy,t.modifiedDate,t.lastModifiedBy,t.docStatus,t.isActive,t.isDeleted,t.code,t.companyName,t.contactNo,t.email,t.tinNo,t.businessRegNo,t.identificationType,t.sstRegistration,t.industryClassification,t.address1,t.address2,t.address3,t.postcode,t.city,t.stateCode,t.countryCode,t.enableSandbox,t.eInvoiceIdSandbox,t.eInvoiceSecretSandbox,t.enableProduction,t.eInvoiceId,t.eInvoiceSecret,t.defaultTaxableType,t.defaultItemClassification,t.defaultItemUOM FROM eforsdb.company AS t WHERE ( undefined = null and undefined = null and undefined = null and undefined = null and undefined = null ) and isDeleted = 0 and isDeleted is null ""  ORDER BY undefined undefined LIMIT 20 OFFSET 0
2025-12-07 03:54:23 [error]:
Error getting documents:
{
  message: "You have an error in your SQL syntax; check the manual that corresponds to your MySQL server version for the right syntax to use near '\"\"  ORDER BY undefined undefined LIMIT 20 OFFSET 0' at line 1",
  code: "ER_PARSE_ERROR",
  errno: 1064,
  sql: "SELECT t.idx,t.id,t.createdDate,t.createdBy,t.modifiedDate,t.lastModifiedBy,t.docStatus,t.isActive,t.isDeleted,t.code,t.companyName,t.contactNo,t.email,t.tinNo,t.businessRegNo,t.identificationType,t.sstRegistration,t.industryClassification,t.address1,t.address2,t.address3,t.postcode,t.city,t.stateCode,t.countryCode,t.enableSandbox,t.eInvoiceIdSandbox,t.eInvoiceSecretSandbox,t.enableProduction,t.eInvoiceId,t.eInvoiceSecret,t.defaultTaxableType,t.defaultItemClassification,t.defaultItemUOM FROM eforsdb.company AS t WHERE ( undefined = null and undefined = null and undefined = null and undefined = null and undefined = null ) and isDeleted = 0 and isDeleted is null \"\"  ORDER BY undefined undefined LIMIT 20 OFFSET 0",
  sqlState: "42000",
  sqlMessage: "You have an error in your SQL syntax; check the manual that corresponds to your MySQL server version for the right syntax to use near '\"\"  ORDER BY undefined undefined LIMIT 20 OFFSET 0' at line 1"
}
2025-12-07 03:55:13 [error]:
You have an error in your SQL syntax; check the manual that corresponds to your MySQL server version for the right syntax to use near '""  ORDER BY undefined undefined LIMIT 20 OFFSET 0' at line 1
sql: SELECT t.idx,t.id,t.createdDate,t.createdBy,t.modifiedDate,t.lastModifiedBy,t.docStatus,t.isActive,t.isDeleted,t.code,t.companyName,t.contactNo,t.email,t.tinNo,t.businessRegNo,t.identificationType,t.sstRegistration,t.industryClassification,t.address1,t.address2,t.address3,t.postcode,t.city,t.stateCode,t.countryCode,t.enableSandbox,t.eInvoiceIdSandbox,t.eInvoiceSecretSandbox,t.enableProduction,t.eInvoiceId,t.eInvoiceSecret,t.defaultTaxableType,t.defaultItemClassification,t.defaultItemUOM FROM eforsdb.company AS t WHERE ( undefined = null and undefined = null and undefined = null and undefined = null and undefined = null ) and isDeleted = 0 and isDeleted is null ""  ORDER BY undefined undefined LIMIT 20 OFFSET 0
2025-12-07 03:55:13 [error]:
Error getting documents:
{
  message: "You have an error in your SQL syntax; check the manual that corresponds to your MySQL server version for the right syntax to use near '\"\"  ORDER BY undefined undefined LIMIT 20 OFFSET 0' at line 1",
  code: "ER_PARSE_ERROR",
  errno: 1064,
  sql: "SELECT t.idx,t.id,t.createdDate,t.createdBy,t.modifiedDate,t.lastModifiedBy,t.docStatus,t.isActive,t.isDeleted,t.code,t.companyName,t.contactNo,t.email,t.tinNo,t.businessRegNo,t.identificationType,t.sstRegistration,t.industryClassification,t.address1,t.address2,t.address3,t.postcode,t.city,t.stateCode,t.countryCode,t.enableSandbox,t.eInvoiceIdSandbox,t.eInvoiceSecretSandbox,t.enableProduction,t.eInvoiceId,t.eInvoiceSecret,t.defaultTaxableType,t.defaultItemClassification,t.defaultItemUOM FROM eforsdb.company AS t WHERE ( undefined = null and undefined = null and undefined = null and undefined = null and undefined = null ) and isDeleted = 0 and isDeleted is null \"\"  ORDER BY undefined undefined LIMIT 20 OFFSET 0",
  sqlState: "42000",
  sqlMessage: "You have an error in your SQL syntax; check the manual that corresponds to your MySQL server version for the right syntax to use near '\"\"  ORDER BY undefined undefined LIMIT 20 OFFSET 0' at line 1"
}
2025-12-07 04:01:37 [error]:
You have an error in your SQL syntax; check the manual that corresponds to your MySQL server version for the right syntax to use near '""  ORDER BY undefined undefined LIMIT 20 OFFSET 0' at line 1
sql: SELECT t.idx,t.id,t.createdDate,t.createdBy,t.modifiedDate,t.lastModifiedBy,t.docStatus,t.isActive,t.isDeleted,t.code,t.companyName,t.contactNo,t.email,t.tinNo,t.businessRegNo,t.identificationType,t.sstRegistration,t.industryClassification,t.address1,t.address2,t.address3,t.postcode,t.city,t.stateCode,t.countryCode,t.enableSandbox,t.eInvoiceIdSandbox,t.eInvoiceSecretSandbox,t.enableProduction,t.eInvoiceId,t.eInvoiceSecret,t.defaultTaxableType,t.defaultItemClassification,t.defaultItemUOM FROM eforsdb.company AS t WHERE ( undefined = null and undefined = null and undefined = null and undefined = null and undefined = null ) and isDeleted = 0 and isDeleted is null ""  ORDER BY undefined undefined LIMIT 20 OFFSET 0
2025-12-07 04:01:37 [error]:
Error getting documents:
{
  message: "You have an error in your SQL syntax; check the manual that corresponds to your MySQL server version for the right syntax to use near '\"\"  ORDER BY undefined undefined LIMIT 20 OFFSET 0' at line 1",
  code: "ER_PARSE_ERROR",
  errno: 1064,
  sql: "SELECT t.idx,t.id,t.createdDate,t.createdBy,t.modifiedDate,t.lastModifiedBy,t.docStatus,t.isActive,t.isDeleted,t.code,t.companyName,t.contactNo,t.email,t.tinNo,t.businessRegNo,t.identificationType,t.sstRegistration,t.industryClassification,t.address1,t.address2,t.address3,t.postcode,t.city,t.stateCode,t.countryCode,t.enableSandbox,t.eInvoiceIdSandbox,t.eInvoiceSecretSandbox,t.enableProduction,t.eInvoiceId,t.eInvoiceSecret,t.defaultTaxableType,t.defaultItemClassification,t.defaultItemUOM FROM eforsdb.company AS t WHERE ( undefined = null and undefined = null and undefined = null and undefined = null and undefined = null ) and isDeleted = 0 and isDeleted is null \"\"  ORDER BY undefined undefined LIMIT 20 OFFSET 0",
  sqlState: "42000",
  sqlMessage: "You have an error in your SQL syntax; check the manual that corresponds to your MySQL server version for the right syntax to use near '\"\"  ORDER BY undefined undefined LIMIT 20 OFFSET 0' at line 1"
}
2025-12-07 04:02:30 [error]:
You have an error in your SQL syntax; check the manual that corresponds to your MySQL server version for the right syntax to use near '""  ORDER BY undefined undefined LIMIT 20 OFFSET 0' at line 1
sql: SELECT t.idx,t.id,t.createdDate,t.createdBy,t.modifiedDate,t.lastModifiedBy,t.docStatus,t.isActive,t.isDeleted,t.code,t.companyName,t.contactNo,t.email,t.tinNo,t.businessRegNo,t.identificationType,t.sstRegistration,t.industryClassification,t.address1,t.address2,t.address3,t.postcode,t.city,t.stateCode,t.countryCode,t.enableSandbox,t.eInvoiceIdSandbox,t.eInvoiceSecretSandbox,t.enableProduction,t.eInvoiceId,t.eInvoiceSecret,t.defaultTaxableType,t.defaultItemClassification,t.defaultItemUOM FROM eforsdb.company AS t WHERE ( undefined = null and undefined = null and undefined = null and undefined = null and undefined = null ) and isDeleted = 0 and isDeleted is null ""  ORDER BY undefined undefined LIMIT 20 OFFSET 0
2025-12-07 04:02:30 [error]:
Error getting documents:
{
  message: "You have an error in your SQL syntax; check the manual that corresponds to your MySQL server version for the right syntax to use near '\"\"  ORDER BY undefined undefined LIMIT 20 OFFSET 0' at line 1",
  code: "ER_PARSE_ERROR",
  errno: 1064,
  sql: "SELECT t.idx,t.id,t.createdDate,t.createdBy,t.modifiedDate,t.lastModifiedBy,t.docStatus,t.isActive,t.isDeleted,t.code,t.companyName,t.contactNo,t.email,t.tinNo,t.businessRegNo,t.identificationType,t.sstRegistration,t.industryClassification,t.address1,t.address2,t.address3,t.postcode,t.city,t.stateCode,t.countryCode,t.enableSandbox,t.eInvoiceIdSandbox,t.eInvoiceSecretSandbox,t.enableProduction,t.eInvoiceId,t.eInvoiceSecret,t.defaultTaxableType,t.defaultItemClassification,t.defaultItemUOM FROM eforsdb.company AS t WHERE ( undefined = null and undefined = null and undefined = null and undefined = null and undefined = null ) and isDeleted = 0 and isDeleted is null \"\"  ORDER BY undefined undefined LIMIT 20 OFFSET 0",
  sqlState: "42000",
  sqlMessage: "You have an error in your SQL syntax; check the manual that corresponds to your MySQL server version for the right syntax to use near '\"\"  ORDER BY undefined undefined LIMIT 20 OFFSET 0' at line 1"
}
2025-12-07 04:21:49 [error]:
You have an error in your SQL syntax; check the manual that corresponds to your MySQL server version for the right syntax to use near '""  ORDER BY undefined undefined LIMIT 20 OFFSET 0' at line 1
sql: SELECT t.idx,t.id,t.createdDate,t.createdBy,t.modifiedDate,t.lastModifiedBy,t.docStatus,t.isActive,t.isDeleted,t.code,t.companyName,t.contactNo,t.email,t.tinNo,t.businessRegNo,t.identificationType,t.sstRegistration,t.industryClassification,t.address1,t.address2,t.address3,t.postcode,t.city,t.stateCode,t.countryCode,t.enableSandbox,t.eInvoiceIdSandbox,t.eInvoiceSecretSandbox,t.enableProduction,t.eInvoiceId,t.eInvoiceSecret,t.defaultTaxableType,t.defaultItemClassification,t.defaultItemUOM FROM eforsdb.company AS t WHERE ( undefined = null and undefined = null and undefined = null and undefined = null and undefined = null ) and isDeleted = 0 and isDeleted is null ""  ORDER BY undefined undefined LIMIT 20 OFFSET 0
2025-12-07 04:21:49 [error]:
Error getting documents:
{
  message: "You have an error in your SQL syntax; check the manual that corresponds to your MySQL server version for the right syntax to use near '\"\"  ORDER BY undefined undefined LIMIT 20 OFFSET 0' at line 1",
  code: "ER_PARSE_ERROR",
  errno: 1064,
  sql: "SELECT t.idx,t.id,t.createdDate,t.createdBy,t.modifiedDate,t.lastModifiedBy,t.docStatus,t.isActive,t.isDeleted,t.code,t.companyName,t.contactNo,t.email,t.tinNo,t.businessRegNo,t.identificationType,t.sstRegistration,t.industryClassification,t.address1,t.address2,t.address3,t.postcode,t.city,t.stateCode,t.countryCode,t.enableSandbox,t.eInvoiceIdSandbox,t.eInvoiceSecretSandbox,t.enableProduction,t.eInvoiceId,t.eInvoiceSecret,t.defaultTaxableType,t.defaultItemClassification,t.defaultItemUOM FROM eforsdb.company AS t WHERE ( undefined = null and undefined = null and undefined = null and undefined = null and undefined = null ) and isDeleted = 0 and isDeleted is null \"\"  ORDER BY undefined undefined LIMIT 20 OFFSET 0",
  sqlState: "42000",
  sqlMessage: "You have an error in your SQL syntax; check the manual that corresponds to your MySQL server version for the right syntax to use near '\"\"  ORDER BY undefined undefined LIMIT 20 OFFSET 0' at line 1"
}
2025-12-07 04:26:40 [error]:
You have an error in your SQL syntax; check the manual that corresponds to your MySQL server version for the right syntax to use near '""  ORDER BY undefined undefined LIMIT 20 OFFSET 0' at line 1
sql: SELECT t.idx,t.id,t.createdDate,t.createdBy,t.modifiedDate,t.lastModifiedBy,t.docStatus,t.isActive,t.isDeleted,t.code,t.companyName,t.contactNo,t.email,t.tinNo,t.businessRegNo,t.identificationType,t.sstRegistration,t.industryClassification,t.address1,t.address2,t.address3,t.postcode,t.city,t.stateCode,t.countryCode,t.enableSandbox,t.eInvoiceIdSandbox,t.eInvoiceSecretSandbox,t.enableProduction,t.eInvoiceId,t.eInvoiceSecret,t.defaultTaxableType,t.defaultItemClassification,t.defaultItemUOM FROM eforsdb.company AS t WHERE ( undefined = null and undefined = null and undefined = null and undefined = null and undefined = null ) and isDeleted = 0 and isDeleted is null ""  ORDER BY undefined undefined LIMIT 20 OFFSET 0
2025-12-07 04:26:40 [error]:
Error getting documents:
{
  message: "You have an error in your SQL syntax; check the manual that corresponds to your MySQL server version for the right syntax to use near '\"\"  ORDER BY undefined undefined LIMIT 20 OFFSET 0' at line 1",
  code: "ER_PARSE_ERROR",
  errno: 1064,
  sql: "SELECT t.idx,t.id,t.createdDate,t.createdBy,t.modifiedDate,t.lastModifiedBy,t.docStatus,t.isActive,t.isDeleted,t.code,t.companyName,t.contactNo,t.email,t.tinNo,t.businessRegNo,t.identificationType,t.sstRegistration,t.industryClassification,t.address1,t.address2,t.address3,t.postcode,t.city,t.stateCode,t.countryCode,t.enableSandbox,t.eInvoiceIdSandbox,t.eInvoiceSecretSandbox,t.enableProduction,t.eInvoiceId,t.eInvoiceSecret,t.defaultTaxableType,t.defaultItemClassification,t.defaultItemUOM FROM eforsdb.company AS t WHERE ( undefined = null and undefined = null and undefined = null and undefined = null and undefined = null ) and isDeleted = 0 and isDeleted is null \"\"  ORDER BY undefined undefined LIMIT 20 OFFSET 0",
  sqlState: "42000",
  sqlMessage: "You have an error in your SQL syntax; check the manual that corresponds to your MySQL server version for the right syntax to use near '\"\"  ORDER BY undefined undefined LIMIT 20 OFFSET 0' at line 1"
}
2025-12-07 04:41:24 [error]: [401]Authorization token is expired.
2025-12-07 04:41:47 [error]: [401]Authorization token is expired.
2025-12-07 04:42:04 [error]: [401]Authorization token is expired.
2025-12-07 04:42:04 [error]: [401]Authorization token is expired.
2025-12-07 04:42:22 [error]: [401]Authorization token is expired.
2025-12-07 04:44:41 [error]: [401]Authorization token is expired.
2025-12-07 04:44:41 [error]: [401]Authorization token is expired.
2025-12-07 04:46:00 [error]: [401]Authorization token is expired.
2025-12-07 04:46:01 [error]: [401]Authorization token is expired.
2025-12-07 04:47:32 [error]: [401]Authorization token is expired.
2025-12-07 04:47:32 [error]: [401]Authorization token is expired.
2025-12-07 04:48:06 [error]: [401]Authorization token is expired.
2025-12-07 04:48:06 [error]:
You have an error in your SQL syntax; check the manual that corresponds to your MySQL server version for the right syntax to use near '""  ORDER BY undefined undefined LIMIT 20 OFFSET 0' at line 1
sql: SELECT t.idx,t.id,t.createdDate,t.createdBy,t.modifiedDate,t.lastModifiedBy,t.docStatus,t.isActive,t.isDeleted,t.code,t.companyName,t.contactNo,t.email,t.tinNo,t.businessRegNo,t.identificationType,t.sstRegistration,t.industryClassification,t.address1,t.address2,t.address3,t.postcode,t.city,t.stateCode,t.countryCode,t.enableSandbox,t.eInvoiceIdSandbox,t.eInvoiceSecretSandbox,t.enableProduction,t.eInvoiceId,t.eInvoiceSecret,t.defaultTaxableType,t.defaultItemClassification,t.defaultItemUOM FROM eforsdb.company AS t WHERE ( undefined = null and undefined = null and undefined = null and undefined = null and undefined = null ) and isDeleted = 0 and isDeleted is null ""  ORDER BY undefined undefined LIMIT 20 OFFSET 0
2025-12-07 04:48:06 [error]:
Error getting documents:
{
  message: "You have an error in your SQL syntax; check the manual that corresponds to your MySQL server version for the right syntax to use near '\"\"  ORDER BY undefined undefined LIMIT 20 OFFSET 0' at line 1",
  code: "ER_PARSE_ERROR",
  errno: 1064,
  sql: "SELECT t.idx,t.id,t.createdDate,t.createdBy,t.modifiedDate,t.lastModifiedBy,t.docStatus,t.isActive,t.isDeleted,t.code,t.companyName,t.contactNo,t.email,t.tinNo,t.businessRegNo,t.identificationType,t.sstRegistration,t.industryClassification,t.address1,t.address2,t.address3,t.postcode,t.city,t.stateCode,t.countryCode,t.enableSandbox,t.eInvoiceIdSandbox,t.eInvoiceSecretSandbox,t.enableProduction,t.eInvoiceId,t.eInvoiceSecret,t.defaultTaxableType,t.defaultItemClassification,t.defaultItemUOM FROM eforsdb.company AS t WHERE ( undefined = null and undefined = null and undefined = null and undefined = null and undefined = null ) and isDeleted = 0 and isDeleted is null \"\"  ORDER BY undefined undefined LIMIT 20 OFFSET 0",
  sqlState: "42000",
  sqlMessage: "You have an error in your SQL syntax; check the manual that corresponds to your MySQL server version for the right syntax to use near '\"\"  ORDER BY undefined undefined LIMIT 20 OFFSET 0' at line 1"
}
2025-12-07 04:48:32 [error]: [401]Authorization token is expired.
2025-12-07 04:48:32 [error]: [401]Authorization token is expired.
2025-12-07 04:52:10 [error]: [401]Authorization token is expired.
2025-12-07 04:52:10 [error]: [401]Authorization token is expired.
2025-12-07 04:52:28 [error]: [401]Authorization token is expired.
2025-12-07 04:52:29 [error]: [401]Authorization token is expired.
2025-12-07 04:53:22 [error]: [401]Authorization token is expired.
2025-12-07 04:53:22 [error]:
You have an error in your SQL syntax; check the manual that corresponds to your MySQL server version for the right syntax to use near '""  ORDER BY undefined undefined LIMIT 20 OFFSET 0' at line 1
sql: SELECT t.idx,t.id,t.createdDate,t.createdBy,t.modifiedDate,t.lastModifiedBy,t.docStatus,t.isActive,t.isDeleted,t.sysAcct,t.firstName,t.lastName,t.fullName,t.email,t.language,t.isSuperAdmin,t.lastLoginOn,t.isSystemAdmin,t.password,t.defaultCompany FROM eforsdb.user AS t WHERE ( undefined = null and undefined = null and undefined = null and undefined = null and undefined = null ) and isDeleted = 0 and isDeleted is null ""  ORDER BY undefined undefined LIMIT 20 OFFSET 0
2025-12-07 04:53:22 [error]:
Error getting documents:
{
  message: "You have an error in your SQL syntax; check the manual that corresponds to your MySQL server version for the right syntax to use near '\"\"  ORDER BY undefined undefined LIMIT 20 OFFSET 0' at line 1",
  code: "ER_PARSE_ERROR",
  errno: 1064,
  sql: "SELECT t.idx,t.id,t.createdDate,t.createdBy,t.modifiedDate,t.lastModifiedBy,t.docStatus,t.isActive,t.isDeleted,t.sysAcct,t.firstName,t.lastName,t.fullName,t.email,t.language,t.isSuperAdmin,t.lastLoginOn,t.isSystemAdmin,t.password,t.defaultCompany FROM eforsdb.user AS t WHERE ( undefined = null and undefined = null and undefined = null and undefined = null and undefined = null ) and isDeleted = 0 and isDeleted is null \"\"  ORDER BY undefined undefined LIMIT 20 OFFSET 0",
  sqlState: "42000",
  sqlMessage: "You have an error in your SQL syntax; check the manual that corresponds to your MySQL server version for the right syntax to use near '\"\"  ORDER BY undefined undefined LIMIT 20 OFFSET 0' at line 1"
}
2025-12-07 04:54:44 [error]: [401]Invalid loginId or password
2025-12-07 04:55:16 [error]: [401]Invalid loginId or password
2025-12-07 04:56:02 [error]: [401]Invalid loginId or password
2025-12-07 04:58:04 [error]:
You have an error in your SQL syntax; check the manual that corresponds to your MySQL server version for the right syntax to use near '""  ORDER BY undefined undefined LIMIT 20 OFFSET 0' at line 1
sql: SELECT t.idx,t.id,t.createdDate,t.createdBy,t.modifiedDate,t.lastModifiedBy,t.docStatus,t.isActive,t.isDeleted,t.code,t.companyName,t.contactNo,t.email,t.tinNo,t.businessRegNo,t.identificationType,t.sstRegistration,t.industryClassification,t.address1,t.address2,t.address3,t.postcode,t.city,t.stateCode,t.countryCode,t.enableSandbox,t.eInvoiceIdSandbox,t.eInvoiceSecretSandbox,t.enableProduction,t.eInvoiceId,t.eInvoiceSecret,t.defaultTaxableType,t.defaultItemClassification,t.defaultItemUOM FROM eforsdb.company AS t WHERE ( undefined = null and undefined = null and undefined = null and undefined = null and undefined = null ) and isDeleted = 0 and isDeleted is null ""  ORDER BY undefined undefined LIMIT 20 OFFSET 0
2025-12-07 04:58:04 [error]:
Error getting documents:
{
  message: "You have an error in your SQL syntax; check the manual that corresponds to your MySQL server version for the right syntax to use near '\"\"  ORDER BY undefined undefined LIMIT 20 OFFSET 0' at line 1",
  code: "ER_PARSE_ERROR",
  errno: 1064,
  sql: "SELECT t.idx,t.id,t.createdDate,t.createdBy,t.modifiedDate,t.lastModifiedBy,t.docStatus,t.isActive,t.isDeleted,t.code,t.companyName,t.contactNo,t.email,t.tinNo,t.businessRegNo,t.identificationType,t.sstRegistration,t.industryClassification,t.address1,t.address2,t.address3,t.postcode,t.city,t.stateCode,t.countryCode,t.enableSandbox,t.eInvoiceIdSandbox,t.eInvoiceSecretSandbox,t.enableProduction,t.eInvoiceId,t.eInvoiceSecret,t.defaultTaxableType,t.defaultItemClassification,t.defaultItemUOM FROM eforsdb.company AS t WHERE ( undefined = null and undefined = null and undefined = null and undefined = null and undefined = null ) and isDeleted = 0 and isDeleted is null \"\"  ORDER BY undefined undefined LIMIT 20 OFFSET 0",
  sqlState: "42000",
  sqlMessage: "You have an error in your SQL syntax; check the manual that corresponds to your MySQL server version for the right syntax to use near '\"\"  ORDER BY undefined undefined LIMIT 20 OFFSET 0' at line 1"
}
2025-12-07 05:02:39 [error]:
You have an error in your SQL syntax; check the manual that corresponds to your MySQL server version for the right syntax to use near '""  ORDER BY undefined undefined LIMIT 20 OFFSET 0' at line 1
sql: SELECT t.idx,t.id,t.createdDate,t.createdBy,t.modifiedDate,t.lastModifiedBy,t.docStatus,t.isActive,t.isDeleted,t.code,t.companyName,t.contactNo,t.email,t.tinNo,t.businessRegNo,t.identificationType,t.sstRegistration,t.industryClassification,t.address1,t.address2,t.address3,t.postcode,t.city,t.stateCode,t.countryCode,t.enableSandbox,t.eInvoiceIdSandbox,t.eInvoiceSecretSandbox,t.enableProduction,t.eInvoiceId,t.eInvoiceSecret,t.defaultTaxableType,t.defaultItemClassification,t.defaultItemUOM FROM eforsdb.company AS t WHERE ( undefined = null and undefined = null and undefined = null and undefined = null and undefined = null ) and isDeleted = 0 and isDeleted is null ""  ORDER BY undefined undefined LIMIT 20 OFFSET 0
2025-12-07 05:02:39 [error]:
Error getting documents:
{
  message: "You have an error in your SQL syntax; check the manual that corresponds to your MySQL server version for the right syntax to use near '\"\"  ORDER BY undefined undefined LIMIT 20 OFFSET 0' at line 1",
  code: "ER_PARSE_ERROR",
  errno: 1064,
  sql: "SELECT t.idx,t.id,t.createdDate,t.createdBy,t.modifiedDate,t.lastModifiedBy,t.docStatus,t.isActive,t.isDeleted,t.code,t.companyName,t.contactNo,t.email,t.tinNo,t.businessRegNo,t.identificationType,t.sstRegistration,t.industryClassification,t.address1,t.address2,t.address3,t.postcode,t.city,t.stateCode,t.countryCode,t.enableSandbox,t.eInvoiceIdSandbox,t.eInvoiceSecretSandbox,t.enableProduction,t.eInvoiceId,t.eInvoiceSecret,t.defaultTaxableType,t.defaultItemClassification,t.defaultItemUOM FROM eforsdb.company AS t WHERE ( undefined = null and undefined = null and undefined = null and undefined = null and undefined = null ) and isDeleted = 0 and isDeleted is null \"\"  ORDER BY undefined undefined LIMIT 20 OFFSET 0",
  sqlState: "42000",
  sqlMessage: "You have an error in your SQL syntax; check the manual that corresponds to your MySQL server version for the right syntax to use near '\"\"  ORDER BY undefined undefined LIMIT 20 OFFSET 0' at line 1"
}
2025-12-07 05:03:10 [error]:
You have an error in your SQL syntax; check the manual that corresponds to your MySQL server version for the right syntax to use near '""  ORDER BY undefined undefined LIMIT 20 OFFSET 0' at line 1
sql: SELECT t.idx,t.id,t.createdDate,t.createdBy,t.modifiedDate,t.lastModifiedBy,t.docStatus,t.isActive,t.isDeleted,t.code,t.companyName,t.contactNo,t.email,t.tinNo,t.businessRegNo,t.identificationType,t.sstRegistration,t.industryClassification,t.address1,t.address2,t.address3,t.postcode,t.city,t.stateCode,t.countryCode,t.enableSandbox,t.eInvoiceIdSandbox,t.eInvoiceSecretSandbox,t.enableProduction,t.eInvoiceId,t.eInvoiceSecret,t.defaultTaxableType,t.defaultItemClassification,t.defaultItemUOM FROM eforsdb.company AS t WHERE ( undefined = null and undefined = null and undefined = null and undefined = null and undefined = null ) and isDeleted = 0 and isDeleted is null ""  ORDER BY undefined undefined LIMIT 20 OFFSET 0
2025-12-07 05:03:10 [error]:
Error getting documents:
{
  message: "You have an error in your SQL syntax; check the manual that corresponds to your MySQL server version for the right syntax to use near '\"\"  ORDER BY undefined undefined LIMIT 20 OFFSET 0' at line 1",
  code: "ER_PARSE_ERROR",
  errno: 1064,
  sql: "SELECT t.idx,t.id,t.createdDate,t.createdBy,t.modifiedDate,t.lastModifiedBy,t.docStatus,t.isActive,t.isDeleted,t.code,t.companyName,t.contactNo,t.email,t.tinNo,t.businessRegNo,t.identificationType,t.sstRegistration,t.industryClassification,t.address1,t.address2,t.address3,t.postcode,t.city,t.stateCode,t.countryCode,t.enableSandbox,t.eInvoiceIdSandbox,t.eInvoiceSecretSandbox,t.enableProduction,t.eInvoiceId,t.eInvoiceSecret,t.defaultTaxableType,t.defaultItemClassification,t.defaultItemUOM FROM eforsdb.company AS t WHERE ( undefined = null and undefined = null and undefined = null and undefined = null and undefined = null ) and isDeleted = 0 and isDeleted is null \"\"  ORDER BY undefined undefined LIMIT 20 OFFSET 0",
  sqlState: "42000",
  sqlMessage: "You have an error in your SQL syntax; check the manual that corresponds to your MySQL server version for the right syntax to use near '\"\"  ORDER BY undefined undefined LIMIT 20 OFFSET 0' at line 1"
}
2025-12-07 05:06:47 [error]:
You have an error in your SQL syntax; check the manual that corresponds to your MySQL server version for the right syntax to use near '"" and sysAcct = "SYS"  ORDER BY undefined undefined LIMIT 20 OFFSET 0' at line 1
sql: SELECT t.idx,t.id,t.createdDate,t.createdBy,t.modifiedDate,t.lastModifiedBy,t.docStatus,t.isActive,t.isDeleted,t.sysAcct,t.firstName,t.lastName,t.fullName,t.email,t.language,t.isSuperAdmin,t.lastLoginOn,t.isSystemAdmin,t.password,t.defaultCompany FROM eforsdb.user AS t WHERE ( undefined = null and undefined = null and undefined = null and undefined = null and undefined = null ) and isDeleted = 0 and isDeleted is null "" and sysAcct = "SYS"  ORDER BY undefined undefined LIMIT 20 OFFSET 0
2025-12-07 05:06:47 [error]:
Error getting documents:
{
  message: "You have an error in your SQL syntax; check the manual that corresponds to your MySQL server version for the right syntax to use near '\"\" and sysAcct = \"SYS\"  ORDER BY undefined undefined LIMIT 20 OFFSET 0' at line 1",
  code: "ER_PARSE_ERROR",
  errno: 1064,
  sql: "SELECT t.idx,t.id,t.createdDate,t.createdBy,t.modifiedDate,t.lastModifiedBy,t.docStatus,t.isActive,t.isDeleted,t.sysAcct,t.firstName,t.lastName,t.fullName,t.email,t.language,t.isSuperAdmin,t.lastLoginOn,t.isSystemAdmin,t.password,t.defaultCompany FROM eforsdb.user AS t WHERE ( undefined = null and undefined = null and undefined = null and undefined = null and undefined = null ) and isDeleted = 0 and isDeleted is null \"\" and sysAcct = \"SYS\"  ORDER BY undefined undefined LIMIT 20 OFFSET 0",
  sqlState: "42000",
  sqlMessage: "You have an error in your SQL syntax; check the manual that corresponds to your MySQL server version for the right syntax to use near '\"\" and sysAcct = \"SYS\"  ORDER BY undefined undefined LIMIT 20 OFFSET 0' at line 1"
}
2025-12-07 05:27:24 [error]:
Error getting documents:
{
  message: "You have an error in your SQL syntax; check the manual that corresponds to your MySQL server version for the right syntax to use near '\"\" and sysAcct = \"SYS\"  ORDER BY undefined undefined LIMIT 20 OFFSET 0' at line 1",
  code: "ER_PARSE_ERROR",
  errno: 1064,
  sql: "SELECT t.idx,t.id,t.createdDate,t.createdBy,t.modifiedDate,t.lastModifiedBy,t.docStatus,t.isActive,t.isDeleted,t.sysAcct,t.firstName,t.lastName,t.fullName,t.email,t.language,t.isSuperAdmin,t.lastLoginOn,t.isSystemAdmin,t.password,t.defaultCompany FROM eforsdb.user AS t WHERE ( undefined = null and undefined = null and undefined = null and undefined = null and undefined = null ) and isDeleted = 0 and isDeleted is null \"\" and sysAcct = \"SYS\"  ORDER BY undefined undefined LIMIT 20 OFFSET 0",
  sqlState: "42000",
  sqlMessage: "You have an error in your SQL syntax; check the manual that corresponds to your MySQL server version for the right syntax to use near '\"\" and sysAcct = \"SYS\"  ORDER BY undefined undefined LIMIT 20 OFFSET 0' at line 1"
}
2025-12-07 05:27:35 [error]:
Error getting documents:
{
  message: "You have an error in your SQL syntax; check the manual that corresponds to your MySQL server version for the right syntax to use near '\"\"  ORDER BY undefined undefined LIMIT 20 OFFSET 0' at line 1",
  code: "ER_PARSE_ERROR",
  errno: 1064,
  sql: "SELECT t.idx,t.id,t.createdDate,t.createdBy,t.modifiedDate,t.lastModifiedBy,t.docStatus,t.isActive,t.isDeleted,t.code,t.companyName,t.contactNo,t.email,t.tinNo,t.businessRegNo,t.identificationType,t.sstRegistration,t.industryClassification,t.address1,t.address2,t.address3,t.postcode,t.city,t.stateCode,t.countryCode,t.enableSandbox,t.eInvoiceIdSandbox,t.eInvoiceSecretSandbox,t.enableProduction,t.eInvoiceId,t.eInvoiceSecret,t.defaultTaxableType,t.defaultItemClassification,t.defaultItemUOM FROM eforsdb.company AS t WHERE ( undefined = null and undefined = null and undefined = null and undefined = null and undefined = null ) and isDeleted = 0 and isDeleted is null \"\"  ORDER BY undefined undefined LIMIT 20 OFFSET 0",
  sqlState: "42000",
  sqlMessage: "You have an error in your SQL syntax; check the manual that corresponds to your MySQL server version for the right syntax to use near '\"\"  ORDER BY undefined undefined LIMIT 20 OFFSET 0' at line 1"
}
2025-12-07 05:31:43 [error]:
Error getting documents:
{
  message: "You have an error in your SQL syntax; check the manual that corresponds to your MySQL server version for the right syntax to use near '\"\" and sysAcct = \"SYS\"  ORDER BY undefined undefined LIMIT 20 OFFSET 0' at line 1",
  code: "ER_PARSE_ERROR",
  errno: 1064,
  sql: "SELECT t.idx,t.id,t.createdDate,t.createdBy,t.modifiedDate,t.lastModifiedBy,t.docStatus,t.isActive,t.isDeleted,t.sysAcct,t.firstName,t.lastName,t.fullName,t.email,t.language,t.isSuperAdmin,t.lastLoginOn,t.isSystemAdmin,t.password,t.defaultCompany FROM eforsdb.user AS t WHERE ( undefined = null and undefined = null and undefined = null and undefined = null and undefined = null ) and isDeleted = 0 and isDeleted is null \"\" and sysAcct = \"SYS\"  ORDER BY undefined undefined LIMIT 20 OFFSET 0",
  sqlState: "42000",
  sqlMessage: "You have an error in your SQL syntax; check the manual that corresponds to your MySQL server version for the right syntax to use near '\"\" and sysAcct = \"SYS\"  ORDER BY undefined undefined LIMIT 20 OFFSET 0' at line 1"
}
2025-12-07 05:32:09 [error]:
Error getting documents:
{
  message: "You have an error in your SQL syntax; check the manual that corresponds to your MySQL server version for the right syntax to use near '\"\"  ORDER BY undefined undefined LIMIT 20 OFFSET 0' at line 1",
  code: "ER_PARSE_ERROR",
  errno: 1064,
  sql: "SELECT t.idx,t.id,t.createdDate,t.createdBy,t.modifiedDate,t.lastModifiedBy,t.docStatus,t.isActive,t.isDeleted,t.code,t.companyName,t.contactNo,t.email,t.tinNo,t.businessRegNo,t.identificationType,t.sstRegistration,t.industryClassification,t.address1,t.address2,t.address3,t.postcode,t.city,t.stateCode,t.countryCode,t.enableSandbox,t.eInvoiceIdSandbox,t.eInvoiceSecretSandbox,t.enableProduction,t.eInvoiceId,t.eInvoiceSecret,t.defaultTaxableType,t.defaultItemClassification,t.defaultItemUOM FROM eforsdb.company AS t WHERE ( undefined = null and undefined = null and undefined = null and undefined = null and undefined = null ) and isDeleted = 0 and isDeleted is null \"\"  ORDER BY undefined undefined LIMIT 20 OFFSET 0",
  sqlState: "42000",
  sqlMessage: "You have an error in your SQL syntax; check the manual that corresponds to your MySQL server version for the right syntax to use near '\"\"  ORDER BY undefined undefined LIMIT 20 OFFSET 0' at line 1"
}
2025-12-07 05:34:38 [error]:
Error getting documents:
{
  message: "You have an error in your SQL syntax; check the manual that corresponds to your MySQL server version for the right syntax to use near '\"\" and sysAcct = \"SYS\"  ORDER BY undefined undefined LIMIT 20 OFFSET 0' at line 1",
  code: "ER_PARSE_ERROR",
  errno: 1064,
  sql: "SELECT t.idx,t.id,t.createdDate,t.createdBy,t.modifiedDate,t.lastModifiedBy,t.docStatus,t.isActive,t.isDeleted,t.sysAcct,t.firstName,t.lastName,t.fullName,t.email,t.language,t.isSuperAdmin,t.lastLoginOn,t.isSystemAdmin,t.password,t.defaultCompany FROM eforsdb.user AS t WHERE ( undefined = null and undefined = null and undefined = null and undefined = null and undefined = null ) and isDeleted = 0 and isDeleted is null \"\" and sysAcct = \"SYS\"  ORDER BY undefined undefined LIMIT 20 OFFSET 0",
  sqlState: "42000",
  sqlMessage: "You have an error in your SQL syntax; check the manual that corresponds to your MySQL server version for the right syntax to use near '\"\" and sysAcct = \"SYS\"  ORDER BY undefined undefined LIMIT 20 OFFSET 0' at line 1"
}
2025-12-07 05:36:41 [error]:
Error getting documents:
{
  message: "You have an error in your SQL syntax; check the manual that corresponds to your MySQL server version for the right syntax to use near '\"\"  ORDER BY undefined undefined LIMIT 20 OFFSET 0' at line 1",
  code: "ER_PARSE_ERROR",
  errno: 1064,
  sql: "SELECT t.idx,t.id,t.createdDate,t.createdBy,t.modifiedDate,t.lastModifiedBy,t.docStatus,t.isActive,t.isDeleted,t.code,t.companyName,t.contactNo,t.email,t.tinNo,t.businessRegNo,t.identificationType,t.sstRegistration,t.industryClassification,t.address1,t.address2,t.address3,t.postcode,t.city,t.stateCode,t.countryCode,t.enableSandbox,t.eInvoiceIdSandbox,t.eInvoiceSecretSandbox,t.enableProduction,t.eInvoiceId,t.eInvoiceSecret,t.defaultTaxableType,t.defaultItemClassification,t.defaultItemUOM FROM eforsdb.company AS t WHERE ( undefined = null and undefined = null and undefined = null and undefined = null and undefined = null ) and isDeleted = 0 and isDeleted is null \"\"  ORDER BY undefined undefined LIMIT 20 OFFSET 0",
  sqlState: "42000",
  sqlMessage: "You have an error in your SQL syntax; check the manual that corresponds to your MySQL server version for the right syntax to use near '\"\"  ORDER BY undefined undefined LIMIT 20 OFFSET 0' at line 1"
}
2025-12-07 05:39:09 [error]:
Error getting documents:
{
  message: "You have an error in your SQL syntax; check the manual that corresponds to your MySQL server version for the right syntax to use near '\"\" and sysAcct = \"SYS\"  ORDER BY undefined undefined LIMIT 20 OFFSET 0' at line 1",
  code: "ER_PARSE_ERROR",
  errno: 1064,
  sql: "SELECT t.idx,t.id,t.createdDate,t.createdBy,t.modifiedDate,t.lastModifiedBy,t.docStatus,t.isActive,t.isDeleted,t.sysAcct,t.firstName,t.lastName,t.fullName,t.email,t.language,t.isSuperAdmin,t.lastLoginOn,t.isSystemAdmin,t.password,t.defaultCompany FROM eforsdb.user AS t WHERE ( undefined = null and undefined = null and undefined = null and undefined = null and undefined = null ) and isDeleted = 0 and isDeleted is null \"\" and sysAcct = \"SYS\"  ORDER BY undefined undefined LIMIT 20 OFFSET 0",
  sqlState: "42000",
  sqlMessage: "You have an error in your SQL syntax; check the manual that corresponds to your MySQL server version for the right syntax to use near '\"\" and sysAcct = \"SYS\"  ORDER BY undefined undefined LIMIT 20 OFFSET 0' at line 1"
}
2025-12-07 05:43:10 [error]:
Error getting documents:
{
  message: "You have an error in your SQL syntax; check the manual that corresponds to your MySQL server version for the right syntax to use near '\"\"  ORDER BY undefined undefined LIMIT 20 OFFSET 0' at line 1",
  code: "ER_PARSE_ERROR",
  errno: 1064,
  sql: "SELECT t.idx,t.id,t.createdDate,t.createdBy,t.modifiedDate,t.lastModifiedBy,t.docStatus,t.isActive,t.isDeleted,t.code,t.companyName,t.contactNo,t.email,t.tinNo,t.businessRegNo,t.identificationType,t.sstRegistration,t.industryClassification,t.address1,t.address2,t.address3,t.postcode,t.city,t.stateCode,t.countryCode,t.enableSandbox,t.eInvoiceIdSandbox,t.eInvoiceSecretSandbox,t.enableProduction,t.eInvoiceId,t.eInvoiceSecret,t.defaultTaxableType,t.defaultItemClassification,t.defaultItemUOM FROM eforsdb.company AS t WHERE ( undefined = null and undefined = null and undefined = null and undefined = null and undefined = null ) and isDeleted = 0 and isDeleted is null \"\"  ORDER BY undefined undefined LIMIT 20 OFFSET 0",
  sqlState: "42000",
  sqlMessage: "You have an error in your SQL syntax; check the manual that corresponds to your MySQL server version for the right syntax to use near '\"\"  ORDER BY undefined undefined LIMIT 20 OFFSET 0' at line 1"
}
2025-12-07 05:44:17 [error]:
Error getting documents:
{
  message: "You have an error in your SQL syntax; check the manual that corresponds to your MySQL server version for the right syntax to use near 'limit = \"10\" ) and ( sortField = \"id\" ) and ( sortBy = \"ASC\" ) and ( language = ' at line 1",
  code: "ER_PARSE_ERROR",
  errno: 1064,
  sql: "SELECT t.idx,t.id,t.createdDate,t.createdBy,t.modifiedDate,t.lastModifiedBy,t.docStatus,t.isActive,t.isDeleted,t.sysAcct,t.firstName,t.lastName,t.fullName,t.email,t.language,t.isSuperAdmin,t.lastLoginOn,t.isSystemAdmin,t.password,t.defaultCompany FROM eforsdb.user AS t WHERE ( page = \"1\" ) and ( limit = \"10\" ) and ( sortField = \"id\" ) and ( sortBy = \"ASC\" ) and ( language = \"en\" ) and isDeleted = 0 and isDeleted is null \"\" and sysAcct = \"SYS\"  ORDER BY undefined undefined LIMIT 20 OFFSET 0",
  sqlState: "42000",
  sqlMessage: "You have an error in your SQL syntax; check the manual that corresponds to your MySQL server version for the right syntax to use near 'limit = \"10\" ) and ( sortField = \"id\" ) and ( sortBy = \"ASC\" ) and ( language = ' at line 1"
}
2025-12-08 18:41:29 [error]: [401]Authorization token is expired.
2025-12-08 18:41:32 [error]: [401]Authorization token is expired.
2025-12-08 18:42:16 [error]: [401]Authorization token is expired.
2025-12-08 18:43:21 [error]: [401]Authorization token is expired.
2025-12-08 18:43:21 [error]: [401]Authorization token is expired.
2025-12-08 18:44:33 [error]: [401]Authorization token is expired.
2025-12-08 18:44:33 [error]: [401]Authorization token is expired.
2025-12-08 18:44:36 [error]: [401]Authorization token is expired.
2025-12-08 18:44:51 [error]: [401]Authorization token is expired.
2025-12-08 18:45:41 [error]: [401]Authorization token is expired.
2025-12-08 18:45:48 [error]: [401]Authorization token is expired.
2025-12-08 18:47:11 [error]: [401]Authorization token is expired.
2025-12-08 18:47:37 [error]: [401]Authorization token is expired.
2025-12-08 18:47:37 [error]: [401]Authorization token is expired.
2025-12-08 18:48:12 [error]:
Error getting documents:
{
  message: "You have an error in your SQL syntax; check the manual that corresponds to your MySQL server version for the right syntax to use near '\"\" and sysAcct = \"SYS\"  ORDER BY id ASC LIMIT 10 OFFSET 0' at line 1",
  code: "ER_PARSE_ERROR",
  errno: 1064,
  sql: "SELECT t.idx,t.id,t.createdDate,t.createdBy,t.modifiedDate,t.lastModifiedBy,t.docStatus,t.isActive,t.isDeleted,t.sysAcct,t.firstName,t.lastName,t.fullName,t.email,t.language,t.isSuperAdmin,t.lastLoginOn,t.isSystemAdmin,t.password,t.defaultCompany FROM eforsdb.user AS t WHERE ( language = \"en\" ) and isDeleted = 0 and isDeleted is null \"\" and sysAcct = \"SYS\"  ORDER BY id ASC LIMIT 10 OFFSET 0",
  sqlState: "42000",
  sqlMessage: "You have an error in your SQL syntax; check the manual that corresponds to your MySQL server version for the right syntax to use near '\"\" and sysAcct = \"SYS\"  ORDER BY id ASC LIMIT 10 OFFSET 0' at line 1"
}
2025-12-08 18:48:29 [error]:
Error getting documents:
{
  message: "You have an error in your SQL syntax; check the manual that corresponds to your MySQL server version for the right syntax to use near '\"\" and sysAcct = \"SYS\"  ORDER BY id ASC LIMIT 10 OFFSET 0' at line 1",
  code: "ER_PARSE_ERROR",
  errno: 1064,
  sql: "SELECT t.idx,t.id,t.createdDate,t.createdBy,t.modifiedDate,t.lastModifiedBy,t.docStatus,t.isActive,t.isDeleted,t.sysAcct,t.firstName,t.lastName,t.fullName,t.email,t.language,t.isSuperAdmin,t.lastLoginOn,t.isSystemAdmin,t.password,t.defaultCompany FROM eforsdb.user AS t WHERE ( language = \"en\" ) and isDeleted = 0 and isDeleted is null \"\" and sysAcct = \"SYS\"  ORDER BY id ASC LIMIT 10 OFFSET 0",
  sqlState: "42000",
  sqlMessage: "You have an error in your SQL syntax; check the manual that corresponds to your MySQL server version for the right syntax to use near '\"\" and sysAcct = \"SYS\"  ORDER BY id ASC LIMIT 10 OFFSET 0' at line 1"
}
2025-12-08 18:51:31 [error]: [401]Authorization token is expired.
2025-12-08 18:51:40 [error]:
Error getting documents:
{
  message: "You have an error in your SQL syntax; check the manual that corresponds to your MySQL server version for the right syntax to use near '\"\" ) and sysAcct = \"SYS\"  ORDER BY id ASC LIMIT 10 OFFSET 0' at line 1",
  code: "ER_PARSE_ERROR",
  errno: 1064,
  sql: "SELECT t.idx,t.id,t.createdDate,t.createdBy,t.modifiedDate,t.lastModifiedBy,t.docStatus,t.isActive,t.isDeleted,t.sysAcct,t.firstName,t.lastName,t.fullName,t.email,t.language,t.isSuperAdmin,t.lastLoginOn,t.isSystemAdmin,t.password,t.defaultCompany FROM eforsdb.user AS t WHERE ( language = \"en\" ) and ( isDeleted = 0 or isDeleted is null \"\" ) and sysAcct = \"SYS\"  ORDER BY id ASC LIMIT 10 OFFSET 0",
  sqlState: "42000",
  sqlMessage: "You have an error in your SQL syntax; check the manual that corresponds to your MySQL server version for the right syntax to use near '\"\" ) and sysAcct = \"SYS\"  ORDER BY id ASC LIMIT 10 OFFSET 0' at line 1"
}
2025-12-08 18:54:24 [error]:
Error getting documents:
{
  message: "You have an error in your SQL syntax; check the manual that corresponds to your MySQL server version for the right syntax to use near '\"\" ) and sysAcct = \"SYS\"  ORDER BY id ASC LIMIT 10 OFFSET 0' at line 1",
  code: "ER_PARSE_ERROR",
  errno: 1064,
  sql: "SELECT t.idx,t.id,t.createdDate,t.createdBy,t.modifiedDate,t.lastModifiedBy,t.docStatus,t.isActive,t.isDeleted,t.sysAcct,t.firstName,t.lastName,t.fullName,t.email,t.language,t.isSuperAdmin,t.lastLoginOn,t.isSystemAdmin,t.password,t.defaultCompany FROM eforsdb.user AS t WHERE ( language = \"en\" ) and ( isDeleted = 0 or isDeleted is null \"\" ) and sysAcct = \"SYS\"  ORDER BY id ASC LIMIT 10 OFFSET 0",
  sqlState: "42000",
  sqlMessage: "You have an error in your SQL syntax; check the manual that corresponds to your MySQL server version for the right syntax to use near '\"\" ) and sysAcct = \"SYS\"  ORDER BY id ASC LIMIT 10 OFFSET 0' at line 1"
}
2025-12-08 18:54:31 [error]:
Error getting documents:
{
  message: "You have an error in your SQL syntax; check the manual that corresponds to your MySQL server version for the right syntax to use near '\"\" ) and sysAcct = \"SYS\"  ORDER BY id ASC LIMIT 10 OFFSET 0' at line 1",
  code: "ER_PARSE_ERROR",
  errno: 1064,
  sql: "SELECT t.idx,t.id,t.createdDate,t.createdBy,t.modifiedDate,t.lastModifiedBy,t.docStatus,t.isActive,t.isDeleted,t.sysAcct,t.firstName,t.lastName,t.fullName,t.email,t.language,t.isSuperAdmin,t.lastLoginOn,t.isSystemAdmin,t.password,t.defaultCompany FROM eforsdb.user AS t WHERE language = \"en\" and ( isDeleted = 0 or isDeleted is null \"\" ) and sysAcct = \"SYS\"  ORDER BY id ASC LIMIT 10 OFFSET 0",
  sqlState: "42000",
  sqlMessage: "You have an error in your SQL syntax; check the manual that corresponds to your MySQL server version for the right syntax to use near '\"\" ) and sysAcct = \"SYS\"  ORDER BY id ASC LIMIT 10 OFFSET 0' at line 1"
}
2025-12-08 18:55:32 [error]:
Error getting documents:
{
  message: "You have an error in your SQL syntax; check the manual that corresponds to your MySQL server version for the right syntax to use near '\"\" ) and sysAcct = \"SYS\"  ORDER BY id ASC LIMIT 10 OFFSET 0' at line 1",
  code: "ER_PARSE_ERROR",
  errno: 1064,
  sql: "SELECT t.idx,t.id,t.createdDate,t.createdBy,t.modifiedDate,t.lastModifiedBy,t.docStatus,t.isActive,t.isDeleted,t.sysAcct,t.firstName,t.lastName,t.fullName,t.email,t.language,t.isSuperAdmin,t.lastLoginOn,t.isSystemAdmin,t.password,t.defaultCompany FROM eforsdb.user AS t WHERE language = \"en\" and ( isDeleted = 0 or isDeleted is null \"\" ) and sysAcct = \"SYS\"  ORDER BY id ASC LIMIT 10 OFFSET 0",
  sqlState: "42000",
  sqlMessage: "You have an error in your SQL syntax; check the manual that corresponds to your MySQL server version for the right syntax to use near '\"\" ) and sysAcct = \"SYS\"  ORDER BY id ASC LIMIT 10 OFFSET 0' at line 1"
}
2025-12-08 18:56:17 [error]:
Error getting documents:
{
  message: "You have an error in your SQL syntax; check the manual that corresponds to your MySQL server version for the right syntax to use near '\"\" ) and sysAcct = \"SYS\"  ORDER BY id ASC LIMIT 10 OFFSET 0' at line 1",
  code: "ER_PARSE_ERROR",
  errno: 1064,
  sql: "SELECT t.idx,t.id,t.createdDate,t.createdBy,t.modifiedDate,t.lastModifiedBy,t.docStatus,t.isActive,t.isDeleted,t.sysAcct,t.firstName,t.lastName,t.fullName,t.email,t.language,t.isSuperAdmin,t.lastLoginOn,t.isSystemAdmin,t.password,t.defaultCompany FROM eforsdb.user AS t WHERE language = \"en\" and ( isDeleted = 0 or isDeleted is null \"\" ) and sysAcct = \"SYS\"  ORDER BY id ASC LIMIT 10 OFFSET 0",
  sqlState: "42000",
  sqlMessage: "You have an error in your SQL syntax; check the manual that corresponds to your MySQL server version for the right syntax to use near '\"\" ) and sysAcct = \"SYS\"  ORDER BY id ASC LIMIT 10 OFFSET 0' at line 1"
}
2025-12-08 18:57:03 [error]:
Error getting documents:
{
  message: "You have an error in your SQL syntax; check the manual that corresponds to your MySQL server version for the right syntax to use near '\"\" ) and sysAcct = \"SYS\"  ORDER BY id ASC LIMIT 10 OFFSET 0' at line 1",
  code: "ER_PARSE_ERROR",
  errno: 1064,
  sql: "SELECT t.idx,t.id,t.createdDate,t.createdBy,t.modifiedDate,t.lastModifiedBy,t.docStatus,t.isActive,t.isDeleted,t.sysAcct,t.firstName,t.lastName,t.fullName,t.email,t.language,t.isSuperAdmin,t.lastLoginOn,t.isSystemAdmin,t.password,t.defaultCompany FROM eforsdb.user AS t WHERE language = \"en\" and ( isDeleted = 0 or isDeleted is null \"\" ) and sysAcct = \"SYS\"  ORDER BY id ASC LIMIT 10 OFFSET 0",
  sqlState: "42000",
  sqlMessage: "You have an error in your SQL syntax; check the manual that corresponds to your MySQL server version for the right syntax to use near '\"\" ) and sysAcct = \"SYS\"  ORDER BY id ASC LIMIT 10 OFFSET 0' at line 1"
}
2025-12-08 18:58:29 [error]:
Error getting documents:
{
  message: "You have an error in your SQL syntax; check the manual that corresponds to your MySQL server version for the right syntax to use near '\"\" ) and sysAcct = \"SYS\"  ORDER BY id ASC LIMIT 10 OFFSET 0' at line 1",
  code: "ER_PARSE_ERROR",
  errno: 1064,
  sql: "SELECT t.idx,t.id,t.createdDate,t.createdBy,t.modifiedDate,t.lastModifiedBy,t.docStatus,t.isActive,t.isDeleted,t.sysAcct,t.firstName,t.lastName,t.fullName,t.email,t.language,t.isSuperAdmin,t.lastLoginOn,t.isSystemAdmin,t.password,t.defaultCompany FROM eforsdb.user AS t WHERE language = \"en\" and ( isDeleted = 0 or isDeleted is null \"\" ) and sysAcct = \"SYS\"  ORDER BY id ASC LIMIT 10 OFFSET 0",
  sqlState: "42000",
  sqlMessage: "You have an error in your SQL syntax; check the manual that corresponds to your MySQL server version for the right syntax to use near '\"\" ) and sysAcct = \"SYS\"  ORDER BY id ASC LIMIT 10 OFFSET 0' at line 1"
}
2025-12-08 18:59:08 [error]:
Error getting documents:
{
  message: "You have an error in your SQL syntax; check the manual that corresponds to your MySQL server version for the right syntax to use near '\"\" ) and sysAcct = \"SYS\"  ORDER BY id ASC LIMIT 10 OFFSET 0' at line 1",
  code: "ER_PARSE_ERROR",
  errno: 1064,
  sql: "SELECT t.idx,t.id,t.createdDate,t.createdBy,t.modifiedDate,t.lastModifiedBy,t.docStatus,t.isActive,t.isDeleted,t.sysAcct,t.firstName,t.lastName,t.fullName,t.email,t.language,t.isSuperAdmin,t.lastLoginOn,t.isSystemAdmin,t.password,t.defaultCompany FROM eforsdb.user AS t WHERE language = \"en\" and ( isDeleted = 0 or isDeleted is null \"\" ) and sysAcct = \"SYS\"  ORDER BY id ASC LIMIT 10 OFFSET 0",
  sqlState: "42000",
  sqlMessage: "You have an error in your SQL syntax; check the manual that corresponds to your MySQL server version for the right syntax to use near '\"\" ) and sysAcct = \"SYS\"  ORDER BY id ASC LIMIT 10 OFFSET 0' at line 1"
}
2025-12-08 19:02:01 [error]:
Error getting documents:
{
  message: "You have an error in your SQL syntax; check the manual that corresponds to your MySQL server version for the right syntax to use near '\"\" ) and sysAcct = \"SYS\"  ORDER BY id ASC LIMIT 10 OFFSET 0' at line 1",
  code: "ER_PARSE_ERROR",
  errno: 1064,
  sql: "SELECT t.idx,t.id,t.createdDate,t.createdBy,t.modifiedDate,t.lastModifiedBy,t.docStatus,t.isActive,t.isDeleted,t.sysAcct,t.firstName,t.lastName,t.fullName,t.email,t.language,t.isSuperAdmin,t.lastLoginOn,t.isSystemAdmin,t.password,t.defaultCompany FROM eforsdb.user AS t WHERE language = \"en\" and ( isDeleted = 0 or isDeleted is null \"\" ) and sysAcct = \"SYS\"  ORDER BY id ASC LIMIT 10 OFFSET 0",
  sqlState: "42000",
  sqlMessage: "You have an error in your SQL syntax; check the manual that corresponds to your MySQL server version for the right syntax to use near '\"\" ) and sysAcct = \"SYS\"  ORDER BY id ASC LIMIT 10 OFFSET 0' at line 1"
}
2025-12-08 19:06:43 [error]:
Error getting documents:
{
  message: "You have an error in your SQL syntax; check the manual that corresponds to your MySQL server version for the right syntax to use near '\"null\" ) and sysAcct = \"SYS\"  ORDER BY id ASC LIMIT 10 OFFSET 0' at line 1",
  code: "ER_PARSE_ERROR",
  errno: 1064,
  sql: "SELECT t.idx,t.id,t.createdDate,t.createdBy,t.modifiedDate,t.lastModifiedBy,t.docStatus,t.isActive,t.isDeleted,t.sysAcct,t.firstName,t.lastName,t.fullName,t.email,t.language,t.isSuperAdmin,t.lastLoginOn,t.isSystemAdmin,t.password,t.defaultCompany FROM eforsdb.user AS t WHERE language = \"en\" and ( isDeleted = 0 or isDeleted is \"null\" ) and sysAcct = \"SYS\"  ORDER BY id ASC LIMIT 10 OFFSET 0",
  sqlState: "42000",
  sqlMessage: "You have an error in your SQL syntax; check the manual that corresponds to your MySQL server version for the right syntax to use near '\"null\" ) and sysAcct = \"SYS\"  ORDER BY id ASC LIMIT 10 OFFSET 0' at line 1"
}
2025-12-08 19:07:06 [error]:
Error getting documents:
{
  message: "You have an error in your SQL syntax; check the manual that corresponds to your MySQL server version for the right syntax to use near '\"null\" ) and sysAcct = \"SYS\"  ORDER BY id ASC LIMIT 10 OFFSET 0' at line 1",
  code: "ER_PARSE_ERROR",
  errno: 1064,
  sql: "SELECT t.idx,t.id,t.createdDate,t.createdBy,t.modifiedDate,t.lastModifiedBy,t.docStatus,t.isActive,t.isDeleted,t.sysAcct,t.firstName,t.lastName,t.fullName,t.email,t.language,t.isSuperAdmin,t.lastLoginOn,t.isSystemAdmin,t.password,t.defaultCompany FROM eforsdb.user AS t WHERE language = \"en\" and ( isDeleted = 0 or isDeleted is \"null\" ) and sysAcct = \"SYS\"  ORDER BY id ASC LIMIT 10 OFFSET 0",
  sqlState: "42000",
  sqlMessage: "You have an error in your SQL syntax; check the manual that corresponds to your MySQL server version for the right syntax to use near '\"null\" ) and sysAcct = \"SYS\"  ORDER BY id ASC LIMIT 10 OFFSET 0' at line 1"
}
2025-12-08 19:07:25 [error]:
Error getting documents:
{
  message: "Unknown column 'language' in 'where clause'",
  code: "ER_BAD_FIELD_ERROR",
  errno: 1054,
  sql: "SELECT t.idx,t.id,t.createdDate,t.createdBy,t.modifiedDate,t.lastModifiedBy,t.docStatus,t.isActive,t.isDeleted,t.code,t.companyName,t.contactNo,t.email,t.tinNo,t.businessRegNo,t.identificationType,t.sstRegistration,t.industryClassification,t.address1,t.address2,t.address3,t.postcode,t.city,t.stateCode,t.countryCode,t.enableSandbox,t.eInvoiceIdSandbox,t.eInvoiceSecretSandbox,t.enableProduction,t.eInvoiceId,t.eInvoiceSecret,t.defaultTaxableType,t.defaultItemClassification,t.defaultItemUOM FROM eforsdb.company AS t WHERE language = \"en\" and ( isDeleted = 0 or isDeleted is null )  ORDER BY id ASC LIMIT 10 OFFSET 0",
  sqlState: "42S22",
  sqlMessage: "Unknown column 'language' in 'where clause'"
}
2025-12-08 19:07:45 [error]:
Error getting documents:
{
  message: "Unknown column 'language' in 'where clause'",
  code: "ER_BAD_FIELD_ERROR",
  errno: 1054,
  sql: "SELECT t.idx,t.id,t.createdDate,t.createdBy,t.modifiedDate,t.lastModifiedBy,t.docStatus,t.isActive,t.isDeleted,t.code,t.companyName,t.contactNo,t.email,t.tinNo,t.businessRegNo,t.identificationType,t.sstRegistration,t.industryClassification,t.address1,t.address2,t.address3,t.postcode,t.city,t.stateCode,t.countryCode,t.enableSandbox,t.eInvoiceIdSandbox,t.eInvoiceSecretSandbox,t.enableProduction,t.eInvoiceId,t.eInvoiceSecret,t.defaultTaxableType,t.defaultItemClassification,t.defaultItemUOM FROM eforsdb.company AS t WHERE language = \"en\" and ( isDeleted = 0 or isDeleted is null )  ORDER BY id ASC LIMIT 10 OFFSET 0",
  sqlState: "42S22",
  sqlMessage: "Unknown column 'language' in 'where clause'"
}
2025-12-08 19:09:33 [error]:
Error getting documents:
{
  message: "Unknown column 'undefined' in 'order clause'",
  code: "ER_BAD_FIELD_ERROR",
  errno: 1054,
  sql: "SELECT t.idx,t.createdDate,t.createdBy,t.modifiedDate,t.lastModifiedBy,t.docStatus,t.isActive,t.isDeleted,t.sysAcct,t.companyId,t.id,t.name FROM eforsdb.company_account AS t WHERE companyId = \"SYS\" and ( isDeleted = 0 or isDeleted is null )  ORDER BY undefined LIMIT 50 OFFSET 0",
  sqlState: "42S22",
  sqlMessage: "Unknown column 'undefined' in 'order clause'"
}
2025-12-08 19:33:37 [error]: [404]Not data found
2025-12-08 19:33:52 [error]: [404]Not data found
2025-12-08 19:36:17 [error]: [404]Not data found
2025-12-08 23:47:28 [error]: [404]Not data found
2025-12-08 23:47:32 [error]: [404]Not data found
2025-12-08 23:57:49 [error]: [401]Authorization token is expired.
2025-12-08 23:57:51 [error]: [401]Authorization token is expired.
2025-12-08 23:57:59 [error]: [401]Authorization token is expired.
2025-12-08 23:59:45 [error]: [401]Authorization token is expired.
