2025-12-15 00:13:26 [error]:
Error loading document type:
{
  name: "ResolveMessage",
  position: null,
  message: "Cannot find module 'D:\\miau\\apps\\efors-admin\\api\\doctype\\einvoice_id_type.ts' from 'D:\\miau\\apps\\efors-admin\\dist\\apps\\server\\server.mjs'",
  level: "error",
  specifier: "D:\\miau\\apps\\efors-admin\\api\\doctype\\einvoice_id_type.ts",
  importKind: "import-statement",
  referrer: "D:\\miau\\apps\\efors-admin\\dist\\apps\\server\\server.mjs"
}
2025-12-15 00:13:26 [error]: [500]Error loading document type [einvoice_id_type]
2025-12-15 00:13:26 [error]:
Error loading document type:
{
  name: "ResolveMessage",
  position: null,
  message: "Cannot find module 'D:\\miau\\apps\\efors-admin\\api\\doctype\\einvoice_misc.ts' from 'D:\\miau\\apps\\efors-admin\\dist\\apps\\server\\server.mjs'",
  level: "error",
  specifier: "D:\\miau\\apps\\efors-admin\\api\\doctype\\einvoice_misc.ts",
  importKind: "import-statement",
  referrer: "D:\\miau\\apps\\efors-admin\\dist\\apps\\server\\server.mjs"
}
2025-12-15 00:13:26 [error]: [500]Error loading document type [einvoice_misc]
2025-12-15 00:13:26 [error]:
Error loading document type:
{
  name: "ResolveMessage",
  position: null,
  message: "Cannot find module 'D:\\miau\\apps\\efors-admin\\api\\doctype\\state.ts' from 'D:\\miau\\apps\\efors-admin\\dist\\apps\\server\\server.mjs'",
  level: "error",
  specifier: "D:\\miau\\apps\\efors-admin\\api\\doctype\\state.ts",
  importKind: "import-statement",
  referrer: "D:\\miau\\apps\\efors-admin\\dist\\apps\\server\\server.mjs"
}
2025-12-15 00:13:26 [error]: [500]Error loading document type [state]
2025-12-15 00:13:26 [error]:
Error loading document type:
{
  name: "ResolveMessage",
  position: null,
  message: "Cannot find module 'D:\\miau\\apps\\efors-admin\\api\\doctype\\country.ts' from 'D:\\miau\\apps\\efors-admin\\dist\\apps\\server\\server.mjs'",
  level: "error",
  specifier: "D:\\miau\\apps\\efors-admin\\api\\doctype\\country.ts",
  importKind: "import-statement",
  referrer: "D:\\miau\\apps\\efors-admin\\dist\\apps\\server\\server.mjs"
}
2025-12-15 00:13:26 [error]: [500]Error loading document type [country]
2025-12-15 00:13:26 [error]:
Error loading document type:
{
  name: "ResolveMessage",
  position: null,
  message: "Cannot find module 'D:\\miau\\apps\\efors-admin\\api\\doctype\\einvoice_taxable_type.ts' from 'D:\\miau\\apps\\efors-admin\\dist\\apps\\server\\server.mjs'",
  level: "error",
  specifier: "D:\\miau\\apps\\efors-admin\\api\\doctype\\einvoice_taxable_type.ts",
  importKind: "import-statement",
  referrer: "D:\\miau\\apps\\efors-admin\\dist\\apps\\server\\server.mjs"
}
2025-12-15 00:13:26 [error]: [500]Error loading document type [einvoice_taxable_type]
2025-12-15 00:13:26 [error]:
Error loading document type:
{
  name: "ResolveMessage",
  position: null,
  message: "Cannot find module 'D:\\miau\\apps\\efors-admin\\api\\doctype\\einvoice_classification.ts' from 'D:\\miau\\apps\\efors-admin\\dist\\apps\\server\\server.mjs'",
  level: "error",
  specifier: "D:\\miau\\apps\\efors-admin\\api\\doctype\\einvoice_classification.ts",
  importKind: "import-statement",
  referrer: "D:\\miau\\apps\\efors-admin\\dist\\apps\\server\\server.mjs"
}
2025-12-15 00:13:26 [error]: [500]Error loading document type [einvoice_classification]
2025-12-15 00:13:26 [error]:
Error loading document type:
{
  name: "ResolveMessage",
  position: null,
  message: "Cannot find module 'D:\\miau\\apps\\efors-admin\\api\\doctype\\einvoice_item_uom.ts' from 'D:\\miau\\apps\\efors-admin\\dist\\apps\\server\\server.mjs'",
  level: "error",
  specifier: "D:\\miau\\apps\\efors-admin\\api\\doctype\\einvoice_item_uom.ts",
  importKind: "import-statement",
  referrer: "D:\\miau\\apps\\efors-admin\\dist\\apps\\server\\server.mjs"
}
2025-12-15 00:13:26 [error]: [500]Error loading document type [einvoice_item_uom]
2025-12-15 00:13:28 [error]:
Error loading document type:
{
  name: "ResolveMessage",
  position: null,
  message: "Cannot find module 'D:\\miau\\apps\\efors-admin\\api\\doctype\\einvoice_item_uom.ts' from 'D:\\miau\\apps\\efors-admin\\dist\\apps\\server\\server.mjs'",
  level: "error",
  specifier: "D:\\miau\\apps\\efors-admin\\api\\doctype\\einvoice_item_uom.ts",
  importKind: "import-statement",
  referrer: "D:\\miau\\apps\\efors-admin\\dist\\apps\\server\\server.mjs"
}
2025-12-15 00:13:28 [error]: [500]Error loading document type [einvoice_item_uom]
2025-12-15 00:13:28 [error]:
Error loading document type:
{
  name: "ResolveMessage",
  position: null,
  message: "Cannot find module 'D:\\miau\\apps\\efors-admin\\api\\doctype\\einvoice_classification.ts' from 'D:\\miau\\apps\\efors-admin\\dist\\apps\\server\\server.mjs'",
  level: "error",
  specifier: "D:\\miau\\apps\\efors-admin\\api\\doctype\\einvoice_classification.ts",
  importKind: "import-statement",
  referrer: "D:\\miau\\apps\\efors-admin\\dist\\apps\\server\\server.mjs"
}
2025-12-15 00:13:28 [error]: [500]Error loading document type [einvoice_classification]
2025-12-15 00:13:39 [error]:
Error loading document type:
{
  name: "ResolveMessage",
  position: null,
  message: "Cannot find module 'D:\\miau\\apps\\efors-admin\\api\\doctype\\einvoice_id_type.ts' from 'D:\\miau\\apps\\efors-admin\\dist\\apps\\server\\server.mjs'",
  level: "error",
  specifier: "D:\\miau\\apps\\efors-admin\\api\\doctype\\einvoice_id_type.ts",
  importKind: "import-statement",
  referrer: "D:\\miau\\apps\\efors-admin\\dist\\apps\\server\\server.mjs"
}
2025-12-15 00:13:39 [error]: [500]Error loading document type [einvoice_id_type]
2025-12-15 00:13:39 [error]:
Error loading document type:
{
  name: "ResolveMessage",
  position: null,
  message: "Cannot find module 'D:\\miau\\apps\\efors-admin\\api\\doctype\\state.ts' from 'D:\\miau\\apps\\efors-admin\\dist\\apps\\server\\server.mjs'",
  level: "error",
  specifier: "D:\\miau\\apps\\efors-admin\\api\\doctype\\state.ts",
  importKind: "import-statement",
  referrer: "D:\\miau\\apps\\efors-admin\\dist\\apps\\server\\server.mjs"
}
2025-12-15 00:13:39 [error]: [500]Error loading document type [state]
2025-12-15 00:13:39 [error]:
Error loading document type:
{
  name: "ResolveMessage",
  position: null,
  message: "Cannot find module 'D:\\miau\\apps\\efors-admin\\api\\doctype\\country.ts' from 'D:\\miau\\apps\\efors-admin\\dist\\apps\\server\\server.mjs'",
  level: "error",
  specifier: "D:\\miau\\apps\\efors-admin\\api\\doctype\\country.ts",
  importKind: "import-statement",
  referrer: "D:\\miau\\apps\\efors-admin\\dist\\apps\\server\\server.mjs"
}
2025-12-15 00:13:39 [error]: [500]Error loading document type [country]
2025-12-15 00:13:39 [error]:
Error loading document type:
{
  name: "ResolveMessage",
  position: null,
  message: "Cannot find module 'D:\\miau\\apps\\efors-admin\\api\\doctype\\einvoice_classification.ts' from 'D:\\miau\\apps\\efors-admin\\dist\\apps\\server\\server.mjs'",
  level: "error",
  specifier: "D:\\miau\\apps\\efors-admin\\api\\doctype\\einvoice_classification.ts",
  importKind: "import-statement",
  referrer: "D:\\miau\\apps\\efors-admin\\dist\\apps\\server\\server.mjs"
}
2025-12-15 00:13:39 [error]: [500]Error loading document type [einvoice_classification]
2025-12-15 00:13:39 [error]:
Error loading document type:
{
  name: "ResolveMessage",
  position: null,
  message: "Cannot find module 'D:\\miau\\apps\\efors-admin\\api\\doctype\\einvoice_taxable_type.ts' from 'D:\\miau\\apps\\efors-admin\\dist\\apps\\server\\server.mjs'",
  level: "error",
  specifier: "D:\\miau\\apps\\efors-admin\\api\\doctype\\einvoice_taxable_type.ts",
  importKind: "import-statement",
  referrer: "D:\\miau\\apps\\efors-admin\\dist\\apps\\server\\server.mjs"
}
2025-12-15 00:13:39 [error]: [500]Error loading document type [einvoice_taxable_type]
2025-12-15 00:13:41 [error]:
Error loading document type:
{
  name: "ResolveMessage",
  position: null,
  message: "Cannot find module 'D:\\miau\\apps\\efors-admin\\api\\doctype\\einvoice_id_type.ts' from 'D:\\miau\\apps\\efors-admin\\dist\\apps\\server\\server.mjs'",
  level: "error",
  specifier: "D:\\miau\\apps\\efors-admin\\api\\doctype\\einvoice_id_type.ts",
  importKind: "import-statement",
  referrer: "D:\\miau\\apps\\efors-admin\\dist\\apps\\server\\server.mjs"
}
2025-12-15 00:13:41 [error]: [500]Error loading document type [einvoice_id_type]
2025-12-15 00:13:41 [error]:
Error loading document type:
{
  name: "ResolveMessage",
  position: null,
  message: "Cannot find module 'D:\\miau\\apps\\efors-admin\\api\\doctype\\state.ts' from 'D:\\miau\\apps\\efors-admin\\dist\\apps\\server\\server.mjs'",
  level: "error",
  specifier: "D:\\miau\\apps\\efors-admin\\api\\doctype\\state.ts",
  importKind: "import-statement",
  referrer: "D:\\miau\\apps\\efors-admin\\dist\\apps\\server\\server.mjs"
}
2025-12-15 00:13:41 [error]: [500]Error loading document type [state]
2025-12-15 00:13:41 [error]:
Error loading document type:
{
  name: "ResolveMessage",
  position: null,
  message: "Cannot find module 'D:\\miau\\apps\\efors-admin\\api\\doctype\\country.ts' from 'D:\\miau\\apps\\efors-admin\\dist\\apps\\server\\server.mjs'",
  level: "error",
  specifier: "D:\\miau\\apps\\efors-admin\\api\\doctype\\country.ts",
  importKind: "import-statement",
  referrer: "D:\\miau\\apps\\efors-admin\\dist\\apps\\server\\server.mjs"
}
2025-12-15 00:13:41 [error]: [500]Error loading document type [country]
2025-12-15 00:13:41 [error]:
Error loading document type:
{
  name: "ResolveMessage",
  position: null,
  message: "Cannot find module 'D:\\miau\\apps\\efors-admin\\api\\doctype\\einvoice_classification.ts' from 'D:\\miau\\apps\\efors-admin\\dist\\apps\\server\\server.mjs'",
  level: "error",
  specifier: "D:\\miau\\apps\\efors-admin\\api\\doctype\\einvoice_classification.ts",
  importKind: "import-statement",
  referrer: "D:\\miau\\apps\\efors-admin\\dist\\apps\\server\\server.mjs"
}
2025-12-15 00:13:41 [error]: [500]Error loading document type [einvoice_classification]
2025-12-15 00:13:41 [error]:
Error loading document type:
{
  name: "ResolveMessage",
  position: null,
  message: "Cannot find module 'D:\\miau\\apps\\efors-admin\\api\\doctype\\einvoice_taxable_type.ts' from 'D:\\miau\\apps\\efors-admin\\dist\\apps\\server\\server.mjs'",
  level: "error",
  specifier: "D:\\miau\\apps\\efors-admin\\api\\doctype\\einvoice_taxable_type.ts",
  importKind: "import-statement",
  referrer: "D:\\miau\\apps\\efors-admin\\dist\\apps\\server\\server.mjs"
}
2025-12-15 00:13:41 [error]: [500]Error loading document type [einvoice_taxable_type]
2025-12-15 00:13:51 [error]:
Error loading event script:
{
  path: "D:\\miau\\apps\\efors-admin\\dist\\apps\\server/../../../api/print_format/sales_invoice/standard_sales_invoice.ejs"
}
2025-12-15 00:14:18 [error]:
Error loading document type:
{
  name: "ResolveMessage",
  position: null,
  message: "Cannot find module 'D:\\miau\\apps\\efors-admin\\api\\doctype\\einvoice_id_type.ts' from 'D:\\miau\\apps\\efors-admin\\dist\\apps\\server\\server.mjs'",
  level: "error",
  specifier: "D:\\miau\\apps\\efors-admin\\api\\doctype\\einvoice_id_type.ts",
  importKind: "import-statement",
  referrer: "D:\\miau\\apps\\efors-admin\\dist\\apps\\server\\server.mjs"
}
2025-12-15 00:14:18 [error]: [500]Error loading document type [einvoice_id_type]
2025-12-15 00:14:18 [error]:
Error loading document type:
{
  name: "ResolveMessage",
  position: null,
  message: "Cannot find module 'D:\\miau\\apps\\efors-admin\\api\\doctype\\state.ts' from 'D:\\miau\\apps\\efors-admin\\dist\\apps\\server\\server.mjs'",
  level: "error",
  specifier: "D:\\miau\\apps\\efors-admin\\api\\doctype\\state.ts",
  importKind: "import-statement",
  referrer: "D:\\miau\\apps\\efors-admin\\dist\\apps\\server\\server.mjs"
}
2025-12-15 00:14:18 [error]: [500]Error loading document type [state]
2025-12-15 00:14:19 [error]:
Error loading document type:
{
  name: "ResolveMessage",
  position: null,
  message: "Cannot find module 'D:\\miau\\apps\\efors-admin\\api\\doctype\\country.ts' from 'D:\\miau\\apps\\efors-admin\\dist\\apps\\server\\server.mjs'",
  level: "error",
  specifier: "D:\\miau\\apps\\efors-admin\\api\\doctype\\country.ts",
  importKind: "import-statement",
  referrer: "D:\\miau\\apps\\efors-admin\\dist\\apps\\server\\server.mjs"
}
2025-12-15 00:14:19 [error]: [500]Error loading document type [country]
2025-12-15 00:14:19 [error]:
Error loading document type:
{
  name: "ResolveMessage",
  position: null,
  message: "Cannot find module 'D:\\miau\\apps\\efors-admin\\api\\doctype\\einvoice_classification.ts' from 'D:\\miau\\apps\\efors-admin\\dist\\apps\\server\\server.mjs'",
  level: "error",
  specifier: "D:\\miau\\apps\\efors-admin\\api\\doctype\\einvoice_classification.ts",
  importKind: "import-statement",
  referrer: "D:\\miau\\apps\\efors-admin\\dist\\apps\\server\\server.mjs"
}
2025-12-15 00:14:19 [error]: [500]Error loading document type [einvoice_classification]
2025-12-15 00:14:19 [error]:
Error loading document type:
{
  name: "ResolveMessage",
  position: null,
  message: "Cannot find module 'D:\\miau\\apps\\efors-admin\\api\\doctype\\einvoice_taxable_type.ts' from 'D:\\miau\\apps\\efors-admin\\dist\\apps\\server\\server.mjs'",
  level: "error",
  specifier: "D:\\miau\\apps\\efors-admin\\api\\doctype\\einvoice_taxable_type.ts",
  importKind: "import-statement",
  referrer: "D:\\miau\\apps\\efors-admin\\dist\\apps\\server\\server.mjs"
}
2025-12-15 00:14:19 [error]: [500]Error loading document type [einvoice_taxable_type]
2025-12-15 00:14:24 [error]:
Error loading event script:
{
  path: "D:\\miau\\apps\\efors-admin\\dist\\apps\\server/../../../api/print_format/sales_invoice/standard_sales_invoice.ejs"
}
2025-12-15 00:15:55 [error]:
Error loading event script:
{
  path: "D:\\miau\\apps\\efors-admin\\dist\\apps\\server/../../../api/print_format/sales_invoice/standard_sales_invoice.ejs"
}
2025-12-15 00:16:08 [error]:
Error loading event script:
{
  path: "D:\\miau\\apps\\efors-admin\\dist\\apps\\server/../../../api/print_format/sales_invoice/standard_sales_invoice.ejs"
}
2025-12-15 00:25:53 [error]:
Error loading document type:
{
  name: "ResolveMessage",
  position: null,
  message: "Cannot find module 'D:\\miau\\apps\\efors-admin\\api\\doctype\\einvoice_id_type.ts' from 'D:\\miau\\apps\\efors-admin\\dist\\apps\\server\\server.mjs'",
  level: "error",
  specifier: "D:\\miau\\apps\\efors-admin\\api\\doctype\\einvoice_id_type.ts",
  importKind: "import-statement",
  referrer: "D:\\miau\\apps\\efors-admin\\dist\\apps\\server\\server.mjs"
}
2025-12-15 00:25:53 [error]: [500]Error loading document type [einvoice_id_type]
2025-12-15 00:25:53 [error]:
Error loading document type:
{
  name: "ResolveMessage",
  position: null,
  message: "Cannot find module 'D:\\miau\\apps\\efors-admin\\api\\doctype\\state.ts' from 'D:\\miau\\apps\\efors-admin\\dist\\apps\\server\\server.mjs'",
  level: "error",
  specifier: "D:\\miau\\apps\\efors-admin\\api\\doctype\\state.ts",
  importKind: "import-statement",
  referrer: "D:\\miau\\apps\\efors-admin\\dist\\apps\\server\\server.mjs"
}
2025-12-15 00:25:53 [error]: [500]Error loading document type [state]
2025-12-15 00:25:53 [error]:
Error loading document type:
{
  name: "ResolveMessage",
  position: null,
  message: "Cannot find module 'D:\\miau\\apps\\efors-admin\\api\\doctype\\country.ts' from 'D:\\miau\\apps\\efors-admin\\dist\\apps\\server\\server.mjs'",
  level: "error",
  specifier: "D:\\miau\\apps\\efors-admin\\api\\doctype\\country.ts",
  importKind: "import-statement",
  referrer: "D:\\miau\\apps\\efors-admin\\dist\\apps\\server\\server.mjs"
}
2025-12-15 00:25:53 [error]: [500]Error loading document type [country]
2025-12-15 00:25:53 [error]:
Error loading document type:
{
  name: "ResolveMessage",
  position: null,
  message: "Cannot find module 'D:\\miau\\apps\\efors-admin\\api\\doctype\\einvoice_classification.ts' from 'D:\\miau\\apps\\efors-admin\\dist\\apps\\server\\server.mjs'",
  level: "error",
  specifier: "D:\\miau\\apps\\efors-admin\\api\\doctype\\einvoice_classification.ts",
  importKind: "import-statement",
  referrer: "D:\\miau\\apps\\efors-admin\\dist\\apps\\server\\server.mjs"
}
2025-12-15 00:25:53 [error]: [500]Error loading document type [einvoice_classification]
2025-12-15 00:25:53 [error]:
Error loading document type:
{
  name: "ResolveMessage",
  position: null,
  message: "Cannot find module 'D:\\miau\\apps\\efors-admin\\api\\doctype\\einvoice_taxable_type.ts' from 'D:\\miau\\apps\\efors-admin\\dist\\apps\\server\\server.mjs'",
  level: "error",
  specifier: "D:\\miau\\apps\\efors-admin\\api\\doctype\\einvoice_taxable_type.ts",
  importKind: "import-statement",
  referrer: "D:\\miau\\apps\\efors-admin\\dist\\apps\\server\\server.mjs"
}
2025-12-15 00:25:53 [error]: [500]Error loading document type [einvoice_taxable_type]
2025-12-15 00:25:54 [error]:
Error loading document type:
{
  name: "ResolveMessage",
  position: null,
  message: "Cannot find module 'D:\\miau\\apps\\efors-admin\\api\\doctype\\einvoice_id_type.ts' from 'D:\\miau\\apps\\efors-admin\\dist\\apps\\server\\server.mjs'",
  level: "error",
  specifier: "D:\\miau\\apps\\efors-admin\\api\\doctype\\einvoice_id_type.ts",
  importKind: "import-statement",
  referrer: "D:\\miau\\apps\\efors-admin\\dist\\apps\\server\\server.mjs"
}
2025-12-15 00:25:54 [error]: [500]Error loading document type [einvoice_id_type]
2025-12-15 00:25:54 [error]:
Error loading document type:
{
  name: "ResolveMessage",
  position: null,
  message: "Cannot find module 'D:\\miau\\apps\\efors-admin\\api\\doctype\\state.ts' from 'D:\\miau\\apps\\efors-admin\\dist\\apps\\server\\server.mjs'",
  level: "error",
  specifier: "D:\\miau\\apps\\efors-admin\\api\\doctype\\state.ts",
  importKind: "import-statement",
  referrer: "D:\\miau\\apps\\efors-admin\\dist\\apps\\server\\server.mjs"
}
2025-12-15 00:25:54 [error]: [500]Error loading document type [state]
2025-12-15 00:25:54 [error]:
Error loading document type:
{
  name: "ResolveMessage",
  position: null,
  message: "Cannot find module 'D:\\miau\\apps\\efors-admin\\api\\doctype\\country.ts' from 'D:\\miau\\apps\\efors-admin\\dist\\apps\\server\\server.mjs'",
  level: "error",
  specifier: "D:\\miau\\apps\\efors-admin\\api\\doctype\\country.ts",
  importKind: "import-statement",
  referrer: "D:\\miau\\apps\\efors-admin\\dist\\apps\\server\\server.mjs"
}
2025-12-15 00:25:54 [error]: [500]Error loading document type [country]
2025-12-15 00:25:54 [error]:
Error loading document type:
{
  name: "ResolveMessage",
  position: null,
  message: "Cannot find module 'D:\\miau\\apps\\efors-admin\\api\\doctype\\einvoice_classification.ts' from 'D:\\miau\\apps\\efors-admin\\dist\\apps\\server\\server.mjs'",
  level: "error",
  specifier: "D:\\miau\\apps\\efors-admin\\api\\doctype\\einvoice_classification.ts",
  importKind: "import-statement",
  referrer: "D:\\miau\\apps\\efors-admin\\dist\\apps\\server\\server.mjs"
}
2025-12-15 00:25:54 [error]: [500]Error loading document type [einvoice_classification]
2025-12-15 00:25:54 [error]:
Error loading document type:
{
  name: "ResolveMessage",
  position: null,
  message: "Cannot find module 'D:\\miau\\apps\\efors-admin\\api\\doctype\\einvoice_taxable_type.ts' from 'D:\\miau\\apps\\efors-admin\\dist\\apps\\server\\server.mjs'",
  level: "error",
  specifier: "D:\\miau\\apps\\efors-admin\\api\\doctype\\einvoice_taxable_type.ts",
  importKind: "import-statement",
  referrer: "D:\\miau\\apps\\efors-admin\\dist\\apps\\server\\server.mjs"
}
2025-12-15 00:25:54 [error]: [500]Error loading document type [einvoice_taxable_type]
2025-12-15 00:31:52 [error]:
Error loading document type:
{
  name: "ResolveMessage",
  position: null,
  message: "Cannot find module 'D:\\miau\\apps\\efors-admin\\api\\doctype\\einvoice_id_type.ts' from 'D:\\miau\\apps\\efors-admin\\dist\\apps\\server\\server.mjs'",
  level: "error",
  specifier: "D:\\miau\\apps\\efors-admin\\api\\doctype\\einvoice_id_type.ts",
  importKind: "import-statement",
  referrer: "D:\\miau\\apps\\efors-admin\\dist\\apps\\server\\server.mjs"
}
2025-12-15 00:31:52 [error]: [500]Error loading document type [einvoice_id_type]
2025-12-15 00:31:52 [error]:
Error loading document type:
{
  name: "ResolveMessage",
  position: null,
  message: "Cannot find module 'D:\\miau\\apps\\efors-admin\\api\\doctype\\state.ts' from 'D:\\miau\\apps\\efors-admin\\dist\\apps\\server\\server.mjs'",
  level: "error",
  specifier: "D:\\miau\\apps\\efors-admin\\api\\doctype\\state.ts",
  importKind: "import-statement",
  referrer: "D:\\miau\\apps\\efors-admin\\dist\\apps\\server\\server.mjs"
}
2025-12-15 00:31:52 [error]: [500]Error loading document type [state]
2025-12-15 00:31:52 [error]:
Error loading document type:
{
  name: "ResolveMessage",
  position: null,
  message: "Cannot find module 'D:\\miau\\apps\\efors-admin\\api\\doctype\\country.ts' from 'D:\\miau\\apps\\efors-admin\\dist\\apps\\server\\server.mjs'",
  level: "error",
  specifier: "D:\\miau\\apps\\efors-admin\\api\\doctype\\country.ts",
  importKind: "import-statement",
  referrer: "D:\\miau\\apps\\efors-admin\\dist\\apps\\server\\server.mjs"
}
2025-12-15 00:31:52 [error]: [500]Error loading document type [country]
2025-12-15 00:31:52 [error]:
Error loading document type:
{
  name: "ResolveMessage",
  position: null,
  message: "Cannot find module 'D:\\miau\\apps\\efors-admin\\api\\doctype\\einvoice_classification.ts' from 'D:\\miau\\apps\\efors-admin\\dist\\apps\\server\\server.mjs'",
  level: "error",
  specifier: "D:\\miau\\apps\\efors-admin\\api\\doctype\\einvoice_classification.ts",
  importKind: "import-statement",
  referrer: "D:\\miau\\apps\\efors-admin\\dist\\apps\\server\\server.mjs"
}
2025-12-15 00:31:52 [error]: [500]Error loading document type [einvoice_classification]
2025-12-15 00:31:52 [error]:
Error loading document type:
{
  name: "ResolveMessage",
  position: null,
  message: "Cannot find module 'D:\\miau\\apps\\efors-admin\\api\\doctype\\einvoice_taxable_type.ts' from 'D:\\miau\\apps\\efors-admin\\dist\\apps\\server\\server.mjs'",
  level: "error",
  specifier: "D:\\miau\\apps\\efors-admin\\api\\doctype\\einvoice_taxable_type.ts",
  importKind: "import-statement",
  referrer: "D:\\miau\\apps\\efors-admin\\dist\\apps\\server\\server.mjs"
}
2025-12-15 00:31:52 [error]: [500]Error loading document type [einvoice_taxable_type]
2025-12-15 00:35:19 [error]:
Error creating document type:
{
  message: "Field 'description' doesn't have a default value",
  code: "ER_NO_DEFAULT_FOR_FIELD",
  errno: 1364,
  sql: "INSERT INTO  eforsdb.sales_invoice_discount SET `docStatus` = 'DRAFT', `isActive` = true, `isDeleted` = false, `sysAcct` = 'SYS', `discountBy` = 'PERCENTAGE', `rate` = '5.00', `amount` = '-0.30', `invoiceId` = 'SYS-SINV-2025-0003', `lastModifiedBy` = 'sys@superadmin', `createdBy` = 'sys@superadmin', `id` = 'EUn15zmkmLBZ' ON DUPLICATE KEY UPDATE `docStatus` = 'DRAFT', `isActive` = true, `isDeleted` = false, `sysAcct` = 'SYS', `discountBy` = 'PERCENTAGE', `rate` = '5.00', `amount` = '-0.30', `invoiceId` = 'SYS-SINV-2025-0003', `lastModifiedBy` = 'sys@superadmin', `createdBy` = 'sys@superadmin', `id` = 'EUn15zmkmLBZ'",
  sqlState: "HY000",
  sqlMessage: "Field 'description' doesn't have a default value"
}
2025-12-15 00:39:44 [error]:
Error creating document type:
{
  message: "Field 'description' doesn't have a default value",
  code: "ER_NO_DEFAULT_FOR_FIELD",
  errno: 1364,
  sql: "INSERT INTO  eforsdb.sales_invoice_discount SET `docStatus` = 'DRAFT', `isActive` = true, `isDeleted` = false, `sysAcct` = 'SYS', `discountBy` = 'PERCENTAGE', `rate` = '5.00', `amount` = '-0.30', `invoiceId` = 'SYS-SINV-2025-0003', `lastModifiedBy` = 'sys@superadmin', `createdBy` = 'sys@superadmin', `id` = 'YYvgO_2VSfMZ' ON DUPLICATE KEY UPDATE `docStatus` = 'DRAFT', `isActive` = true, `isDeleted` = false, `sysAcct` = 'SYS', `discountBy` = 'PERCENTAGE', `rate` = '5.00', `amount` = '-0.30', `invoiceId` = 'SYS-SINV-2025-0003', `lastModifiedBy` = 'sys@superadmin', `createdBy` = 'sys@superadmin', `id` = 'YYvgO_2VSfMZ'",
  sqlState: "HY000",
  sqlMessage: "Field 'description' doesn't have a default value"
}
2025-12-15 00:42:40 [error]:
Error creating document type:
{
  message: "Field 'description' doesn't have a default value",
  code: "ER_NO_DEFAULT_FOR_FIELD",
  errno: 1364,
  sql: "INSERT INTO  eforsdb.sales_invoice_discount SET `docStatus` = 'DRAFT', `isActive` = true, `isDeleted` = false, `sysAcct` = 'SYS', `discountBy` = 'PERCENTAGE', `rate` = '5.00', `amount` = '-0.30', `invoiceId` = 'SYS-SINV-2025-0003', `lastModifiedBy` = 'sys@superadmin', `createdBy` = 'sys@superadmin', `id` = 'gR6Zg7d972Fz' ON DUPLICATE KEY UPDATE `docStatus` = 'DRAFT', `isActive` = true, `isDeleted` = false, `sysAcct` = 'SYS', `discountBy` = 'PERCENTAGE', `rate` = '5.00', `amount` = '-0.30', `invoiceId` = 'SYS-SINV-2025-0003', `lastModifiedBy` = 'sys@superadmin', `createdBy` = 'sys@superadmin', `id` = 'gR6Zg7d972Fz'",
  sqlState: "HY000",
  sqlMessage: "Field 'description' doesn't have a default value"
}
2025-12-15 00:43:51 [error]:
Error loading document type:
{
  name: "ResolveMessage",
  position: null,
  message: "Cannot find module 'D:\\miau\\apps\\efors-admin\\api\\doctype\\einvoice_id_type.ts' from 'D:\\miau\\apps\\efors-admin\\dist\\apps\\server\\server.mjs'",
  level: "error",
  specifier: "D:\\miau\\apps\\efors-admin\\api\\doctype\\einvoice_id_type.ts",
  importKind: "import-statement",
  referrer: "D:\\miau\\apps\\efors-admin\\dist\\apps\\server\\server.mjs"
}
2025-12-15 00:43:51 [error]: [500]Error loading document type [einvoice_id_type]
2025-12-15 00:43:51 [error]:
Error loading document type:
{
  name: "ResolveMessage",
  position: null,
  message: "Cannot find module 'D:\\miau\\apps\\efors-admin\\api\\doctype\\state.ts' from 'D:\\miau\\apps\\efors-admin\\dist\\apps\\server\\server.mjs'",
  level: "error",
  specifier: "D:\\miau\\apps\\efors-admin\\api\\doctype\\state.ts",
  importKind: "import-statement",
  referrer: "D:\\miau\\apps\\efors-admin\\dist\\apps\\server\\server.mjs"
}
2025-12-15 00:43:51 [error]: [500]Error loading document type [state]
2025-12-15 00:43:51 [error]:
Error loading document type:
{
  name: "ResolveMessage",
  position: null,
  message: "Cannot find module 'D:\\miau\\apps\\efors-admin\\api\\doctype\\country.ts' from 'D:\\miau\\apps\\efors-admin\\dist\\apps\\server\\server.mjs'",
  level: "error",
  specifier: "D:\\miau\\apps\\efors-admin\\api\\doctype\\country.ts",
  importKind: "import-statement",
  referrer: "D:\\miau\\apps\\efors-admin\\dist\\apps\\server\\server.mjs"
}
2025-12-15 00:43:51 [error]: [500]Error loading document type [country]
2025-12-15 00:43:51 [error]:
Error loading document type:
{
  name: "ResolveMessage",
  position: null,
  message: "Cannot find module 'D:\\miau\\apps\\efors-admin\\api\\doctype\\einvoice_classification.ts' from 'D:\\miau\\apps\\efors-admin\\dist\\apps\\server\\server.mjs'",
  level: "error",
  specifier: "D:\\miau\\apps\\efors-admin\\api\\doctype\\einvoice_classification.ts",
  importKind: "import-statement",
  referrer: "D:\\miau\\apps\\efors-admin\\dist\\apps\\server\\server.mjs"
}
2025-12-15 00:43:51 [error]: [500]Error loading document type [einvoice_classification]
2025-12-15 00:43:51 [error]:
Error loading document type:
{
  name: "ResolveMessage",
  position: null,
  message: "Cannot find module 'D:\\miau\\apps\\efors-admin\\api\\doctype\\einvoice_taxable_type.ts' from 'D:\\miau\\apps\\efors-admin\\dist\\apps\\server\\server.mjs'",
  level: "error",
  specifier: "D:\\miau\\apps\\efors-admin\\api\\doctype\\einvoice_taxable_type.ts",
  importKind: "import-statement",
  referrer: "D:\\miau\\apps\\efors-admin\\dist\\apps\\server\\server.mjs"
}
2025-12-15 00:43:51 [error]: [500]Error loading document type [einvoice_taxable_type]
2025-12-15 22:40:01 [error]: [401]Authorization token is expired.
