2025-12-09 00:02:22 [error]: [401]Authorization token is expired.
2025-12-09 00:02:29 [error]: [401]Authorization token is expired.
2025-12-09 00:02:29 [error]: [401]Authorization token is expired.
2025-12-09 00:04:07 [error]: [401]Authorization token is expired.
2025-12-09 00:04:18 [error]: [401]Authorization token is expired.
2025-12-09 00:11:02 [error]: [401]Authorization token is expired.
2025-12-09 00:13:03 [error]: [401]Authorization token is expired.
2025-12-09 00:13:03 [error]:
Error getting documents:
{
  message: "You have an error in your SQL syntax; check the manual that corresponds to your MySQL server version for the right syntax to use near 'undefined LIMIT 10 OFFSET 0' at line 1",
  code: "ER_PARSE_ERROR",
  errno: 1064,
  sql: "SELECT t.idx,t.id,t.createdDate,t.createdBy,t.modifiedDate,t.lastModifiedBy,t.docStatus,t.isActive,t.isDeleted,t.sysAcct,t.name,t.contactNo,t.email,t.tinNo,t.identificationNo,t.identificationType,t.sstRegistration,t.address1,t.address2,t.address3,t.postcode,t.city,t.stateCode,t.countryCode,t.companyId FROM eforsdb.customer AS t WHERE ( isDeleted = 0 or isDeleted is null ) and sysAcct = \"SYS\" and companyId = \"SYS\"  ORDER BY undefined undefined LIMIT 10 OFFSET 0",
  sqlState: "42000",
  sqlMessage: "You have an error in your SQL syntax; check the manual that corresponds to your MySQL server version for the right syntax to use near 'undefined LIMIT 10 OFFSET 0' at line 1"
}
2025-12-09 00:39:30 [error]: [401]Invalid API Token.
2025-12-09 00:39:30 [error]: [401]Invalid API Token.
2025-12-09 00:39:58 [error]: [401]Invalid API Token.
2025-12-09 00:40:19 [error]: [401]Invalid API Token.
2025-12-09 00:40:32 [error]: [401]Invalid API Token.
2025-12-09 00:41:07 [error]: [401]Invalid API Token.
2025-12-09 00:41:19 [error]: [401]Invalid API Token.
2025-12-09 01:42:36 [error]: [401]Authorization token is expired.
2025-12-09 02:03:32 [error]:
Error getting documents:
{
  message: "Unknown column 'language' in 'where clause'",
  code: "ER_BAD_FIELD_ERROR",
  errno: 1054,
  sql: "SELECT t.idx,t.id,t.createdDate,t.createdBy,t.modifiedDate,t.lastModifiedBy,t.docStatus,t.isActive,t.isDeleted,t.code,t.companyName,t.contactNo,t.email,t.tinNo,t.businessRegNo,t.identificationType,t.sstRegistration,t.industryClassification,t.address1,t.address2,t.address3,t.postcode,t.city,t.stateCode,t.countryCode,t.enableSandbox,t.eInvoiceIdSandbox,t.eInvoiceSecretSandbox,t.enableProduction,t.eInvoiceId,t.eInvoiceSecret,t.defaultTaxableType,t.defaultItemClassification,t.defaultItemUOM FROM eforsdb.company AS t WHERE language = \"en\" and ( isDeleted = 0 or isDeleted is null )  ORDER BY id ASC LIMIT 10 OFFSET 0",
  sqlState: "42S22",
  sqlMessage: "Unknown column 'language' in 'where clause'"
}
2025-12-09 02:04:42 [error]:
Error getting documents:
{
  message: "Unknown column 'language' in 'where clause'",
  code: "ER_BAD_FIELD_ERROR",
  errno: 1054,
  sql: "SELECT t.idx,t.id,t.createdDate,t.createdBy,t.modifiedDate,t.lastModifiedBy,t.docStatus,t.isActive,t.isDeleted,t.code,t.companyName,t.contactNo,t.email,t.tinNo,t.businessRegNo,t.identificationType,t.sstRegistration,t.industryClassification,t.address1,t.address2,t.address3,t.postcode,t.city,t.stateCode,t.countryCode,t.enableSandbox,t.eInvoiceIdSandbox,t.eInvoiceSecretSandbox,t.enableProduction,t.eInvoiceId,t.eInvoiceSecret,t.defaultTaxableType,t.defaultItemClassification,t.defaultItemUOM FROM eforsdb.company AS t WHERE language = \"en\" and ( isDeleted = 0 or isDeleted is null )  ORDER BY id ASC LIMIT 10 OFFSET 0",
  sqlState: "42S22",
  sqlMessage: "Unknown column 'language' in 'where clause'"
}
2025-12-09 02:05:50 [error]:
Error getting documents:
{
  message: "Unknown column 'language' in 'where clause'",
  code: "ER_BAD_FIELD_ERROR",
  errno: 1054,
  sql: "SELECT t.idx,t.id,t.createdDate,t.createdBy,t.modifiedDate,t.lastModifiedBy,t.docStatus,t.isActive,t.isDeleted,t.code,t.companyName,t.contactNo,t.email,t.tinNo,t.businessRegNo,t.identificationType,t.sstRegistration,t.industryClassification,t.address1,t.address2,t.address3,t.postcode,t.city,t.stateCode,t.countryCode,t.enableSandbox,t.eInvoiceIdSandbox,t.eInvoiceSecretSandbox,t.enableProduction,t.eInvoiceId,t.eInvoiceSecret,t.defaultTaxableType,t.defaultItemClassification,t.defaultItemUOM FROM eforsdb.company AS t WHERE language = \"en\" and ( isDeleted = 0 or isDeleted is null )  ORDER BY id ASC LIMIT 10 OFFSET 0",
  sqlState: "42S22",
  sqlMessage: "Unknown column 'language' in 'where clause'"
}
2025-12-09 02:08:40 [error]:
Error getting documents:
{
  message: "Unknown column 'language' in 'where clause'",
  code: "ER_BAD_FIELD_ERROR",
  errno: 1054,
  sql: "SELECT t.idx,t.id,t.createdDate,t.createdBy,t.modifiedDate,t.lastModifiedBy,t.docStatus,t.isActive,t.isDeleted,t.code,t.companyName,t.contactNo,t.email,t.tinNo,t.businessRegNo,t.identificationType,t.sstRegistration,t.industryClassification,t.address1,t.address2,t.address3,t.postcode,t.city,t.stateCode,t.countryCode,t.enableSandbox,t.eInvoiceIdSandbox,t.eInvoiceSecretSandbox,t.enableProduction,t.eInvoiceId,t.eInvoiceSecret,t.defaultTaxableType,t.defaultItemClassification,t.defaultItemUOM FROM eforsdb.company AS t WHERE language = \"en\" and ( isDeleted = 0 or isDeleted is null )  ORDER BY id ASC LIMIT 10 OFFSET 0",
  sqlState: "42S22",
  sqlMessage: "Unknown column 'language' in 'where clause'"
}
2025-12-09 02:43:03 [error]: [401]Authorization token is expired.
2025-12-09 02:43:03 [error]: [401]Authorization token is expired.
2025-12-09 02:43:03 [error]:
Error loading document type:
{
  name: "ResolveMessage",
  position: null,
  message: "Cannot find module 'D:\\miau\\apps\\efors-admin\\api\\doctype\\einvoice_id_type.ts' from 'D:\\miau\\apps\\efors-admin\\dist\\apps\\server\\server.mjs'",
  level: "error",
  specifier: "D:\\miau\\apps\\efors-admin\\api\\doctype\\einvoice_id_type.ts",
  importKind: "import-statement",
  referrer: "D:\\miau\\apps\\efors-admin\\dist\\apps\\server\\server.mjs"
}
2025-12-09 02:43:03 [error]: [500]Error loading document type [einvoice_id_type]
2025-12-09 02:43:03 [error]:
Error loading document type:
{
  name: "ResolveMessage",
  position: null,
  message: "Cannot find module 'D:\\miau\\apps\\efors-admin\\api\\doctype\\state.ts' from 'D:\\miau\\apps\\efors-admin\\dist\\apps\\server\\server.mjs'",
  level: "error",
  specifier: "D:\\miau\\apps\\efors-admin\\api\\doctype\\state.ts",
  importKind: "import-statement",
  referrer: "D:\\miau\\apps\\efors-admin\\dist\\apps\\server\\server.mjs"
}
2025-12-09 02:43:03 [error]: [500]Error loading document type [state]
2025-12-09 02:43:03 [error]:
Error loading document type:
{
  name: "ResolveMessage",
  position: null,
  message: "Cannot find module 'D:\\miau\\apps\\efors-admin\\api\\doctype\\country.ts' from 'D:\\miau\\apps\\efors-admin\\dist\\apps\\server\\server.mjs'",
  level: "error",
  specifier: "D:\\miau\\apps\\efors-admin\\api\\doctype\\country.ts",
  importKind: "import-statement",
  referrer: "D:\\miau\\apps\\efors-admin\\dist\\apps\\server\\server.mjs"
}
2025-12-09 02:43:03 [error]: [500]Error loading document type [country]
2025-12-09 02:43:03 [error]:
Error loading document type:
{}
2025-12-09 02:43:03 [error]: [500]Error loading document type [customer]
2025-12-09 02:43:03 [error]:
Error loading document type:
{
  message: "Error loading document type [customer]",
  status: 500,
  code: "SEVER_ERROR"
}
2025-12-09 02:43:03 [error]: [500]Error loading document type [sales_invoice]
2025-12-09 02:43:30 [error]:
Error loading document type:
{
  name: "ResolveMessage",
  position: null,
  message: "Cannot find module 'D:\\miau\\apps\\efors-admin\\api\\doctype\\einvoice_id_type.ts' from 'D:\\miau\\apps\\efors-admin\\dist\\apps\\server\\server.mjs'",
  level: "error",
  specifier: "D:\\miau\\apps\\efors-admin\\api\\doctype\\einvoice_id_type.ts",
  importKind: "import-statement",
  referrer: "D:\\miau\\apps\\efors-admin\\dist\\apps\\server\\server.mjs"
}
2025-12-09 02:43:30 [error]: [500]Error loading document type [einvoice_id_type]
2025-12-09 02:43:30 [error]:
Error loading document type:
{
  name: "ResolveMessage",
  position: null,
  message: "Cannot find module 'D:\\miau\\apps\\efors-admin\\api\\doctype\\state.ts' from 'D:\\miau\\apps\\efors-admin\\dist\\apps\\server\\server.mjs'",
  level: "error",
  specifier: "D:\\miau\\apps\\efors-admin\\api\\doctype\\state.ts",
  importKind: "import-statement",
  referrer: "D:\\miau\\apps\\efors-admin\\dist\\apps\\server\\server.mjs"
}
2025-12-09 02:43:30 [error]: [500]Error loading document type [state]
2025-12-09 02:43:30 [error]:
Error loading document type:
{
  name: "ResolveMessage",
  position: null,
  message: "Cannot find module 'D:\\miau\\apps\\efors-admin\\api\\doctype\\country.ts' from 'D:\\miau\\apps\\efors-admin\\dist\\apps\\server\\server.mjs'",
  level: "error",
  specifier: "D:\\miau\\apps\\efors-admin\\api\\doctype\\country.ts",
  importKind: "import-statement",
  referrer: "D:\\miau\\apps\\efors-admin\\dist\\apps\\server\\server.mjs"
}
2025-12-09 02:43:30 [error]: [500]Error loading document type [country]
2025-12-09 02:43:30 [error]:
Error loading document type:
{}
2025-12-09 02:43:30 [error]: [500]Error loading document type [customer]
2025-12-09 02:43:30 [error]:
Error loading document type:
{
  message: "Error loading document type [customer]",
  status: 500,
  code: "SEVER_ERROR"
}
2025-12-09 02:43:30 [error]: [500]Error loading document type [sales_invoice]
2025-12-09 02:43:33 [error]:
Error getting documents:
{
  message: "You have an error in your SQL syntax; check the manual that corresponds to your MySQL server version for the right syntax to use near 'undefined LIMIT 10 OFFSET 0' at line 1",
  code: "ER_PARSE_ERROR",
  errno: 1064,
  sql: "SELECT t.idx,t.id,t.createdDate,t.createdBy,t.modifiedDate,t.lastModifiedBy,t.isActive,t.isDeleted,t.sysAcct,t.docStatus,t.customerId,t.postingDate,t.subtotal,t.totalTaxes,t.totalDiscounts,t.roundingAmount,t.grandTotal,t.companyId,t.paymentStatus,t.paidAmount FROM eforsdb.sales_invoice AS t WHERE ( isDeleted = 0 or isDeleted is null ) and sysAcct = \"SYS\" and companyId = \"SYS\"  ORDER BY undefined undefined LIMIT 10 OFFSET 0",
  sqlState: "42000",
  sqlMessage: "You have an error in your SQL syntax; check the manual that corresponds to your MySQL server version for the right syntax to use near 'undefined LIMIT 10 OFFSET 0' at line 1"
}
2025-12-09 02:43:56 [error]:
Error getting documents:
{
  message: "You have an error in your SQL syntax; check the manual that corresponds to your MySQL server version for the right syntax to use near 'undefined LIMIT 10 OFFSET 0' at line 1",
  code: "ER_PARSE_ERROR",
  errno: 1064,
  sql: "SELECT t.idx,t.id,t.createdDate,t.createdBy,t.modifiedDate,t.lastModifiedBy,t.isActive,t.isDeleted,t.sysAcct,t.docStatus,t.customerId,t.postingDate,t.subtotal,t.totalTaxes,t.totalDiscounts,t.roundingAmount,t.grandTotal,t.companyId,t.paymentStatus,t.paidAmount FROM eforsdb.sales_invoice AS t WHERE ( isDeleted = 0 or isDeleted is null ) and sysAcct = \"SYS\" and companyId = \"SYS\"  ORDER BY undefined undefined LIMIT 10 OFFSET 0",
  sqlState: "42000",
  sqlMessage: "You have an error in your SQL syntax; check the manual that corresponds to your MySQL server version for the right syntax to use near 'undefined LIMIT 10 OFFSET 0' at line 1"
}
2025-12-09 02:45:13 [error]:
Error loading document type:
{}
2025-12-09 02:45:13 [error]: [500]Error loading document type [sales_invoice_item]
2025-12-09 02:45:13 [error]:
Error loading document type:
{
  message: "Error loading document type [sales_invoice_item]",
  status: 500,
  code: "SEVER_ERROR"
}
2025-12-09 02:45:13 [error]: [500]Error loading document type [sales_invoice]
2025-12-09 02:45:59 [error]:
Error getting documents:
{
  message: "You have an error in your SQL syntax; check the manual that corresponds to your MySQL server version for the right syntax to use near 'undefined LIMIT 10 OFFSET 0' at line 1",
  code: "ER_PARSE_ERROR",
  errno: 1064,
  sql: "SELECT t.idx,t.id,t.createdDate,t.createdBy,t.modifiedDate,t.lastModifiedBy,t.isActive,t.isDeleted,t.sysAcct,t.docStatus,t.customerId,t.postingDate,t.subtotal,t.totalTaxes,t.totalDiscounts,t.roundingAmount,t.grandTotal,t.companyId,t.paymentStatus,t.paidAmount FROM eforsdb.sales_invoice AS t WHERE ( isDeleted = 0 or isDeleted is null ) and sysAcct = \"SYS\" and companyId = \"SYS\"  ORDER BY undefined undefined LIMIT 10 OFFSET 0",
  sqlState: "42000",
  sqlMessage: "You have an error in your SQL syntax; check the manual that corresponds to your MySQL server version for the right syntax to use near 'undefined LIMIT 10 OFFSET 0' at line 1"
}
2025-12-09 02:46:36 [error]:
Error loading document type:
{}
2025-12-09 02:46:36 [error]: [500]Error loading document type [company_account]
2025-12-09 02:46:36 [error]:
Error loading document type:
{
  message: "Error loading document type [company_account]",
  status: 500,
  code: "SEVER_ERROR"
}
2025-12-09 02:46:36 [error]: [500]Error loading document type [company]
2025-12-09 02:48:19 [error]:
Error loading document type:
{}
2025-12-09 02:48:19 [error]: [500]Error loading document type [company_account]
2025-12-09 02:48:19 [error]:
Error loading document type:
{
  message: "Error loading document type [company_account]",
  status: 500,
  code: "SEVER_ERROR"
}
2025-12-09 02:48:19 [error]: [500]Error loading document type [company]
2025-12-09 02:50:58 [error]:
Error loading document type:
{
  name: "ResolveMessage",
  position: null,
  message: "Cannot find module 'D:\\miau\\apps\\efors-admin\\api\\doctype\\einvoice_id_type.ts' from 'D:\\miau\\apps\\efors-admin\\dist\\apps\\server\\server.mjs'",
  level: "error",
  specifier: "D:\\miau\\apps\\efors-admin\\api\\doctype\\einvoice_id_type.ts",
  importKind: "import-statement",
  referrer: "D:\\miau\\apps\\efors-admin\\dist\\apps\\server\\server.mjs"
}
2025-12-09 02:50:58 [error]: [500]Error loading document type [einvoice_id_type]
2025-12-09 02:50:58 [error]:
Error loading document type:
{
  name: "ResolveMessage",
  position: null,
  message: "Cannot find module 'D:\\miau\\apps\\efors-admin\\api\\doctype\\state.ts' from 'D:\\miau\\apps\\efors-admin\\dist\\apps\\server\\server.mjs'",
  level: "error",
  specifier: "D:\\miau\\apps\\efors-admin\\api\\doctype\\state.ts",
  importKind: "import-statement",
  referrer: "D:\\miau\\apps\\efors-admin\\dist\\apps\\server\\server.mjs"
}
2025-12-09 02:50:58 [error]: [500]Error loading document type [state]
2025-12-09 02:50:58 [error]:
Error loading document type:
{
  name: "ResolveMessage",
  position: null,
  message: "Cannot find module 'D:\\miau\\apps\\efors-admin\\api\\doctype\\country.ts' from 'D:\\miau\\apps\\efors-admin\\dist\\apps\\server\\server.mjs'",
  level: "error",
  specifier: "D:\\miau\\apps\\efors-admin\\api\\doctype\\country.ts",
  importKind: "import-statement",
  referrer: "D:\\miau\\apps\\efors-admin\\dist\\apps\\server\\server.mjs"
}
2025-12-09 02:50:58 [error]: [500]Error loading document type [country]
2025-12-09 02:50:58 [error]:
Error loading document type:
{
  name: "ResolveMessage",
  position: null,
  message: "Cannot find module 'D:\\miau\\apps\\efors-admin\\api\\doctype\\einvoice_classification.ts' from 'D:\\miau\\apps\\efors-admin\\dist\\apps\\server\\server.mjs'",
  level: "error",
  specifier: "D:\\miau\\apps\\efors-admin\\api\\doctype\\einvoice_classification.ts",
  importKind: "import-statement",
  referrer: "D:\\miau\\apps\\efors-admin\\dist\\apps\\server\\server.mjs"
}
2025-12-09 02:50:58 [error]: [500]Error loading document type [einvoice_classification]
2025-12-09 02:50:58 [error]:
Error loading document type:
{
  name: "ResolveMessage",
  position: null,
  message: "Cannot find module 'D:\\miau\\apps\\efors-admin\\api\\doctype\\einvoice_taxable_type.ts' from 'D:\\miau\\apps\\efors-admin\\dist\\apps\\server\\server.mjs'",
  level: "error",
  specifier: "D:\\miau\\apps\\efors-admin\\api\\doctype\\einvoice_taxable_type.ts",
  importKind: "import-statement",
  referrer: "D:\\miau\\apps\\efors-admin\\dist\\apps\\server\\server.mjs"
}
2025-12-09 02:50:58 [error]: [500]Error loading document type [einvoice_taxable_type]
2025-12-09 02:51:17 [error]:
Error loading document type:
{
  name: "ResolveMessage",
  position: null,
  message: "Cannot find module 'D:\\miau\\apps\\efors-admin\\api\\doctype\\einvoice_id_type.ts' from 'D:\\miau\\apps\\efors-admin\\dist\\apps\\server\\server.mjs'",
  level: "error",
  specifier: "D:\\miau\\apps\\efors-admin\\api\\doctype\\einvoice_id_type.ts",
  importKind: "import-statement",
  referrer: "D:\\miau\\apps\\efors-admin\\dist\\apps\\server\\server.mjs"
}
2025-12-09 02:51:17 [error]: [500]Error loading document type [einvoice_id_type]
2025-12-09 02:51:17 [error]:
Error loading document type:
{
  name: "ResolveMessage",
  position: null,
  message: "Cannot find module 'D:\\miau\\apps\\efors-admin\\api\\doctype\\state.ts' from 'D:\\miau\\apps\\efors-admin\\dist\\apps\\server\\server.mjs'",
  level: "error",
  specifier: "D:\\miau\\apps\\efors-admin\\api\\doctype\\state.ts",
  importKind: "import-statement",
  referrer: "D:\\miau\\apps\\efors-admin\\dist\\apps\\server\\server.mjs"
}
2025-12-09 02:51:17 [error]: [500]Error loading document type [state]
2025-12-09 02:51:17 [error]:
Error loading document type:
{
  name: "ResolveMessage",
  position: null,
  message: "Cannot find module 'D:\\miau\\apps\\efors-admin\\api\\doctype\\country.ts' from 'D:\\miau\\apps\\efors-admin\\dist\\apps\\server\\server.mjs'",
  level: "error",
  specifier: "D:\\miau\\apps\\efors-admin\\api\\doctype\\country.ts",
  importKind: "import-statement",
  referrer: "D:\\miau\\apps\\efors-admin\\dist\\apps\\server\\server.mjs"
}
2025-12-09 02:51:17 [error]: [500]Error loading document type [country]
2025-12-09 02:51:18 [error]:
Error loading document type:
{
  name: "ResolveMessage",
  position: null,
  message: "Cannot find module 'D:\\miau\\apps\\efors-admin\\api\\doctype\\einvoice_id_type.ts' from 'D:\\miau\\apps\\efors-admin\\dist\\apps\\server\\server.mjs'",
  level: "error",
  specifier: "D:\\miau\\apps\\efors-admin\\api\\doctype\\einvoice_id_type.ts",
  importKind: "import-statement",
  referrer: "D:\\miau\\apps\\efors-admin\\dist\\apps\\server\\server.mjs"
}
2025-12-09 02:51:18 [error]: [500]Error loading document type [einvoice_id_type]
2025-12-09 02:51:18 [error]:
Error loading document type:
{
  name: "ResolveMessage",
  position: null,
  message: "Cannot find module 'D:\\miau\\apps\\efors-admin\\api\\doctype\\state.ts' from 'D:\\miau\\apps\\efors-admin\\dist\\apps\\server\\server.mjs'",
  level: "error",
  specifier: "D:\\miau\\apps\\efors-admin\\api\\doctype\\state.ts",
  importKind: "import-statement",
  referrer: "D:\\miau\\apps\\efors-admin\\dist\\apps\\server\\server.mjs"
}
2025-12-09 02:51:18 [error]: [500]Error loading document type [state]
2025-12-09 02:51:18 [error]:
Error loading document type:
{
  name: "ResolveMessage",
  position: null,
  message: "Cannot find module 'D:\\miau\\apps\\efors-admin\\api\\doctype\\country.ts' from 'D:\\miau\\apps\\efors-admin\\dist\\apps\\server\\server.mjs'",
  level: "error",
  specifier: "D:\\miau\\apps\\efors-admin\\api\\doctype\\country.ts",
  importKind: "import-statement",
  referrer: "D:\\miau\\apps\\efors-admin\\dist\\apps\\server\\server.mjs"
}
2025-12-09 02:51:18 [error]: [500]Error loading document type [country]
2025-12-09 02:51:22 [error]:
Error loading document type:
{
  name: "ResolveMessage",
  position: null,
  message: "Cannot find module 'D:\\miau\\apps\\efors-admin\\api\\doctype\\einvoice_id_type.ts' from 'D:\\miau\\apps\\efors-admin\\dist\\apps\\server\\server.mjs'",
  level: "error",
  specifier: "D:\\miau\\apps\\efors-admin\\api\\doctype\\einvoice_id_type.ts",
  importKind: "import-statement",
  referrer: "D:\\miau\\apps\\efors-admin\\dist\\apps\\server\\server.mjs"
}
2025-12-09 02:51:22 [error]: [500]Error loading document type [einvoice_id_type]
2025-12-09 02:51:22 [error]:
Error loading document type:
{
  name: "ResolveMessage",
  position: null,
  message: "Cannot find module 'D:\\miau\\apps\\efors-admin\\api\\doctype\\state.ts' from 'D:\\miau\\apps\\efors-admin\\dist\\apps\\server\\server.mjs'",
  level: "error",
  specifier: "D:\\miau\\apps\\efors-admin\\api\\doctype\\state.ts",
  importKind: "import-statement",
  referrer: "D:\\miau\\apps\\efors-admin\\dist\\apps\\server\\server.mjs"
}
2025-12-09 02:51:22 [error]: [500]Error loading document type [state]
2025-12-09 02:51:22 [error]:
Error loading document type:
{
  name: "ResolveMessage",
  position: null,
  message: "Cannot find module 'D:\\miau\\apps\\efors-admin\\api\\doctype\\country.ts' from 'D:\\miau\\apps\\efors-admin\\dist\\apps\\server\\server.mjs'",
  level: "error",
  specifier: "D:\\miau\\apps\\efors-admin\\api\\doctype\\country.ts",
  importKind: "import-statement",
  referrer: "D:\\miau\\apps\\efors-admin\\dist\\apps\\server\\server.mjs"
}
2025-12-09 02:51:22 [error]: [500]Error loading document type [country]
2025-12-09 02:51:23 [error]:
Error loading document type:
{
  name: "ResolveMessage",
  position: null,
  message: "Cannot find module 'D:\\miau\\apps\\efors-admin\\api\\doctype\\einvoice_id_type.ts' from 'D:\\miau\\apps\\efors-admin\\dist\\apps\\server\\server.mjs'",
  level: "error",
  specifier: "D:\\miau\\apps\\efors-admin\\api\\doctype\\einvoice_id_type.ts",
  importKind: "import-statement",
  referrer: "D:\\miau\\apps\\efors-admin\\dist\\apps\\server\\server.mjs"
}
2025-12-09 02:51:23 [error]: [500]Error loading document type [einvoice_id_type]
2025-12-09 02:51:23 [error]:
Error loading document type:
{
  name: "ResolveMessage",
  position: null,
  message: "Cannot find module 'D:\\miau\\apps\\efors-admin\\api\\doctype\\state.ts' from 'D:\\miau\\apps\\efors-admin\\dist\\apps\\server\\server.mjs'",
  level: "error",
  specifier: "D:\\miau\\apps\\efors-admin\\api\\doctype\\state.ts",
  importKind: "import-statement",
  referrer: "D:\\miau\\apps\\efors-admin\\dist\\apps\\server\\server.mjs"
}
2025-12-09 02:51:23 [error]: [500]Error loading document type [state]
2025-12-09 02:51:23 [error]:
Error loading document type:
{
  name: "ResolveMessage",
  position: null,
  message: "Cannot find module 'D:\\miau\\apps\\efors-admin\\api\\doctype\\country.ts' from 'D:\\miau\\apps\\efors-admin\\dist\\apps\\server\\server.mjs'",
  level: "error",
  specifier: "D:\\miau\\apps\\efors-admin\\api\\doctype\\country.ts",
  importKind: "import-statement",
  referrer: "D:\\miau\\apps\\efors-admin\\dist\\apps\\server\\server.mjs"
}
2025-12-09 02:51:23 [error]: [500]Error loading document type [country]
2025-12-09 02:51:33 [error]:
Error loading document type:
{
  name: "ResolveMessage",
  position: null,
  message: "Cannot find module 'D:\\miau\\apps\\efors-admin\\api\\doctype\\einvoice_id_type.ts' from 'D:\\miau\\apps\\efors-admin\\dist\\apps\\server\\server.mjs'",
  level: "error",
  specifier: "D:\\miau\\apps\\efors-admin\\api\\doctype\\einvoice_id_type.ts",
  importKind: "import-statement",
  referrer: "D:\\miau\\apps\\efors-admin\\dist\\apps\\server\\server.mjs"
}
2025-12-09 02:51:33 [error]: [500]Error loading document type [einvoice_id_type]
2025-12-09 02:51:33 [error]:
Error loading document type:
{
  name: "ResolveMessage",
  position: null,
  message: "Cannot find module 'D:\\miau\\apps\\efors-admin\\api\\doctype\\einvoice_misc.ts' from 'D:\\miau\\apps\\efors-admin\\dist\\apps\\server\\server.mjs'",
  level: "error",
  specifier: "D:\\miau\\apps\\efors-admin\\api\\doctype\\einvoice_misc.ts",
  importKind: "import-statement",
  referrer: "D:\\miau\\apps\\efors-admin\\dist\\apps\\server\\server.mjs"
}
2025-12-09 02:51:33 [error]: [500]Error loading document type [einvoice_misc]
2025-12-09 02:51:33 [error]:
Error loading document type:
{
  name: "ResolveMessage",
  position: null,
  message: "Cannot find module 'D:\\miau\\apps\\efors-admin\\api\\doctype\\state.ts' from 'D:\\miau\\apps\\efors-admin\\dist\\apps\\server\\server.mjs'",
  level: "error",
  specifier: "D:\\miau\\apps\\efors-admin\\api\\doctype\\state.ts",
  importKind: "import-statement",
  referrer: "D:\\miau\\apps\\efors-admin\\dist\\apps\\server\\server.mjs"
}
2025-12-09 02:51:33 [error]: [500]Error loading document type [state]
2025-12-09 02:51:33 [error]:
Error loading document type:
{
  name: "ResolveMessage",
  position: null,
  message: "Cannot find module 'D:\\miau\\apps\\efors-admin\\api\\doctype\\country.ts' from 'D:\\miau\\apps\\efors-admin\\dist\\apps\\server\\server.mjs'",
  level: "error",
  specifier: "D:\\miau\\apps\\efors-admin\\api\\doctype\\country.ts",
  importKind: "import-statement",
  referrer: "D:\\miau\\apps\\efors-admin\\dist\\apps\\server\\server.mjs"
}
2025-12-09 02:51:33 [error]: [500]Error loading document type [country]
2025-12-09 02:51:33 [error]:
Error loading document type:
{
  name: "ResolveMessage",
  position: null,
  message: "Cannot find module 'D:\\miau\\apps\\efors-admin\\api\\doctype\\einvoice_taxable_type.ts' from 'D:\\miau\\apps\\efors-admin\\dist\\apps\\server\\server.mjs'",
  level: "error",
  specifier: "D:\\miau\\apps\\efors-admin\\api\\doctype\\einvoice_taxable_type.ts",
  importKind: "import-statement",
  referrer: "D:\\miau\\apps\\efors-admin\\dist\\apps\\server\\server.mjs"
}
2025-12-09 02:51:33 [error]: [500]Error loading document type [einvoice_taxable_type]
2025-12-09 02:51:33 [error]:
Error loading document type:
{
  name: "ResolveMessage",
  position: null,
  message: "Cannot find module 'D:\\miau\\apps\\efors-admin\\api\\doctype\\einvoice_classification.ts' from 'D:\\miau\\apps\\efors-admin\\dist\\apps\\server\\server.mjs'",
  level: "error",
  specifier: "D:\\miau\\apps\\efors-admin\\api\\doctype\\einvoice_classification.ts",
  importKind: "import-statement",
  referrer: "D:\\miau\\apps\\efors-admin\\dist\\apps\\server\\server.mjs"
}
2025-12-09 02:51:33 [error]: [500]Error loading document type [einvoice_classification]
2025-12-09 02:51:33 [error]:
Error loading document type:
{
  name: "ResolveMessage",
  position: null,
  message: "Cannot find module 'D:\\miau\\apps\\efors-admin\\api\\doctype\\einvoice_item_uom.ts' from 'D:\\miau\\apps\\efors-admin\\dist\\apps\\server\\server.mjs'",
  level: "error",
  specifier: "D:\\miau\\apps\\efors-admin\\api\\doctype\\einvoice_item_uom.ts",
  importKind: "import-statement",
  referrer: "D:\\miau\\apps\\efors-admin\\dist\\apps\\server\\server.mjs"
}
2025-12-09 02:51:33 [error]: [500]Error loading document type [einvoice_item_uom]
2025-12-14 23:56:20 [error]: [401]Authorization token is expired.
2025-12-14 23:56:37 [error]:
Error loading document type:
{
  name: "ResolveMessage",
  position: null,
  message: "Cannot find module 'D:\\miau\\apps\\efors-admin\\api\\doctype\\einvoice_id_type.ts' from 'D:\\miau\\apps\\efors-admin\\dist\\apps\\server\\server.mjs'",
  level: "error",
  specifier: "D:\\miau\\apps\\efors-admin\\api\\doctype\\einvoice_id_type.ts",
  importKind: "import-statement",
  referrer: "D:\\miau\\apps\\efors-admin\\dist\\apps\\server\\server.mjs"
}
2025-12-14 23:56:37 [error]: [500]Error loading document type [einvoice_id_type]
2025-12-14 23:56:37 [error]:
Error loading document type:
{
  name: "ResolveMessage",
  position: null,
  message: "Cannot find module 'D:\\miau\\apps\\efors-admin\\api\\doctype\\einvoice_misc.ts' from 'D:\\miau\\apps\\efors-admin\\dist\\apps\\server\\server.mjs'",
  level: "error",
  specifier: "D:\\miau\\apps\\efors-admin\\api\\doctype\\einvoice_misc.ts",
  importKind: "import-statement",
  referrer: "D:\\miau\\apps\\efors-admin\\dist\\apps\\server\\server.mjs"
}
2025-12-14 23:56:37 [error]: [500]Error loading document type [einvoice_misc]
2025-12-14 23:56:38 [error]:
Error loading document type:
{
  name: "ResolveMessage",
  position: null,
  message: "Cannot find module 'D:\\miau\\apps\\efors-admin\\api\\doctype\\state.ts' from 'D:\\miau\\apps\\efors-admin\\dist\\apps\\server\\server.mjs'",
  level: "error",
  specifier: "D:\\miau\\apps\\efors-admin\\api\\doctype\\state.ts",
  importKind: "import-statement",
  referrer: "D:\\miau\\apps\\efors-admin\\dist\\apps\\server\\server.mjs"
}
2025-12-14 23:56:38 [error]: [500]Error loading document type [state]
2025-12-14 23:56:38 [error]:
Error loading document type:
{
  name: "ResolveMessage",
  position: null,
  message: "Cannot find module 'D:\\miau\\apps\\efors-admin\\api\\doctype\\country.ts' from 'D:\\miau\\apps\\efors-admin\\dist\\apps\\server\\server.mjs'",
  level: "error",
  specifier: "D:\\miau\\apps\\efors-admin\\api\\doctype\\country.ts",
  importKind: "import-statement",
  referrer: "D:\\miau\\apps\\efors-admin\\dist\\apps\\server\\server.mjs"
}
2025-12-14 23:56:38 [error]: [500]Error loading document type [country]
2025-12-14 23:56:38 [error]:
Error loading document type:
{
  name: "ResolveMessage",
  position: null,
  message: "Cannot find module 'D:\\miau\\apps\\efors-admin\\api\\doctype\\einvoice_taxable_type.ts' from 'D:\\miau\\apps\\efors-admin\\dist\\apps\\server\\server.mjs'",
  level: "error",
  specifier: "D:\\miau\\apps\\efors-admin\\api\\doctype\\einvoice_taxable_type.ts",
  importKind: "import-statement",
  referrer: "D:\\miau\\apps\\efors-admin\\dist\\apps\\server\\server.mjs"
}
2025-12-14 23:56:38 [error]: [500]Error loading document type [einvoice_taxable_type]
2025-12-14 23:56:38 [error]:
Error loading document type:
{
  name: "ResolveMessage",
  position: null,
  message: "Cannot find module 'D:\\miau\\apps\\efors-admin\\api\\doctype\\einvoice_classification.ts' from 'D:\\miau\\apps\\efors-admin\\dist\\apps\\server\\server.mjs'",
  level: "error",
  specifier: "D:\\miau\\apps\\efors-admin\\api\\doctype\\einvoice_classification.ts",
  importKind: "import-statement",
  referrer: "D:\\miau\\apps\\efors-admin\\dist\\apps\\server\\server.mjs"
}
2025-12-14 23:56:38 [error]: [500]Error loading document type [einvoice_classification]
2025-12-14 23:56:38 [error]:
Error loading document type:
{
  name: "ResolveMessage",
  position: null,
  message: "Cannot find module 'D:\\miau\\apps\\efors-admin\\api\\doctype\\einvoice_item_uom.ts' from 'D:\\miau\\apps\\efors-admin\\dist\\apps\\server\\server.mjs'",
  level: "error",
  specifier: "D:\\miau\\apps\\efors-admin\\api\\doctype\\einvoice_item_uom.ts",
  importKind: "import-statement",
  referrer: "D:\\miau\\apps\\efors-admin\\dist\\apps\\server\\server.mjs"
}
2025-12-14 23:56:38 [error]: [500]Error loading document type [einvoice_item_uom]
2025-12-14 23:56:40 [error]:
Error loading document type:
{
  name: "ResolveMessage",
  position: null,
  message: "Cannot find module 'D:\\miau\\apps\\efors-admin\\api\\doctype\\einvoice_id_type.ts' from 'D:\\miau\\apps\\efors-admin\\dist\\apps\\server\\server.mjs'",
  level: "error",
  specifier: "D:\\miau\\apps\\efors-admin\\api\\doctype\\einvoice_id_type.ts",
  importKind: "import-statement",
  referrer: "D:\\miau\\apps\\efors-admin\\dist\\apps\\server\\server.mjs"
}
2025-12-14 23:56:40 [error]: [500]Error loading document type [einvoice_id_type]
2025-12-14 23:56:40 [error]:
Error loading document type:
{
  name: "ResolveMessage",
  position: null,
  message: "Cannot find module 'D:\\miau\\apps\\efors-admin\\api\\doctype\\einvoice_misc.ts' from 'D:\\miau\\apps\\efors-admin\\dist\\apps\\server\\server.mjs'",
  level: "error",
  specifier: "D:\\miau\\apps\\efors-admin\\api\\doctype\\einvoice_misc.ts",
  importKind: "import-statement",
  referrer: "D:\\miau\\apps\\efors-admin\\dist\\apps\\server\\server.mjs"
}
2025-12-14 23:56:40 [error]: [500]Error loading document type [einvoice_misc]
2025-12-14 23:56:40 [error]:
Error loading document type:
{
  name: "ResolveMessage",
  position: null,
  message: "Cannot find module 'D:\\miau\\apps\\efors-admin\\api\\doctype\\state.ts' from 'D:\\miau\\apps\\efors-admin\\dist\\apps\\server\\server.mjs'",
  level: "error",
  specifier: "D:\\miau\\apps\\efors-admin\\api\\doctype\\state.ts",
  importKind: "import-statement",
  referrer: "D:\\miau\\apps\\efors-admin\\dist\\apps\\server\\server.mjs"
}
2025-12-14 23:56:40 [error]: [500]Error loading document type [state]
2025-12-14 23:56:40 [error]:
Error loading document type:
{
  name: "ResolveMessage",
  position: null,
  message: "Cannot find module 'D:\\miau\\apps\\efors-admin\\api\\doctype\\country.ts' from 'D:\\miau\\apps\\efors-admin\\dist\\apps\\server\\server.mjs'",
  level: "error",
  specifier: "D:\\miau\\apps\\efors-admin\\api\\doctype\\country.ts",
  importKind: "import-statement",
  referrer: "D:\\miau\\apps\\efors-admin\\dist\\apps\\server\\server.mjs"
}
2025-12-14 23:56:40 [error]: [500]Error loading document type [country]
2025-12-14 23:56:40 [error]:
Error loading document type:
{
  name: "ResolveMessage",
  position: null,
  message: "Cannot find module 'D:\\miau\\apps\\efors-admin\\api\\doctype\\einvoice_taxable_type.ts' from 'D:\\miau\\apps\\efors-admin\\dist\\apps\\server\\server.mjs'",
  level: "error",
  specifier: "D:\\miau\\apps\\efors-admin\\api\\doctype\\einvoice_taxable_type.ts",
  importKind: "import-statement",
  referrer: "D:\\miau\\apps\\efors-admin\\dist\\apps\\server\\server.mjs"
}
2025-12-14 23:56:40 [error]: [500]Error loading document type [einvoice_taxable_type]
2025-12-14 23:56:40 [error]:
Error loading document type:
{
  name: "ResolveMessage",
  position: null,
  message: "Cannot find module 'D:\\miau\\apps\\efors-admin\\api\\doctype\\einvoice_classification.ts' from 'D:\\miau\\apps\\efors-admin\\dist\\apps\\server\\server.mjs'",
  level: "error",
  specifier: "D:\\miau\\apps\\efors-admin\\api\\doctype\\einvoice_classification.ts",
  importKind: "import-statement",
  referrer: "D:\\miau\\apps\\efors-admin\\dist\\apps\\server\\server.mjs"
}
2025-12-14 23:56:40 [error]: [500]Error loading document type [einvoice_classification]
2025-12-14 23:56:40 [error]:
Error loading document type:
{
  name: "ResolveMessage",
  position: null,
  message: "Cannot find module 'D:\\miau\\apps\\efors-admin\\api\\doctype\\einvoice_item_uom.ts' from 'D:\\miau\\apps\\efors-admin\\dist\\apps\\server\\server.mjs'",
  level: "error",
  specifier: "D:\\miau\\apps\\efors-admin\\api\\doctype\\einvoice_item_uom.ts",
  importKind: "import-statement",
  referrer: "D:\\miau\\apps\\efors-admin\\dist\\apps\\server\\server.mjs"
}
2025-12-14 23:56:40 [error]: [500]Error loading document type [einvoice_item_uom]
2025-12-14 23:56:52 [error]:
Error loading document type:
{
  name: "ResolveMessage",
  position: null,
  message: "Cannot find module 'D:\\miau\\apps\\efors-admin\\api\\doctype\\einvoice_id_type.ts' from 'D:\\miau\\apps\\efors-admin\\dist\\apps\\server\\server.mjs'",
  level: "error",
  specifier: "D:\\miau\\apps\\efors-admin\\api\\doctype\\einvoice_id_type.ts",
  importKind: "import-statement",
  referrer: "D:\\miau\\apps\\efors-admin\\dist\\apps\\server\\server.mjs"
}
2025-12-14 23:56:52 [error]: [500]Error loading document type [einvoice_id_type]
2025-12-14 23:56:52 [error]:
Error loading document type:
{
  name: "ResolveMessage",
  position: null,
  message: "Cannot find module 'D:\\miau\\apps\\efors-admin\\api\\doctype\\einvoice_misc.ts' from 'D:\\miau\\apps\\efors-admin\\dist\\apps\\server\\server.mjs'",
  level: "error",
  specifier: "D:\\miau\\apps\\efors-admin\\api\\doctype\\einvoice_misc.ts",
  importKind: "import-statement",
  referrer: "D:\\miau\\apps\\efors-admin\\dist\\apps\\server\\server.mjs"
}
2025-12-14 23:56:52 [error]: [500]Error loading document type [einvoice_misc]
2025-12-14 23:56:52 [error]:
Error loading document type:
{
  name: "ResolveMessage",
  position: null,
  message: "Cannot find module 'D:\\miau\\apps\\efors-admin\\api\\doctype\\state.ts' from 'D:\\miau\\apps\\efors-admin\\dist\\apps\\server\\server.mjs'",
  level: "error",
  specifier: "D:\\miau\\apps\\efors-admin\\api\\doctype\\state.ts",
  importKind: "import-statement",
  referrer: "D:\\miau\\apps\\efors-admin\\dist\\apps\\server\\server.mjs"
}
2025-12-14 23:56:52 [error]: [500]Error loading document type [state]
2025-12-14 23:56:52 [error]:
Error loading document type:
{
  name: "ResolveMessage",
  position: null,
  message: "Cannot find module 'D:\\miau\\apps\\efors-admin\\api\\doctype\\country.ts' from 'D:\\miau\\apps\\efors-admin\\dist\\apps\\server\\server.mjs'",
  level: "error",
  specifier: "D:\\miau\\apps\\efors-admin\\api\\doctype\\country.ts",
  importKind: "import-statement",
  referrer: "D:\\miau\\apps\\efors-admin\\dist\\apps\\server\\server.mjs"
}
2025-12-14 23:56:52 [error]: [500]Error loading document type [country]
2025-12-14 23:56:52 [error]:
Error loading document type:
{
  name: "ResolveMessage",
  position: null,
  message: "Cannot find module 'D:\\miau\\apps\\efors-admin\\api\\doctype\\einvoice_taxable_type.ts' from 'D:\\miau\\apps\\efors-admin\\dist\\apps\\server\\server.mjs'",
  level: "error",
  specifier: "D:\\miau\\apps\\efors-admin\\api\\doctype\\einvoice_taxable_type.ts",
  importKind: "import-statement",
  referrer: "D:\\miau\\apps\\efors-admin\\dist\\apps\\server\\server.mjs"
}
2025-12-14 23:56:52 [error]: [500]Error loading document type [einvoice_taxable_type]
2025-12-14 23:56:52 [error]:
Error loading document type:
{
  name: "ResolveMessage",
  position: null,
  message: "Cannot find module 'D:\\miau\\apps\\efors-admin\\api\\doctype\\einvoice_classification.ts' from 'D:\\miau\\apps\\efors-admin\\dist\\apps\\server\\server.mjs'",
  level: "error",
  specifier: "D:\\miau\\apps\\efors-admin\\api\\doctype\\einvoice_classification.ts",
  importKind: "import-statement",
  referrer: "D:\\miau\\apps\\efors-admin\\dist\\apps\\server\\server.mjs"
}
2025-12-14 23:56:52 [error]: [500]Error loading document type [einvoice_classification]
2025-12-14 23:56:52 [error]:
Error loading document type:
{
  name: "ResolveMessage",
  position: null,
  message: "Cannot find module 'D:\\miau\\apps\\efors-admin\\api\\doctype\\einvoice_item_uom.ts' from 'D:\\miau\\apps\\efors-admin\\dist\\apps\\server\\server.mjs'",
  level: "error",
  specifier: "D:\\miau\\apps\\efors-admin\\api\\doctype\\einvoice_item_uom.ts",
  importKind: "import-statement",
  referrer: "D:\\miau\\apps\\efors-admin\\dist\\apps\\server\\server.mjs"
}
2025-12-14 23:56:52 [error]: [500]Error loading document type [einvoice_item_uom]
2025-12-14 23:57:02 [error]:
Error loading document type:
{
  name: "ResolveMessage",
  position: null,
  message: "Cannot find module 'D:\\miau\\apps\\efors-admin\\api\\doctype\\einvoice_item_uom.ts' from 'D:\\miau\\apps\\efors-admin\\dist\\apps\\server\\server.mjs'",
  level: "error",
  specifier: "D:\\miau\\apps\\efors-admin\\api\\doctype\\einvoice_item_uom.ts",
  importKind: "import-statement",
  referrer: "D:\\miau\\apps\\efors-admin\\dist\\apps\\server\\server.mjs"
}
2025-12-14 23:57:02 [error]: [500]Error loading document type [einvoice_item_uom]
2025-12-14 23:57:02 [error]:
Error loading document type:
{
  name: "ResolveMessage",
  position: null,
  message: "Cannot find module 'D:\\miau\\apps\\efors-admin\\api\\doctype\\einvoice_classification.ts' from 'D:\\miau\\apps\\efors-admin\\dist\\apps\\server\\server.mjs'",
  level: "error",
  specifier: "D:\\miau\\apps\\efors-admin\\api\\doctype\\einvoice_classification.ts",
  importKind: "import-statement",
  referrer: "D:\\miau\\apps\\efors-admin\\dist\\apps\\server\\server.mjs"
}
2025-12-14 23:57:02 [error]: [500]Error loading document type [einvoice_classification]
2025-12-14 23:57:04 [error]:
Error loading document type:
{
  name: "ResolveMessage",
  position: null,
  message: "Cannot find module 'D:\\miau\\apps\\efors-admin\\api\\doctype\\einvoice_item_uom.ts' from 'D:\\miau\\apps\\efors-admin\\dist\\apps\\server\\server.mjs'",
  level: "error",
  specifier: "D:\\miau\\apps\\efors-admin\\api\\doctype\\einvoice_item_uom.ts",
  importKind: "import-statement",
  referrer: "D:\\miau\\apps\\efors-admin\\dist\\apps\\server\\server.mjs"
}
2025-12-14 23:57:04 [error]: [500]Error loading document type [einvoice_item_uom]
2025-12-14 23:57:04 [error]:
Error loading document type:
{
  name: "ResolveMessage",
  position: null,
  message: "Cannot find module 'D:\\miau\\apps\\efors-admin\\api\\doctype\\einvoice_classification.ts' from 'D:\\miau\\apps\\efors-admin\\dist\\apps\\server\\server.mjs'",
  level: "error",
  specifier: "D:\\miau\\apps\\efors-admin\\api\\doctype\\einvoice_classification.ts",
  importKind: "import-statement",
  referrer: "D:\\miau\\apps\\efors-admin\\dist\\apps\\server\\server.mjs"
}
2025-12-14 23:57:04 [error]: [500]Error loading document type [einvoice_classification]
