2026-01-31 00:36:48 [error]: [401]Authorization token is expired.
2026-01-31 00:36:48 [error]:
Error loading document type:
{
  name: "ResolveMessage",
  position: null,
  message: "Cannot find module 'D:\\miau\\apps\\efors-admin\\api\\doctype\\branch.ts' from 'D:\\miau\\apps\\efors-admin\\dist\\apps\\server\\server.mjs'",
  level: "error",
  specifier: "D:\\miau\\apps\\efors-admin\\api\\doctype\\branch.ts",
  importKind: "import-statement",
  referrer: "D:\\miau\\apps\\efors-admin\\dist\\apps\\server\\server.mjs"
}
2026-01-31 00:36:48 [error]: [500]Error loading document type [branch]
2026-01-31 00:36:48 [error]:
Error loading document type:
{
  name: "ResolveMessage",
  position: null,
  message: "Cannot find module 'D:\\miau\\apps\\efors-admin\\api\\doctype\\branch.ts' from 'D:\\miau\\apps\\efors-admin\\dist\\apps\\server\\server.mjs'",
  level: "error",
  specifier: "D:\\miau\\apps\\efors-admin\\api\\doctype\\branch.ts",
  importKind: "import-statement",
  referrer: "D:\\miau\\apps\\efors-admin\\dist\\apps\\server\\server.mjs"
}
2026-01-31 00:36:48 [error]: [500]Error loading document type [branch]
2026-01-31 00:36:48 [error]:
Error loading document type:
{
  message: "Error loading document type [branch]",
  status: 500,
  code: "SEVER_ERROR"
}
2026-01-31 00:36:48 [error]: [500]Error loading document type [user_access_branch]
2026-01-31 00:36:48 [error]:
Error loading document type:
{
  message: "Error loading document type [user_access_branch]",
  status: 500,
  code: "SEVER_ERROR"
}
2026-01-31 00:36:48 [error]: [500]Error loading document type [user]
2026-02-07 01:52:03 [error]: [401]Invalid password!
2026-02-07 01:53:15 [error]: [500]Table field does not exists:[name]
2026-02-07 01:53:15 [error]:
Error loading document type:
{
  message: "Table field does not exists:[name]",
  status: 500,
  code: "TABLE_FIELD_NOT_EXISTS"
}
2026-02-07 01:53:15 [error]: [500]Error loading document type [user_access_branch]
2026-02-07 01:53:15 [error]:
Error loading document type:
{
  message: "Error loading document type [user_access_branch]",
  status: 500,
  code: "SEVER_ERROR"
}
2026-02-07 01:53:15 [error]: [500]Error loading document type [user]
2026-02-07 01:54:30 [error]: [500]Error loadingconfig [workspace-nav/system-account]
2026-02-07 01:54:33 [error]: [500]Table field does not exists:[name]
2026-02-07 01:54:33 [error]:
Error loading document type:
{
  message: "Table field does not exists:[name]",
  status: 500,
  code: "TABLE_FIELD_NOT_EXISTS"
}
2026-02-07 01:54:33 [error]: [500]Error loading document type [user_access_branch]
2026-02-07 01:54:33 [error]:
Error loading document type:
{
  message: "Error loading document type [user_access_branch]",
  status: 500,
  code: "SEVER_ERROR"
}
2026-02-07 01:54:33 [error]: [500]Error loading document type [user]
2026-02-07 01:55:19 [error]: [500]Error loadingconfig [workspace-nav/system-account]
2026-02-07 01:55:29 [error]: [500]Table field does not exists:[name]
2026-02-07 01:55:29 [error]:
Error loading document type:
{
  message: "Table field does not exists:[name]",
  status: 500,
  code: "TABLE_FIELD_NOT_EXISTS"
}
2026-02-07 01:55:29 [error]: [500]Error loading document type [user_access_branch]
2026-02-07 01:55:29 [error]:
Error loading document type:
{
  message: "Error loading document type [user_access_branch]",
  status: 500,
  code: "SEVER_ERROR"
}
2026-02-07 01:55:29 [error]: [500]Error loading document type [user]
2026-02-07 02:00:12 [error]:
Error loading document type:
{
  message: "Unknown column 't.branchName' in 'field list'",
  code: "ER_BAD_FIELD_ERROR",
  errno: 1054,
  sql: "SELECT t.branchName,t.id FROM eforsdb.branch AS t WHERE ( isDeleted = 0 or isDeleted is null )  ORDER BY createdDate DESC LIMIT 50 OFFSET 0",
  sqlState: "42S22",
  sqlMessage: "Unknown column 't.branchName' in 'field list'"
}
2026-02-07 02:00:12 [error]: [500]Error loading document type [user_access_branch]
2026-02-07 02:00:12 [error]:
Error loading document type:
{
  message: "Error loading document type [user_access_branch]",
  status: 500,
  code: "SEVER_ERROR"
}
2026-02-07 02:00:12 [error]: [500]Error loading document type [user]
2026-02-07 02:00:15 [error]:
Error loading document type:
{
  message: "Unknown column 't.branchName' in 'field list'",
  code: "ER_BAD_FIELD_ERROR",
  errno: 1054,
  sql: "SELECT t.branchName,t.id FROM eforsdb.branch AS t WHERE ( isDeleted = 0 or isDeleted is null )  ORDER BY createdDate DESC LIMIT 50 OFFSET 0",
  sqlState: "42S22",
  sqlMessage: "Unknown column 't.branchName' in 'field list'"
}
2026-02-07 02:00:15 [error]: [500]Error loading document type [user_access_branch]
2026-02-07 02:00:15 [error]:
Error loading document type:
{
  message: "Error loading document type [user_access_branch]",
  status: 500,
  code: "SEVER_ERROR"
}
2026-02-07 02:00:15 [error]: [500]Error loading document type [user]
2026-02-07 02:00:20 [error]:
Error loading document type:
{
  message: "Unknown column 't.branchName' in 'field list'",
  code: "ER_BAD_FIELD_ERROR",
  errno: 1054,
  sql: "SELECT t.branchName,t.id FROM eforsdb.branch AS t WHERE ( isDeleted = 0 or isDeleted is null )  ORDER BY createdDate DESC LIMIT 50 OFFSET 0",
  sqlState: "42S22",
  sqlMessage: "Unknown column 't.branchName' in 'field list'"
}
2026-02-07 02:00:20 [error]: [500]Error loading document type [user_access_branch]
2026-02-07 02:00:20 [error]:
Error loading document type:
{
  message: "Error loading document type [user_access_branch]",
  status: 500,
  code: "SEVER_ERROR"
}
2026-02-07 02:00:20 [error]: [500]Error loading document type [user]
2026-02-07 02:00:32 [error]:
Error loading document type:
{
  message: "Unknown column 't.branchName' in 'field list'",
  code: "ER_BAD_FIELD_ERROR",
  errno: 1054,
  sql: "SELECT t.branchName,t.id FROM eforsdb.branch AS t WHERE ( isDeleted = 0 or isDeleted is null )  ORDER BY createdDate DESC LIMIT 50 OFFSET 0",
  sqlState: "42S22",
  sqlMessage: "Unknown column 't.branchName' in 'field list'"
}
2026-02-07 02:00:32 [error]: [500]Error loading document type [user_access_branch]
2026-02-07 02:00:32 [error]:
Error loading document type:
{
  message: "Error loading document type [user_access_branch]",
  status: 500,
  code: "SEVER_ERROR"
}
2026-02-07 02:00:32 [error]: [500]Error loading document type [user]
2026-02-07 02:05:43 [error]:
Error loading document type:
{
  name: "ResolveMessage",
  position: null,
  message: "Cannot find module 'D:\\miau\\apps\\efors-admin\\api\\doctype\\company.ts' from 'D:\\miau\\apps\\efors-admin\\dist\\apps\\server\\server.mjs'",
  level: "error",
  specifier: "D:\\miau\\apps\\efors-admin\\api\\doctype\\company.ts",
  importKind: "import-statement",
  referrer: "D:\\miau\\apps\\efors-admin\\dist\\apps\\server\\server.mjs"
}
2026-02-07 02:05:43 [error]: [500]Error loading document type [company]
2026-02-07 02:35:49 [error]: [500]Error loadingconfig [workspace-nav/system-account]
2026-02-07 02:35:51 [error]:
Error loading document type:
{}
2026-02-07 02:35:51 [error]: [500]Error loading document type [user_access_branch]
2026-02-07 02:35:51 [error]:
Error loading document type:
{
  message: "Error loading document type [user_access_branch]",
  status: 500,
  code: "SEVER_ERROR"
}
2026-02-07 02:35:51 [error]: [500]Error loading document type [user]
2026-02-07 02:41:07 [error]:
Error loading document type:
{
  name: "ResolveMessage",
  position: null,
  message: "Cannot find module 'D:\\miau\\apps\\efors-admin\\api\\doctype\\company.ts' from 'D:\\miau\\apps\\efors-admin\\dist\\apps\\server\\server.mjs'",
  level: "error",
  specifier: "D:\\miau\\apps\\efors-admin\\api\\doctype\\company.ts",
  importKind: "import-statement",
  referrer: "D:\\miau\\apps\\efors-admin\\dist\\apps\\server\\server.mjs"
}
2026-02-07 02:41:07 [error]: [500]Error loading document type [company]
2026-02-07 02:42:08 [error]:
Error loading document type:
{
  name: "ResolveMessage",
  position: null,
  message: "Cannot find module 'D:\\miau\\apps\\efors-admin\\api\\doctype\\company.ts' from 'D:\\miau\\apps\\efors-admin\\dist\\apps\\server\\server.mjs'",
  level: "error",
  specifier: "D:\\miau\\apps\\efors-admin\\api\\doctype\\company.ts",
  importKind: "import-statement",
  referrer: "D:\\miau\\apps\\efors-admin\\dist\\apps\\server\\server.mjs"
}
2026-02-07 02:42:08 [error]: [500]Error loading document type [company]
